2026-02-12 00:11:11,190 | INFO | ============================================================
2026-02-12 00:11:11,191 | INFO | [INFO] -- Experiment Configs --
2026-02-12 00:11:11,191 | INFO |        1. data & task
2026-02-12 00:11:11,191 | INFO |           dataset:      cifar10
2026-02-12 00:11:11,191 | INFO |           n_tasks:      2
2026-02-12 00:11:11,191 | INFO |           # class/task: 2
2026-02-12 00:11:11,191 | INFO |        2. training
2026-02-12 00:11:11,191 | INFO |           lr:           0.0100
2026-02-12 00:11:11,191 | INFO |        3. model
2026-02-12 00:11:11,191 | INFO |           method:       pall_original (original)
2026-02-12 00:11:11,191 | INFO |           architecture: subnet_resnet18
2026-02-12 00:11:11,191 | INFO |           norm params:  False
2026-02-12 00:11:11,191 | INFO |           device:       mps
2026-02-12 00:11:11,191 | INFO |           deterministic:True
2026-02-12 00:11:11,191 | INFO |           run_dir:      runs/cifar10/T2_F1/pall_original/seed_1/20260212_001111
2026-02-12 00:11:11,191 | INFO | ============================================================
2026-02-12 00:11:12,058 | INFO | [INFO] finish processing data
2026-02-12 00:11:12,059 | INFO | [INFO] processing user requests: [(0, 'T', [0]), (0, 'F', []), (1, 'T', [1])]
2026-02-12 00:11:12,138 | INFO | ============================================================
2026-02-12 00:11:12,138 | INFO | [INFO] Training Task 0 ...
2026-02-12 00:12:15,018 | INFO | ============================================================
2026-02-12 00:12:15,019 | INFO | [INFO] Forgetting Task 0 ...
2026-02-12 00:12:18,810 | INFO | [INFO] overlap: |S_t|=2232887 |S_share|=0 |S_share_crit|=0 ratios: share=0.0000 crit=0.0000
2026-02-12 00:12:18,810 | INFO | [INFO] unlearning timing: t_reset=0.0007s t_retrain=0.0000s updated_params=0
2026-02-12 00:12:18,810 | INFO | ============================================================
2026-02-12 00:12:18,810 | INFO | [INFO] Training Task 1 ...
2026-02-12 00:13:20,232 | INFO | [INFO] wrote overlap matrix to runs/cifar10/T2_F1/pall_original/seed_1/20260212_001111/overlap.csv
