2026-02-11 02:50:44,413 | INFO | ============================================================
2026-02-11 02:50:44,413 | INFO | [INFO] -- Experiment Configs --
2026-02-11 02:50:44,414 | INFO |        1. data & task
2026-02-11 02:50:44,414 | INFO |           dataset:      cifar10
2026-02-11 02:50:44,414 | INFO |           n_tasks:      2
2026-02-11 02:50:44,414 | INFO |           # class/task: 2
2026-02-11 02:50:44,414 | INFO |        2. training
2026-02-11 02:50:44,414 | INFO |           lr:           0.0100
2026-02-11 02:50:44,414 | INFO |        3. model
2026-02-11 02:50:44,414 | INFO |           method:       pall_modified (modified)
2026-02-11 02:50:44,414 | INFO |           architecture: subnet_resnet18
2026-02-11 02:50:44,414 | INFO |           norm params:  False
2026-02-11 02:50:44,414 | INFO |           device:       mps
2026-02-11 02:50:44,414 | INFO |           deterministic:True
2026-02-11 02:50:44,414 | INFO |           run_dir:      runs/cifar10/T2_F1/pall_modified/seed_0/20260211_025044
2026-02-11 02:50:44,414 | INFO | ============================================================
2026-02-11 02:50:45,257 | INFO | [INFO] finish processing data
2026-02-11 02:50:45,258 | INFO | [INFO] processing user requests: [(0, 'T', [0]), (1, 'T', [0, 1]), (1, 'F', [0])]
2026-02-11 02:50:45,332 | INFO | ============================================================
2026-02-11 02:50:45,332 | INFO | [INFO] Training Task 0 ...
2026-02-11 02:51:24,255 | INFO | ============================================================
2026-02-11 02:51:24,255 | INFO | [INFO] Training Task 1 ...
2026-02-11 02:53:42,563 | INFO | ============================================================
2026-02-11 02:53:42,564 | INFO | [INFO] Forgetting Task 1 ...
2026-02-11 02:53:46,577 | INFO | [INFO] overlap: |S_t|=2232887 |S_share|=446101 |S_share_crit|=446101 ratios: share=0.1998 crit=1.0000
2026-02-11 02:53:46,577 | INFO | [INFO] unlearning timing: t_reset=0.0019s t_retrain=0.0000s updated_params=0
2026-02-11 02:53:46,655 | INFO | [INFO] wrote overlap matrix to runs/cifar10/T2_F1/pall_modified/seed_0/20260211_025044/overlap.csv
