2026-04-23 17:29:54,051 | INFO | ============================================================
2026-04-23 17:29:54,051 | INFO | [INFO] -- Experiment Configs --
2026-04-23 17:29:54,051 | INFO |        1. data & task
2026-04-23 17:29:54,051 | INFO |           dataset:      cifar100
2026-04-23 17:29:54,051 | INFO |           n_tasks:      10
2026-04-23 17:29:54,051 | INFO |           # class/task: 5
2026-04-23 17:29:54,051 | INFO |        2. training
2026-04-23 17:29:54,051 | INFO |           lr:           0.0100
2026-04-23 17:29:54,051 | INFO |        3. model
2026-04-23 17:29:54,051 | INFO |           method:       pall_modified (modified)
2026-04-23 17:29:54,051 | INFO |           architecture: subnet_resnet18
2026-04-23 17:29:54,051 | INFO |           norm params:  False
2026-04-23 17:29:54,051 | INFO |           device:       mps
2026-04-23 17:29:54,051 | INFO |           host_os:      macOS
2026-04-23 17:29:54,051 | INFO |           dataloader:   num_workers=0 pin_memory=False persistent_workers=False
2026-04-23 17:29:54,051 | INFO |           placement:    batches move in-loop via x.to(mps), y.to(mps)
2026-04-23 17:29:54,051 | INFO |           deterministic:False
2026-04-23 17:29:54,051 | INFO |           run_dir:      runs/cifar100/T10_F3/pall_modified/seed_0/20260423_172954
2026-04-23 17:29:54,051 | INFO | ============================================================
2026-04-23 17:29:54,901 | INFO | [INFO] finish processing data in 0.85s
2026-04-23 17:29:54,901 | INFO | [INFO] request schedule source: file file: /Users/fateme/Documents/Uni/project/my thesis/code/Overlap-Aware-Selective-Forgetting-/schedules/cifar100_t10_f3_seed0.json
2026-04-23 17:29:54,902 | INFO | [INFO] processing user requests: [(0, 'T', [0]), (1, 'T', [0, 1]), (2, 'T', [0, 1, 2]), (3, 'T', [0, 1, 2, 3]), (4, 'T', [0, 1, 2, 3, 4]), (5, 'T', [0, 1, 2, 3, 4, 5]), (6, 'T', [0, 1, 2, 3, 4, 5, 6]), (0, 'F', [1, 2, 3, 4, 5, 6]), (7, 'T', [1, 2, 3, 4, 5, 6, 7]), (8, 'T', [1, 2, 3, 4, 5, 6, 7, 8]), (6, 'F', [1, 2, 3, 4, 5, 7, 8]), (9, 'T', [1, 2, 3, 4, 5, 7, 8, 9]), (7, 'F', [1, 2, 3, 4, 5, 8, 9])]
2026-04-23 17:29:54,971 | INFO | [INFO] model initialized on mps in 0.07s
2026-04-23 17:29:54,971 | INFO | ============================================================
2026-04-23 17:29:54,971 | INFO | [INFO] Training Task 0 ...
2026-04-23 17:29:54,971 | INFO | [INFO] task training start: task=0
2026-04-23 17:30:01,536 | INFO | [INFO] task training end: task=0 elapsed=6.56s
2026-04-23 17:30:03,336 | INFO | ============================================================
2026-04-23 17:30:03,337 | INFO | [INFO] Training Task 1 ...
2026-04-23 17:30:03,337 | INFO | [INFO] task training start: task=1
2026-04-23 17:30:11,506 | INFO | [INFO] task training end: task=1 elapsed=8.17s
2026-04-23 17:30:13,185 | INFO | ============================================================
2026-04-23 17:30:13,185 | INFO | [INFO] Training Task 2 ...
2026-04-23 17:30:13,185 | INFO | [INFO] task training start: task=2
2026-04-23 17:30:21,538 | INFO | [INFO] task training end: task=2 elapsed=8.35s
2026-04-23 17:30:23,179 | INFO | ============================================================
2026-04-23 17:30:23,179 | INFO | [INFO] Training Task 3 ...
2026-04-23 17:30:23,179 | INFO | [INFO] task training start: task=3
2026-04-23 17:30:31,589 | INFO | [INFO] task training end: task=3 elapsed=8.41s
2026-04-23 17:30:33,220 | INFO | ============================================================
2026-04-23 17:30:33,221 | INFO | [INFO] Training Task 4 ...
2026-04-23 17:30:33,221 | INFO | [INFO] task training start: task=4
2026-04-23 17:30:41,739 | INFO | [INFO] task training end: task=4 elapsed=8.52s
2026-04-23 17:30:43,411 | INFO | ============================================================
2026-04-23 17:30:43,411 | INFO | [INFO] Training Task 5 ...
2026-04-23 17:30:43,411 | INFO | [INFO] task training start: task=5
2026-04-23 17:30:52,271 | INFO | [INFO] task training end: task=5 elapsed=8.86s
2026-04-23 17:30:53,984 | INFO | ============================================================
2026-04-23 17:30:53,984 | INFO | [INFO] Training Task 6 ...
2026-04-23 17:30:53,984 | INFO | [INFO] task training start: task=6
2026-04-23 17:31:03,054 | INFO | [INFO] task training end: task=6 elapsed=9.07s
2026-04-23 17:31:04,787 | INFO | ============================================================
2026-04-23 17:31:04,788 | INFO | [INFO] Forgetting Task 0 ...
2026-04-23 17:31:06,472 | INFO | [INFO] forgetting start: task=0 remaining_tasks=[1, 2, 3, 4, 5, 6]
2026-04-23 17:31:17,588 | INFO | [INFO] forgetting end: task=0 elapsed=11.12s
2026-04-23 17:31:19,325 | INFO | [INFO] overlap: |S_t|=2234423 |S_share|=1647314 |S_share_crit|=164732 ratios: share=0.7372 crit=0.1000
2026-04-23 17:31:19,325 | INFO | [INFO] unlearning timing: t_reset=0.0014s t_retrain=9.1011s t_forget_total=9.1025s updated_params=1647314
2026-04-23 17:31:19,325 | INFO | [INFO] finetune_diag: {"active_tasks": [1, 2, 3, 4, 5, 6], "deleted_task_id": 0, "num_updated_params": 1647314, "do_finetune": true, "retrain_steps": 50, "retrain_steps_source": "retrain_steps", "retrain_steps_from_cli": true, "allow_zero_retrain": false, "retrain_steps_fallback": null, "buffer_sizes": {"1": 50, "2": 50, "3": 50, "4": 50, "5": 50, "6": 50}}
2026-04-23 17:31:19,326 | INFO | ============================================================
2026-04-23 17:31:19,326 | INFO | [INFO] Training Task 7 ...
2026-04-23 17:31:19,326 | INFO | [INFO] task training start: task=7
2026-04-23 17:31:28,121 | INFO | [INFO] task training end: task=7 elapsed=8.79s
2026-04-23 17:31:29,876 | INFO | ============================================================
2026-04-23 17:31:29,876 | INFO | [INFO] Training Task 8 ...
2026-04-23 17:31:29,876 | INFO | [INFO] task training start: task=8
2026-04-23 17:31:38,876 | INFO | [INFO] task training end: task=8 elapsed=9.00s
2026-04-23 17:31:40,640 | INFO | ============================================================
2026-04-23 17:31:40,640 | INFO | [INFO] Forgetting Task 6 ...
2026-04-23 17:31:42,370 | INFO | [INFO] forgetting start: task=6 remaining_tasks=[1, 2, 3, 4, 5, 7, 8]
2026-04-23 17:31:54,116 | INFO | [INFO] forgetting end: task=6 elapsed=11.75s
2026-04-23 17:31:55,941 | INFO | [INFO] overlap: |S_t|=2234424 |S_share|=1763205 |S_share_crit|=176321 ratios: share=0.7891 crit=0.1000
2026-04-23 17:31:55,941 | INFO | [INFO] unlearning timing: t_reset=0.0014s t_retrain=9.5330s t_forget_total=9.5344s updated_params=1763205
2026-04-23 17:31:55,941 | INFO | [INFO] finetune_diag: {"active_tasks": [1, 2, 3, 4, 5, 7, 8], "deleted_task_id": 6, "num_updated_params": 1763205, "do_finetune": true, "retrain_steps": 50, "retrain_steps_source": "retrain_steps", "retrain_steps_from_cli": true, "allow_zero_retrain": false, "retrain_steps_fallback": null, "buffer_sizes": {"1": 50, "2": 50, "3": 50, "4": 50, "5": 50, "7": 50, "8": 50}}
2026-04-23 17:31:55,941 | INFO | ============================================================
2026-04-23 17:31:55,941 | INFO | [INFO] Training Task 9 ...
2026-04-23 17:31:55,941 | INFO | [INFO] task training start: task=9
2026-04-23 17:32:05,099 | INFO | [INFO] task training end: task=9 elapsed=9.16s
2026-04-23 17:32:06,909 | INFO | ============================================================
2026-04-23 17:32:06,909 | INFO | [INFO] Forgetting Task 7 ...
2026-04-23 17:32:08,662 | INFO | [INFO] forgetting start: task=7 remaining_tasks=[1, 2, 3, 4, 5, 8, 9]
2026-04-23 17:32:20,153 | INFO | [INFO] forgetting end: task=7 elapsed=11.49s
2026-04-23 17:32:21,928 | INFO | [INFO] overlap: |S_t|=2234425 |S_share|=1764150 |S_share_crit|=176415 ratios: share=0.7895 crit=0.1000
2026-04-23 17:32:21,928 | INFO | [INFO] unlearning timing: t_reset=0.0014s t_retrain=9.3486s t_forget_total=9.3500s updated_params=1764150
2026-04-23 17:32:21,928 | INFO | [INFO] finetune_diag: {"active_tasks": [1, 2, 3, 4, 5, 8, 9], "deleted_task_id": 7, "num_updated_params": 1764150, "do_finetune": true, "retrain_steps": 50, "retrain_steps_source": "retrain_steps", "retrain_steps_from_cli": true, "allow_zero_retrain": false, "retrain_steps_fallback": null, "buffer_sizes": {"1": 50, "2": 50, "3": 50, "4": 50, "5": 50, "8": 50, "9": 50}}
2026-04-23 17:32:21,928 | INFO | [INFO] finished processing requests in 146.95s
2026-04-23 17:32:23,272 | INFO | [INFO] wrote overlap matrix to runs/cifar100/T10_F3/pall_modified/seed_0/20260423_172954/overlap.csv
2026-04-23 17:32:23,273 | INFO | [INFO] wrote run report to runs/cifar100/T10_F3/pall_modified/seed_0/20260423_172954/report.md
2026-04-23 17:32:23,274 | INFO | [INFO] total run time: 149.22s
