2026-04-19 14:21:06,959 | INFO | ============================================================
2026-04-19 14:21:06,959 | INFO | [INFO] -- Experiment Configs --
2026-04-19 14:21:06,959 | INFO |        1. data & task
2026-04-19 14:21:06,959 | INFO |           dataset:      cifar10
2026-04-19 14:21:06,959 | INFO |           n_tasks:      5
2026-04-19 14:21:06,959 | INFO |           # class/task: 2
2026-04-19 14:21:06,959 | INFO |        2. training
2026-04-19 14:21:06,959 | INFO |           lr:           0.0100
2026-04-19 14:21:06,959 | INFO |        3. model
2026-04-19 14:21:06,959 | INFO |           method:       pall_original (original)
2026-04-19 14:21:06,959 | INFO |           architecture: subnet_resnet18
2026-04-19 14:21:06,959 | INFO |           norm params:  False
2026-04-19 14:21:06,959 | INFO |           device:       mps
2026-04-19 14:21:06,959 | INFO |           deterministic:True
2026-04-19 14:21:06,959 | INFO |           run_dir:      runs/cifar10/T5_F1/pall_original/seed_0/20260419_142106
2026-04-19 14:21:06,959 | INFO | ============================================================
2026-04-19 14:21:07,831 | INFO | [INFO] finish processing data
2026-04-19 14:21:07,831 | INFO | [INFO] processing user requests: [(0, 'T', [0]), (1, 'T', [0, 1]), (2, 'T', [0, 1, 2]), (3, 'T', [0, 1, 2, 3]), (4, 'T', [0, 1, 2, 3, 4]), (3, 'F', [0, 1, 2, 4])]
2026-04-19 14:21:07,921 | INFO | ============================================================
2026-04-19 14:21:07,921 | INFO | [INFO] Training Task 0 ...
2026-04-19 14:32:27,686 | INFO | ============================================================
2026-04-19 14:32:27,686 | INFO | [INFO] Training Task 1 ...
