2026-02-11 02:43:08,277 | INFO | ============================================================
2026-02-11 02:43:08,277 | INFO | [INFO] -- Experiment Configs --
2026-02-11 02:43:08,277 | INFO |        1. data & task
2026-02-11 02:43:08,277 | INFO |           dataset:      cifar10
2026-02-11 02:43:08,277 | INFO |           n_tasks:      1
2026-02-11 02:43:08,277 | INFO |           # class/task: 2
2026-02-11 02:43:08,277 | INFO |        2. training
2026-02-11 02:43:08,277 | INFO |           lr:           0.0100
2026-02-11 02:43:08,277 | INFO |        3. model
2026-02-11 02:43:08,277 | INFO |           method:       pall_modified (modified)
2026-02-11 02:43:08,277 | INFO |           architecture: subnet_resnet18
2026-02-11 02:43:08,277 | INFO |           norm params:  False
2026-02-11 02:43:08,277 | INFO |           device:       mps
2026-02-11 02:43:08,277 | INFO |           deterministic:True
2026-02-11 02:43:08,277 | INFO |           run_dir:      runs/cifar10/T1_F1/pall_modified/seed_0/20260211_024308
2026-02-11 02:43:08,277 | INFO | ============================================================
2026-02-11 02:43:09,133 | INFO | [INFO] finish processing data
2026-02-11 02:43:09,133 | INFO | [INFO] processing user requests: [(0, 'T', [0]), (0, 'F', [])]
2026-02-11 02:43:09,242 | INFO | ============================================================
2026-02-11 02:43:09,242 | INFO | [INFO] Training Task 0 ...
2026-02-11 02:43:49,177 | INFO | ============================================================
2026-02-11 02:43:49,177 | INFO | [INFO] Forgetting Task 0 ...
2026-02-11 02:43:51,138 | INFO | [INFO] overlap: |S_t|=2232888 |S_share|=0 |S_share_crit|=0 ratios: share=0.0000 crit=0.0000
2026-02-11 02:43:51,138 | INFO | [INFO] unlearning timing: t_reset=0.0007s t_retrain=0.0000s updated_params=0
2026-02-11 02:43:51,139 | INFO | [INFO] Overlap ratio is low (0.0000); modified method should be close to baseline.
2026-02-11 02:43:51,163 | INFO | [INFO] wrote overlap matrix to runs/cifar10/T1_F1/pall_modified/seed_0/20260211_024308/overlap.csv
