2026-04-24 11:39:31,357 | INFO | ============================================================
2026-04-24 11:39:31,357 | INFO | [INFO] -- Experiment Configs --
2026-04-24 11:39:31,357 | INFO |        1. data & task
2026-04-24 11:39:31,357 | INFO |           dataset:      cifar100
2026-04-24 11:39:31,357 | INFO |           n_tasks:      10
2026-04-24 11:39:31,357 | INFO |           # class/task: 5
2026-04-24 11:39:31,357 | INFO |        2. training
2026-04-24 11:39:31,357 | INFO |           lr:           0.0100
2026-04-24 11:39:31,357 | INFO |        3. model
2026-04-24 11:39:31,357 | INFO |           method:       pall_modified (modified)
2026-04-24 11:39:31,357 | INFO |           architecture: subnet_resnet18
2026-04-24 11:39:31,357 | INFO |           norm params:  False
2026-04-24 11:39:31,357 | INFO |           device:       mps
2026-04-24 11:39:31,357 | INFO |           host_os:      macOS
2026-04-24 11:39:31,357 | INFO |           dataloader:   num_workers=0 pin_memory=False persistent_workers=False
2026-04-24 11:39:31,357 | INFO |           placement:    batches move in-loop via x.to(mps), y.to(mps)
2026-04-24 11:39:31,357 | INFO |           deterministic:False
2026-04-24 11:39:31,357 | INFO |           run_dir:      runs/cifar100/T10_F3/pall_modified/seed_0/20260424_113931
2026-04-24 11:39:31,357 | INFO | ============================================================
2026-04-24 11:39:32,218 | INFO | [INFO] finish processing data in 0.86s
2026-04-24 11:39:32,218 | INFO | [INFO] request schedule source: file file: /Users/fateme/Documents/Uni/project/my thesis/code/Overlap-Aware-Selective-Forgetting-/schedules/cifar100_t10_f3_seed0.json
2026-04-24 11:39:32,219 | INFO | [INFO] processing user requests: [(0, 'T', [0]), (1, 'T', [0, 1]), (2, 'T', [0, 1, 2]), (3, 'T', [0, 1, 2, 3]), (4, 'T', [0, 1, 2, 3, 4]), (5, 'T', [0, 1, 2, 3, 4, 5]), (6, 'T', [0, 1, 2, 3, 4, 5, 6]), (0, 'F', [1, 2, 3, 4, 5, 6]), (7, 'T', [1, 2, 3, 4, 5, 6, 7]), (8, 'T', [1, 2, 3, 4, 5, 6, 7, 8]), (6, 'F', [1, 2, 3, 4, 5, 7, 8]), (9, 'T', [1, 2, 3, 4, 5, 7, 8, 9]), (7, 'F', [1, 2, 3, 4, 5, 8, 9])]
2026-04-24 11:39:32,299 | INFO | [INFO] model initialized on mps in 0.08s
2026-04-24 11:39:32,300 | INFO | ============================================================
2026-04-24 11:39:32,300 | INFO | [INFO] Training Task 0 ...
2026-04-24 11:39:32,300 | INFO | [INFO] task training start: task=0
2026-04-24 11:39:38,782 | INFO | [INFO] task training end: task=0 elapsed=6.48s
2026-04-24 11:39:40,489 | INFO | ============================================================
2026-04-24 11:39:40,489 | INFO | [INFO] Training Task 1 ...
2026-04-24 11:39:40,489 | INFO | [INFO] task training start: task=1
2026-04-24 11:39:48,461 | INFO | [INFO] task training end: task=1 elapsed=7.97s
2026-04-24 11:39:50,082 | INFO | ============================================================
2026-04-24 11:39:50,083 | INFO | [INFO] Training Task 2 ...
2026-04-24 11:39:50,083 | INFO | [INFO] task training start: task=2
2026-04-24 11:39:58,128 | INFO | [INFO] task training end: task=2 elapsed=8.05s
2026-04-24 11:39:59,754 | INFO | ============================================================
2026-04-24 11:39:59,754 | INFO | [INFO] Training Task 3 ...
2026-04-24 11:39:59,754 | INFO | [INFO] task training start: task=3
2026-04-24 11:40:08,043 | INFO | [INFO] task training end: task=3 elapsed=8.29s
2026-04-24 11:40:09,674 | INFO | ============================================================
2026-04-24 11:40:09,674 | INFO | [INFO] Training Task 4 ...
2026-04-24 11:40:09,674 | INFO | [INFO] task training start: task=4
2026-04-24 11:40:18,172 | INFO | [INFO] task training end: task=4 elapsed=8.50s
2026-04-24 11:40:19,811 | INFO | ============================================================
2026-04-24 11:40:19,811 | INFO | [INFO] Training Task 5 ...
2026-04-24 11:40:19,811 | INFO | [INFO] task training start: task=5
2026-04-24 11:40:28,607 | INFO | [INFO] task training end: task=5 elapsed=8.80s
2026-04-24 11:40:30,267 | INFO | ============================================================
2026-04-24 11:40:30,267 | INFO | [INFO] Training Task 6 ...
2026-04-24 11:40:30,267 | INFO | [INFO] task training start: task=6
2026-04-24 11:40:39,037 | INFO | [INFO] task training end: task=6 elapsed=8.77s
2026-04-24 11:40:40,713 | INFO | ============================================================
2026-04-24 11:40:40,713 | INFO | [INFO] Forgetting Task 0 ...
2026-04-24 11:40:42,386 | INFO | [INFO] forgetting start: task=0 remaining_tasks=[1, 2, 3, 4, 5, 6]
2026-04-24 11:40:55,204 | INFO | [INFO] forgetting end: task=0 elapsed=12.82s
2026-04-24 11:40:56,964 | INFO | [INFO] overlap: |S_t|=2234423 |S_share|=1647314 |S_share_crit|=329463 ratios: share=0.7372 crit=0.2000
2026-04-24 11:40:56,964 | INFO | [INFO] unlearning timing: t_reset=0.0017s t_retrain=10.8220s t_forget_total=10.8237s updated_params=1647314
2026-04-24 11:40:56,964 | INFO | [INFO] finetune_diag: {"active_tasks": [1, 2, 3, 4, 5, 6], "deleted_task_id": 0, "num_updated_params": 1647314, "do_finetune": true, "retrain_steps": 50, "retrain_steps_source": "retrain_steps", "retrain_steps_from_cli": true, "allow_zero_retrain": false, "retrain_steps_fallback": null, "buffer_sizes": {"1": 50, "2": 50, "3": 50, "4": 50, "5": 50, "6": 50}}
2026-04-24 11:40:56,965 | INFO | ============================================================
2026-04-24 11:40:56,965 | INFO | [INFO] Training Task 7 ...
2026-04-24 11:40:56,965 | INFO | [INFO] task training start: task=7
2026-04-24 11:41:05,686 | INFO | [INFO] task training end: task=7 elapsed=8.72s
2026-04-24 11:41:07,443 | INFO | ============================================================
2026-04-24 11:41:07,443 | INFO | [INFO] Training Task 8 ...
2026-04-24 11:41:07,443 | INFO | [INFO] task training start: task=8
2026-04-24 11:41:16,237 | INFO | [INFO] task training end: task=8 elapsed=8.79s
2026-04-24 11:41:18,009 | INFO | ============================================================
2026-04-24 11:41:18,009 | INFO | [INFO] Forgetting Task 6 ...
2026-04-24 11:41:19,730 | INFO | [INFO] forgetting start: task=6 remaining_tasks=[1, 2, 3, 4, 5, 7, 8]
2026-04-24 11:41:33,019 | INFO | [INFO] forgetting end: task=6 elapsed=13.29s
2026-04-24 11:41:34,798 | INFO | [INFO] overlap: |S_t|=2234424 |S_share|=1763247 |S_share_crit|=352650 ratios: share=0.7891 crit=0.2000
2026-04-24 11:41:34,798 | INFO | [INFO] unlearning timing: t_reset=0.0013s t_retrain=11.1522s t_forget_total=11.1535s updated_params=1763247
2026-04-24 11:41:34,798 | INFO | [INFO] finetune_diag: {"active_tasks": [1, 2, 3, 4, 5, 7, 8], "deleted_task_id": 6, "num_updated_params": 1763247, "do_finetune": true, "retrain_steps": 50, "retrain_steps_source": "retrain_steps", "retrain_steps_from_cli": true, "allow_zero_retrain": false, "retrain_steps_fallback": null, "buffer_sizes": {"1": 50, "2": 50, "3": 50, "4": 50, "5": 50, "7": 50, "8": 50}}
2026-04-24 11:41:34,798 | INFO | ============================================================
2026-04-24 11:41:34,798 | INFO | [INFO] Training Task 9 ...
2026-04-24 11:41:34,798 | INFO | [INFO] task training start: task=9
2026-04-24 11:41:43,631 | INFO | [INFO] task training end: task=9 elapsed=8.83s
2026-04-24 11:41:45,422 | INFO | ============================================================
2026-04-24 11:41:45,422 | INFO | [INFO] Forgetting Task 7 ...
2026-04-24 11:41:47,166 | INFO | [INFO] forgetting start: task=7 remaining_tasks=[1, 2, 3, 4, 5, 8, 9]
2026-04-24 11:42:00,561 | INFO | [INFO] forgetting end: task=7 elapsed=13.39s
2026-04-24 11:42:02,351 | INFO | [INFO] overlap: |S_t|=2234423 |S_share|=1764124 |S_share_crit|=352825 ratios: share=0.7895 crit=0.2000
2026-04-24 11:42:02,351 | INFO | [INFO] unlearning timing: t_reset=0.0013s t_retrain=11.2292s t_forget_total=11.2305s updated_params=1764124
2026-04-24 11:42:02,352 | INFO | [INFO] finetune_diag: {"active_tasks": [1, 2, 3, 4, 5, 8, 9], "deleted_task_id": 7, "num_updated_params": 1764124, "do_finetune": true, "retrain_steps": 50, "retrain_steps_source": "retrain_steps", "retrain_steps_from_cli": true, "allow_zero_retrain": false, "retrain_steps_fallback": null, "buffer_sizes": {"1": 50, "2": 50, "3": 50, "4": 50, "5": 50, "8": 50, "9": 50}}
2026-04-24 11:42:02,352 | INFO | [INFO] finished processing requests in 150.05s
2026-04-24 11:42:03,739 | INFO | [INFO] wrote overlap matrix to runs/cifar100/T10_F3/pall_modified/seed_0/20260424_113931/overlap.csv
2026-04-24 11:42:03,740 | INFO | [INFO] wrote run report to runs/cifar100/T10_F3/pall_modified/seed_0/20260424_113931/report.md
2026-04-24 11:42:03,740 | INFO | [INFO] total run time: 152.38s
