2026-04-26 16:27:22,015 | INFO | ============================================================
2026-04-26 16:27:22,015 | INFO | [INFO] -- Experiment Configs --
2026-04-26 16:27:22,015 | INFO |        1. data & task
2026-04-26 16:27:22,015 | INFO |           dataset:      cifar100
2026-04-26 16:27:22,015 | INFO |           n_tasks:      10
2026-04-26 16:27:22,015 | INFO |           # class/task: 5
2026-04-26 16:27:22,015 | INFO |        2. training
2026-04-26 16:27:22,015 | INFO |           lr:           0.0100
2026-04-26 16:27:22,015 | INFO |        3. model
2026-04-26 16:27:22,015 | INFO |           method:       er (None)
2026-04-26 16:27:22,015 | INFO |           architecture: resnet18
2026-04-26 16:27:22,015 | INFO |           norm params:  False
2026-04-26 16:27:22,015 | INFO |           device:       mps
2026-04-26 16:27:22,015 | INFO |           host_os:      macOS
2026-04-26 16:27:22,015 | INFO |           dataloader:   num_workers=0 pin_memory=False persistent_workers=False
2026-04-26 16:27:22,015 | INFO |           placement:    batches move in-loop via x.to(mps), y.to(mps)
2026-04-26 16:27:22,015 | INFO |           deterministic:False
2026-04-26 16:27:22,015 | INFO |           run_dir:      runs/cifar100/T10_F3/er/seed_0/20260426_162722
2026-04-26 16:27:22,015 | INFO | ============================================================
2026-04-26 16:27:22,907 | INFO | [INFO] finish processing data in 0.89s
2026-04-26 16:27:22,908 | INFO | [INFO] request schedule source: file file: /Users/fateme/Documents/Uni/project/my thesis/code/Overlap-Aware-Selective-Forgetting-/schedules/cifar100_t10_f3_seed0.json
2026-04-26 16:27:22,908 | INFO | [INFO] processing user requests: [(0, 'T', [0]), (1, 'T', [0, 1]), (2, 'T', [0, 1, 2]), (3, 'T', [0, 1, 2, 3]), (4, 'T', [0, 1, 2, 3, 4]), (5, 'T', [0, 1, 2, 3, 4, 5]), (6, 'T', [0, 1, 2, 3, 4, 5, 6]), (0, 'F', [1, 2, 3, 4, 5, 6]), (7, 'T', [1, 2, 3, 4, 5, 6, 7]), (8, 'T', [1, 2, 3, 4, 5, 6, 7, 8]), (6, 'F', [1, 2, 3, 4, 5, 7, 8]), (9, 'T', [1, 2, 3, 4, 5, 7, 8, 9]), (7, 'F', [1, 2, 3, 4, 5, 8, 9])]
2026-04-26 16:27:22,935 | INFO | [INFO] model initialized on mps in 0.03s
2026-04-26 16:27:22,935 | INFO | ============================================================
2026-04-26 16:27:22,935 | INFO | [INFO] Training Task 0 ...
2026-04-26 16:27:22,935 | INFO | [INFO] task training start: task=0
2026-04-26 16:27:31,628 | INFO | [INFO] task training end: task=0 elapsed=8.69s
2026-04-26 16:27:33,354 | INFO | ============================================================
2026-04-26 16:27:33,354 | INFO | [INFO] Training Task 1 ...
2026-04-26 16:27:33,354 | INFO | [INFO] task training start: task=1
2026-04-26 16:27:49,210 | INFO | [INFO] task training end: task=1 elapsed=15.86s
2026-04-26 16:27:50,832 | INFO | ============================================================
2026-04-26 16:27:50,832 | INFO | [INFO] Training Task 2 ...
2026-04-26 16:27:50,833 | INFO | [INFO] task training start: task=2
2026-04-26 16:28:07,455 | INFO | [INFO] task training end: task=2 elapsed=16.62s
2026-04-26 16:28:09,038 | INFO | ============================================================
2026-04-26 16:28:09,038 | INFO | [INFO] Training Task 3 ...
2026-04-26 16:28:09,038 | INFO | [INFO] task training start: task=3
2026-04-26 16:28:26,602 | INFO | [INFO] task training end: task=3 elapsed=17.56s
2026-04-26 16:28:28,200 | INFO | ============================================================
2026-04-26 16:28:28,200 | INFO | [INFO] Training Task 4 ...
2026-04-26 16:28:28,201 | INFO | [INFO] task training start: task=4
2026-04-26 16:28:46,882 | INFO | [INFO] task training end: task=4 elapsed=18.68s
2026-04-26 16:28:48,461 | INFO | ============================================================
2026-04-26 16:28:48,462 | INFO | [INFO] Training Task 5 ...
2026-04-26 16:28:48,462 | INFO | [INFO] task training start: task=5
2026-04-26 16:29:08,794 | INFO | [INFO] task training end: task=5 elapsed=20.33s
2026-04-26 16:29:10,372 | INFO | ============================================================
2026-04-26 16:29:10,372 | INFO | [INFO] Training Task 6 ...
2026-04-26 16:29:10,372 | INFO | [INFO] task training start: task=6
2026-04-26 16:29:31,221 | INFO | [INFO] task training end: task=6 elapsed=20.85s
2026-04-26 16:29:32,805 | INFO | ============================================================
2026-04-26 16:29:32,805 | INFO | [INFO] Forgetting Task 0 ...
2026-04-26 16:29:34,414 | INFO | [INFO] forgetting start: task=0 remaining_tasks=[1, 2, 3, 4, 5, 6]
2026-04-26 16:29:38,923 | INFO | [INFO] forgetting end: task=0 elapsed=4.51s
2026-04-26 16:29:40,678 | INFO | [INFO] overlap: |S_t|=NA |S_share|=NA |S_share_crit|=NA ratios: share=NA crit=NA
2026-04-26 16:29:40,678 | INFO | [INFO] unlearning timing: t_reset=NAs t_retrain=NAs t_forget_total=4.5088s updated_params=NA
2026-04-26 16:29:40,679 | INFO | [WARN] Unlearned task 0 accuracy above chance: 0.2800 (chance 0.2000)
2026-04-26 16:29:40,679 | INFO | ============================================================
2026-04-26 16:29:40,680 | INFO | [INFO] Training Task 7 ...
2026-04-26 16:29:40,680 | INFO | [INFO] task training start: task=7
2026-04-26 16:30:02,255 | INFO | [INFO] task training end: task=7 elapsed=21.58s
2026-04-26 16:30:03,883 | INFO | ============================================================
2026-04-26 16:30:03,883 | INFO | [INFO] Training Task 8 ...
2026-04-26 16:30:03,883 | INFO | [INFO] task training start: task=8
2026-04-26 16:30:25,421 | INFO | [INFO] task training end: task=8 elapsed=21.54s
2026-04-26 16:30:27,057 | INFO | ============================================================
2026-04-26 16:30:27,057 | INFO | [INFO] Forgetting Task 6 ...
2026-04-26 16:30:28,688 | INFO | [INFO] forgetting start: task=6 remaining_tasks=[1, 2, 3, 4, 5, 7, 8]
2026-04-26 16:30:33,451 | INFO | [INFO] forgetting end: task=6 elapsed=4.76s
2026-04-26 16:30:35,149 | INFO | [INFO] overlap: |S_t|=NA |S_share|=NA |S_share_crit|=NA ratios: share=NA crit=NA
2026-04-26 16:30:35,149 | INFO | [INFO] unlearning timing: t_reset=NAs t_retrain=NAs t_forget_total=4.7628s updated_params=NA
2026-04-26 16:30:35,150 | INFO | [WARN] Unlearned task 6 accuracy above chance: 0.3920 (chance 0.2000)
2026-04-26 16:30:35,150 | INFO | ============================================================
2026-04-26 16:30:35,150 | INFO | [INFO] Training Task 9 ...
2026-04-26 16:30:35,150 | INFO | [INFO] task training start: task=9
2026-04-26 16:30:59,287 | INFO | [INFO] task training end: task=9 elapsed=24.14s
2026-04-26 16:31:01,780 | INFO | ============================================================
2026-04-26 16:31:01,780 | INFO | [INFO] Forgetting Task 7 ...
2026-04-26 16:31:04,008 | INFO | [INFO] forgetting start: task=7 remaining_tasks=[1, 2, 3, 4, 5, 8, 9]
2026-04-26 16:31:09,577 | INFO | [INFO] forgetting end: task=7 elapsed=5.57s
2026-04-26 16:31:11,785 | INFO | [INFO] overlap: |S_t|=NA |S_share|=NA |S_share_crit|=NA ratios: share=NA crit=NA
2026-04-26 16:31:11,785 | INFO | [INFO] unlearning timing: t_reset=NAs t_retrain=NAs t_forget_total=5.5686s updated_params=NA
2026-04-26 16:31:11,787 | INFO | [WARN] Unlearned task 7 accuracy above chance: 0.3500 (chance 0.2000)
2026-04-26 16:31:11,787 | INFO | [INFO] finished processing requests in 228.85s
2026-04-26 16:31:11,791 | INFO | [INFO] wrote run report to runs/cifar100/T10_F3/er/seed_0/20260426_162722/report.md
2026-04-26 16:31:11,791 | INFO | [INFO] total run time: 229.77s
