2026-04-22 11:55:12,727 | INFO | ============================================================
2026-04-22 11:55:12,727 | INFO | [INFO] -- Experiment Configs --
2026-04-22 11:55:12,727 | INFO |        1. data & task
2026-04-22 11:55:12,727 | INFO |           dataset:      cifar10
2026-04-22 11:55:12,727 | INFO |           n_tasks:      5
2026-04-22 11:55:12,727 | INFO |           # class/task: 2
2026-04-22 11:55:12,727 | INFO |        2. training
2026-04-22 11:55:12,727 | INFO |           lr:           0.0100
2026-04-22 11:55:12,727 | INFO |        3. model
2026-04-22 11:55:12,727 | INFO |           method:       pall_original (original)
2026-04-22 11:55:12,727 | INFO |           architecture: subnet_resnet18
2026-04-22 11:55:12,727 | INFO |           norm params:  False
2026-04-22 11:55:12,727 | INFO |           device:       mps
2026-04-22 11:55:12,727 | INFO |           deterministic:False
2026-04-22 11:55:12,727 | INFO |           run_dir:      runs/cifar10/T5_F1/pall_original/seed_1/20260422_115512
2026-04-22 11:55:12,727 | INFO | ============================================================
2026-04-22 11:55:13,596 | INFO | [INFO] finish processing data
2026-04-22 11:55:13,596 | INFO | [INFO] request schedule source: file file: /Users/fateme/Documents/Uni/project/my thesis/code/Overlap-Aware-Selective-Forgetting-/schedules/test_schedule.json
2026-04-22 11:55:13,596 | INFO | [INFO] processing user requests: [(0, 'T', [0]), (1, 'T', [0, 1]), (2, 'T', [0, 1, 2]), (3, 'T', [0, 1, 2, 3]), (4, 'T', [0, 1, 2, 3, 4]), (3, 'F', [0, 1, 2, 4])]
2026-04-22 11:55:13,662 | INFO | ============================================================
2026-04-22 11:55:13,662 | INFO | [INFO] Training Task 0 ...
2026-04-22 11:56:03,951 | INFO | ============================================================
2026-04-22 11:56:03,951 | INFO | [INFO] Training Task 1 ...
2026-04-22 11:57:01,158 | INFO | ============================================================
2026-04-22 11:57:01,159 | INFO | [INFO] Training Task 2 ...
2026-04-22 11:57:59,097 | INFO | ============================================================
2026-04-22 11:57:59,098 | INFO | [INFO] Training Task 3 ...
2026-04-22 11:58:57,621 | INFO | ============================================================
2026-04-22 11:58:57,622 | INFO | [INFO] Training Task 4 ...
2026-04-22 11:59:57,070 | INFO | ============================================================
2026-04-22 11:59:57,070 | INFO | [INFO] Forgetting Task 3 ...
2026-04-22 12:00:07,300 | INFO | [INFO] overlap: |S_t|=2232887 |S_share|=1317367 |S_share_crit|=1317367 ratios: share=0.5900 crit=1.0000
2026-04-22 12:00:07,301 | INFO | [INFO] unlearning timing: t_reset=0.0014s t_retrain=0.2777s t_forget_total=0.2791s updated_params=1317367
2026-04-22 12:00:07,301 | INFO | [INFO] finetune_diag: {"active_tasks": [0, 1, 2, 4], "deleted_task_id": 3, "num_updated_params": 1317367, "do_finetune": true, "retrain_steps": 1, "retrain_steps_source": "k_shot", "retrain_steps_from_cli": false, "allow_zero_retrain": false, "retrain_steps_fallback": null, "buffer_sizes": {"0": 100, "1": 100, "2": 100, "4": 100}}
2026-04-22 12:00:07,304 | INFO | [INFO] wrote run report to runs/cifar10/T5_F1/pall_original/seed_1/20260422_115512/report.md
