2026-04-26 16:01:30,974 | INFO | ============================================================
2026-04-26 16:01:30,974 | INFO | [INFO] -- Experiment Configs --
2026-04-26 16:01:30,974 | INFO |        1. data & task
2026-04-26 16:01:30,974 | INFO |           dataset:      cifar100
2026-04-26 16:01:30,974 | INFO |           n_tasks:      10
2026-04-26 16:01:30,974 | INFO |           # class/task: 5
2026-04-26 16:01:30,974 | INFO |        2. training
2026-04-26 16:01:30,974 | INFO |           lr:           0.0100
2026-04-26 16:01:30,974 | INFO |        3. model
2026-04-26 16:01:30,974 | INFO |           method:       pall_modified (modified)
2026-04-26 16:01:30,974 | INFO |           architecture: subnet_resnet18
2026-04-26 16:01:30,974 | INFO |           norm params:  False
2026-04-26 16:01:30,974 | INFO |           device:       mps
2026-04-26 16:01:30,974 | INFO |           host_os:      macOS
2026-04-26 16:01:30,974 | INFO |           dataloader:   num_workers=0 pin_memory=False persistent_workers=False
2026-04-26 16:01:30,974 | INFO |           placement:    batches move in-loop via x.to(mps), y.to(mps)
2026-04-26 16:01:30,974 | INFO |           deterministic:False
2026-04-26 16:01:30,974 | INFO |           run_dir:      runs/cifar100/T10_F3/pall_modified/seed_1/20260426_160130
2026-04-26 16:01:30,974 | INFO | ============================================================
2026-04-26 16:01:31,842 | INFO | [INFO] finish processing data in 0.87s
2026-04-26 16:01:31,842 | INFO | [INFO] request schedule source: file file: /Users/fateme/Documents/Uni/project/my thesis/code/Overlap-Aware-Selective-Forgetting-/schedules/cifar100_t10_f3_seed0.json
2026-04-26 16:01:31,843 | INFO | [INFO] processing user requests: [(0, 'T', [0]), (1, 'T', [0, 1]), (2, 'T', [0, 1, 2]), (3, 'T', [0, 1, 2, 3]), (4, 'T', [0, 1, 2, 3, 4]), (5, 'T', [0, 1, 2, 3, 4, 5]), (6, 'T', [0, 1, 2, 3, 4, 5, 6]), (0, 'F', [1, 2, 3, 4, 5, 6]), (7, 'T', [1, 2, 3, 4, 5, 6, 7]), (8, 'T', [1, 2, 3, 4, 5, 6, 7, 8]), (6, 'F', [1, 2, 3, 4, 5, 7, 8]), (9, 'T', [1, 2, 3, 4, 5, 7, 8, 9]), (7, 'F', [1, 2, 3, 4, 5, 8, 9])]
2026-04-26 16:01:31,908 | INFO | [INFO] model initialized on mps in 0.07s
2026-04-26 16:01:31,908 | INFO | ============================================================
2026-04-26 16:01:31,908 | INFO | [INFO] Training Task 0 ...
2026-04-26 16:01:31,908 | INFO | [INFO] task training start: task=0
2026-04-26 16:01:48,307 | INFO | [INFO] task training end: task=0 elapsed=16.40s
2026-04-26 16:01:49,996 | INFO | ============================================================
2026-04-26 16:01:49,996 | INFO | [INFO] Training Task 1 ...
2026-04-26 16:01:49,996 | INFO | [INFO] task training start: task=1
2026-04-26 16:02:13,137 | INFO | [INFO] task training end: task=1 elapsed=23.14s
2026-04-26 16:02:14,904 | INFO | ============================================================
2026-04-26 16:02:14,904 | INFO | [INFO] Training Task 2 ...
2026-04-26 16:02:14,904 | INFO | [INFO] task training start: task=2
2026-04-26 16:02:37,664 | INFO | [INFO] task training end: task=2 elapsed=22.76s
2026-04-26 16:02:39,306 | INFO | ============================================================
2026-04-26 16:02:39,306 | INFO | [INFO] Training Task 3 ...
2026-04-26 16:02:39,306 | INFO | [INFO] task training start: task=3
2026-04-26 16:03:02,940 | INFO | [INFO] task training end: task=3 elapsed=23.63s
2026-04-26 16:03:04,628 | INFO | ============================================================
2026-04-26 16:03:04,628 | INFO | [INFO] Training Task 4 ...
2026-04-26 16:03:04,628 | INFO | [INFO] task training start: task=4
2026-04-26 16:03:28,643 | INFO | [INFO] task training end: task=4 elapsed=24.01s
2026-04-26 16:03:30,302 | INFO | ============================================================
2026-04-26 16:03:30,302 | INFO | [INFO] Training Task 5 ...
2026-04-26 16:03:30,302 | INFO | [INFO] task training start: task=5
2026-04-26 16:03:54,414 | INFO | [INFO] task training end: task=5 elapsed=24.11s
2026-04-26 16:03:56,077 | INFO | ============================================================
2026-04-26 16:03:56,077 | INFO | [INFO] Training Task 6 ...
2026-04-26 16:03:56,077 | INFO | [INFO] task training start: task=6
2026-04-26 16:04:21,148 | INFO | [INFO] task training end: task=6 elapsed=25.07s
2026-04-26 16:04:22,827 | INFO | ============================================================
2026-04-26 16:04:22,827 | INFO | [INFO] Forgetting Task 0 ...
2026-04-26 16:04:24,577 | INFO | [INFO] forgetting start: task=0 remaining_tasks=[1, 2, 3, 4, 5, 6]
2026-04-26 16:04:37,614 | INFO | [INFO] forgetting end: task=0 elapsed=13.04s
2026-04-26 16:04:39,357 | INFO | [INFO] overlap: |S_t|=2234423 |S_share|=1647334 |S_share_crit|=329467 ratios: share=0.7373 crit=0.2000
2026-04-26 16:04:39,357 | INFO | [INFO] unlearning timing: t_reset=0.0014s t_retrain=10.9709s t_forget_total=10.9723s updated_params=1647334
2026-04-26 16:04:39,357 | INFO | [INFO] finetune_diag: {"active_tasks": [1, 2, 3, 4, 5, 6], "deleted_task_id": 0, "num_updated_params": 1647334, "do_finetune": true, "retrain_steps": 50, "retrain_steps_source": "retrain_steps", "retrain_steps_from_cli": true, "allow_zero_retrain": false, "retrain_steps_fallback": null, "buffer_sizes": {"1": 50, "2": 50, "3": 50, "4": 50, "5": 50, "6": 50}}
2026-04-26 16:04:39,357 | INFO | ============================================================
2026-04-26 16:04:39,357 | INFO | [INFO] Training Task 7 ...
2026-04-26 16:04:39,357 | INFO | [INFO] task training start: task=7
2026-04-26 16:05:03,908 | INFO | [INFO] task training end: task=7 elapsed=24.55s
2026-04-26 16:05:05,677 | INFO | ============================================================
2026-04-26 16:05:05,677 | INFO | [INFO] Training Task 8 ...
2026-04-26 16:05:05,677 | INFO | [INFO] task training start: task=8
2026-04-26 16:05:30,921 | INFO | [INFO] task training end: task=8 elapsed=25.24s
2026-04-26 16:05:32,695 | INFO | ============================================================
2026-04-26 16:05:32,695 | INFO | [INFO] Forgetting Task 6 ...
2026-04-26 16:05:34,447 | INFO | [INFO] forgetting start: task=6 remaining_tasks=[1, 2, 3, 4, 5, 7, 8]
2026-04-26 16:05:48,127 | INFO | [INFO] forgetting end: task=6 elapsed=13.68s
2026-04-26 16:05:49,990 | INFO | [INFO] overlap: |S_t|=2234423 |S_share|=1764626 |S_share_crit|=352926 ratios: share=0.7897 crit=0.2000
2026-04-26 16:05:49,990 | INFO | [INFO] unlearning timing: t_reset=0.0014s t_retrain=11.5287s t_forget_total=11.5301s updated_params=1764626
2026-04-26 16:05:49,990 | INFO | [INFO] finetune_diag: {"active_tasks": [1, 2, 3, 4, 5, 7, 8], "deleted_task_id": 6, "num_updated_params": 1764626, "do_finetune": true, "retrain_steps": 50, "retrain_steps_source": "retrain_steps", "retrain_steps_from_cli": true, "allow_zero_retrain": false, "retrain_steps_fallback": null, "buffer_sizes": {"1": 50, "2": 50, "3": 50, "4": 50, "5": 50, "7": 50, "8": 50}}
2026-04-26 16:05:49,991 | INFO | ============================================================
2026-04-26 16:05:49,991 | INFO | [INFO] Training Task 9 ...
2026-04-26 16:05:49,991 | INFO | [INFO] task training start: task=9
2026-04-26 16:06:16,282 | INFO | [INFO] task training end: task=9 elapsed=26.29s
2026-04-26 16:06:18,093 | INFO | ============================================================
2026-04-26 16:06:18,093 | INFO | [INFO] Forgetting Task 7 ...
2026-04-26 16:06:19,862 | INFO | [INFO] forgetting start: task=7 remaining_tasks=[1, 2, 3, 4, 5, 8, 9]
2026-04-26 16:06:34,558 | INFO | [INFO] forgetting end: task=7 elapsed=14.70s
2026-04-26 16:06:36,433 | INFO | [INFO] overlap: |S_t|=2234423 |S_share|=1764520 |S_share_crit|=352905 ratios: share=0.7897 crit=0.2000
2026-04-26 16:06:36,434 | INFO | [INFO] unlearning timing: t_reset=0.0014s t_retrain=12.4880s t_forget_total=12.4894s updated_params=1764520
2026-04-26 16:06:36,434 | INFO | [INFO] finetune_diag: {"active_tasks": [1, 2, 3, 4, 5, 8, 9], "deleted_task_id": 7, "num_updated_params": 1764520, "do_finetune": true, "retrain_steps": 50, "retrain_steps_source": "retrain_steps", "retrain_steps_from_cli": true, "allow_zero_retrain": false, "retrain_steps_fallback": null, "buffer_sizes": {"1": 50, "2": 50, "3": 50, "4": 50, "5": 50, "8": 50, "9": 50}}
2026-04-26 16:06:36,434 | INFO | [INFO] finished processing requests in 304.52s
2026-04-26 16:06:37,850 | INFO | [INFO] wrote overlap matrix to runs/cifar100/T10_F3/pall_modified/seed_1/20260426_160130/overlap.csv
2026-04-26 16:06:37,852 | INFO | [INFO] wrote run report to runs/cifar100/T10_F3/pall_modified/seed_1/20260426_160130/report.md
2026-04-26 16:06:37,852 | INFO | [INFO] total run time: 306.87s
