2026-04-19 16:29:01,599 | INFO | ============================================================
2026-04-19 16:29:01,599 | INFO | [INFO] -- Experiment Configs --
2026-04-19 16:29:01,599 | INFO |        1. data & task
2026-04-19 16:29:01,599 | INFO |           dataset:      cifar10
2026-04-19 16:29:01,599 | INFO |           n_tasks:      5
2026-04-19 16:29:01,599 | INFO |           # class/task: 2
2026-04-19 16:29:01,599 | INFO |        2. training
2026-04-19 16:29:01,599 | INFO |           lr:           0.0100
2026-04-19 16:29:01,599 | INFO |        3. model
2026-04-19 16:29:01,599 | INFO |           method:       pall_modified (modified)
2026-04-19 16:29:01,599 | INFO |           architecture: subnet_resnet18
2026-04-19 16:29:01,599 | INFO |           norm params:  False
2026-04-19 16:29:01,599 | INFO |           device:       mps
2026-04-19 16:29:01,599 | INFO |           deterministic:False
2026-04-19 16:29:01,599 | INFO |           run_dir:      runs/cifar10/T5_F1/pall_modified/seed_0/20260419_162901
2026-04-19 16:29:01,599 | INFO | ============================================================
2026-04-19 16:29:02,442 | INFO | [INFO] finish processing data
2026-04-19 16:29:02,443 | INFO | [INFO] processing user requests: [(0, 'T', [0]), (1, 'T', [0, 1]), (2, 'T', [0, 1, 2]), (3, 'T', [0, 1, 2, 3]), (4, 'T', [0, 1, 2, 3, 4]), (3, 'F', [0, 1, 2, 4])]
2026-04-19 16:29:02,509 | INFO | ============================================================
2026-04-19 16:29:02,509 | INFO | [INFO] Training Task 0 ...
2026-04-19 16:29:52,239 | INFO | ============================================================
2026-04-19 16:29:52,239 | INFO | [INFO] Training Task 1 ...
2026-04-19 16:30:49,476 | INFO | ============================================================
2026-04-19 16:30:49,477 | INFO | [INFO] Training Task 2 ...
2026-04-19 16:31:47,824 | INFO | ============================================================
2026-04-19 16:31:47,824 | INFO | [INFO] Training Task 3 ...
2026-04-19 16:32:46,975 | INFO | ============================================================
2026-04-19 16:32:46,976 | INFO | [INFO] Training Task 4 ...
2026-04-19 16:33:46,472 | INFO | ============================================================
2026-04-19 16:33:46,473 | INFO | [INFO] Forgetting Task 3 ...
2026-04-19 16:33:58,030 | INFO | [INFO] overlap: |S_t|=2232887 |S_share|=1317633 |S_share_crit|=263527 ratios: share=0.5901 crit=0.2000
2026-04-19 16:33:58,030 | INFO | [INFO] unlearning timing: t_reset=0.0014s t_retrain=0.5642s t_forget_total=0.5656s updated_params=1317633
2026-04-19 16:33:58,030 | INFO | [INFO] finetune_diag: {"active_tasks": [0, 1, 2, 4], "deleted_task_id": 3, "num_updated_params": 1317633, "do_finetune": true, "retrain_steps": 1, "retrain_steps_source": "retrain_steps", "retrain_steps_from_cli": true, "allow_zero_retrain": false, "retrain_steps_fallback": null, "buffer_sizes": {"0": 100, "1": 100, "2": 100, "4": 100}}
2026-04-19 16:33:58,370 | INFO | [INFO] wrote overlap matrix to runs/cifar10/T5_F1/pall_modified/seed_0/20260419_162901/overlap.csv
2026-04-19 16:33:58,371 | INFO | [INFO] wrote run report to runs/cifar10/T5_F1/pall_modified/seed_0/20260419_162901/report.md
