2026-04-23 16:14:36,265 | INFO | ============================================================
2026-04-23 16:14:36,265 | INFO | [INFO] -- Experiment Configs --
2026-04-23 16:14:36,265 | INFO |        1. data & task
2026-04-23 16:14:36,265 | INFO |           dataset:      cifar100
2026-04-23 16:14:36,265 | INFO |           n_tasks:      10
2026-04-23 16:14:36,265 | INFO |           # class/task: 5
2026-04-23 16:14:36,265 | INFO |        2. training
2026-04-23 16:14:36,265 | INFO |           lr:           0.0100
2026-04-23 16:14:36,265 | INFO |        3. model
2026-04-23 16:14:36,265 | INFO |           method:       pall_original (original)
2026-04-23 16:14:36,265 | INFO |           architecture: subnet_resnet18
2026-04-23 16:14:36,265 | INFO |           norm params:  False
2026-04-23 16:14:36,265 | INFO |           device:       mps
2026-04-23 16:14:36,265 | INFO |           host_os:      macOS
2026-04-23 16:14:36,265 | INFO |           dataloader:   num_workers=0 pin_memory=False persistent_workers=False
2026-04-23 16:14:36,265 | INFO |           placement:    batches move in-loop via x.to(mps), y.to(mps)
2026-04-23 16:14:36,265 | INFO |           deterministic:False
2026-04-23 16:14:36,265 | INFO |           run_dir:      runs/cifar100/T10_F3/pall_original/seed_1/20260423_161436
2026-04-23 16:14:36,265 | INFO | ============================================================
2026-04-23 16:14:37,146 | INFO | [INFO] finish processing data in 0.88s
2026-04-23 16:14:37,146 | INFO | [INFO] request schedule source: file file: /Users/fateme/Documents/Uni/project/my thesis/code/Overlap-Aware-Selective-Forgetting-/schedules/cifar100_t10_f3_seed0.json
2026-04-23 16:14:37,147 | INFO | [INFO] processing user requests: [(0, 'T', [0]), (1, 'T', [0, 1]), (2, 'T', [0, 1, 2]), (3, 'T', [0, 1, 2, 3]), (4, 'T', [0, 1, 2, 3, 4]), (5, 'T', [0, 1, 2, 3, 4, 5]), (6, 'T', [0, 1, 2, 3, 4, 5, 6]), (0, 'F', [1, 2, 3, 4, 5, 6]), (7, 'T', [1, 2, 3, 4, 5, 6, 7]), (8, 'T', [1, 2, 3, 4, 5, 6, 7, 8]), (6, 'F', [1, 2, 3, 4, 5, 7, 8]), (9, 'T', [1, 2, 3, 4, 5, 7, 8, 9]), (7, 'F', [1, 2, 3, 4, 5, 8, 9])]
2026-04-23 16:14:37,216 | INFO | [INFO] model initialized on mps in 0.07s
2026-04-23 16:14:37,217 | INFO | ============================================================
2026-04-23 16:14:37,217 | INFO | [INFO] Training Task 0 ...
2026-04-23 16:14:37,217 | INFO | [INFO] task training start: task=0
2026-04-23 16:14:53,545 | INFO | [INFO] task training end: task=0 elapsed=16.33s
2026-04-23 16:14:55,323 | INFO | ============================================================
2026-04-23 16:14:55,323 | INFO | [INFO] Training Task 1 ...
2026-04-23 16:14:55,323 | INFO | [INFO] task training start: task=1
2026-04-23 16:15:17,436 | INFO | [INFO] task training end: task=1 elapsed=22.11s
2026-04-23 16:15:19,059 | INFO | ============================================================
2026-04-23 16:15:19,059 | INFO | [INFO] Training Task 2 ...
2026-04-23 16:15:19,059 | INFO | [INFO] task training start: task=2
2026-04-23 16:15:41,586 | INFO | [INFO] task training end: task=2 elapsed=22.53s
2026-04-23 16:15:43,226 | INFO | ============================================================
2026-04-23 16:15:43,226 | INFO | [INFO] Training Task 3 ...
2026-04-23 16:15:43,226 | INFO | [INFO] task training start: task=3
2026-04-23 16:16:06,369 | INFO | [INFO] task training end: task=3 elapsed=23.14s
2026-04-23 16:16:08,042 | INFO | ============================================================
2026-04-23 16:16:08,043 | INFO | [INFO] Training Task 4 ...
2026-04-23 16:16:08,043 | INFO | [INFO] task training start: task=4
2026-04-23 16:16:32,051 | INFO | [INFO] task training end: task=4 elapsed=24.01s
2026-04-23 16:16:33,706 | INFO | ============================================================
2026-04-23 16:16:33,706 | INFO | [INFO] Training Task 5 ...
2026-04-23 16:16:33,706 | INFO | [INFO] task training start: task=5
2026-04-23 16:16:57,789 | INFO | [INFO] task training end: task=5 elapsed=24.08s
2026-04-23 16:16:59,456 | INFO | ============================================================
2026-04-23 16:16:59,456 | INFO | [INFO] Training Task 6 ...
2026-04-23 16:16:59,456 | INFO | [INFO] task training start: task=6
2026-04-23 16:17:23,833 | INFO | [INFO] task training end: task=6 elapsed=24.38s
2026-04-23 16:17:25,511 | INFO | ============================================================
2026-04-23 16:17:25,511 | INFO | [INFO] Forgetting Task 0 ...
2026-04-23 16:17:27,159 | INFO | [INFO] forgetting start: task=0 remaining_tasks=[1, 2, 3, 4, 5, 6]
2026-04-23 16:17:29,239 | INFO | [INFO] forgetting end: task=0 elapsed=2.08s
2026-04-23 16:17:30,913 | INFO | [INFO] overlap: |S_t|=2234423 |S_share|=1647334 |S_share_crit|=1647334 ratios: share=0.7373 crit=1.0000
2026-04-23 16:17:30,913 | INFO | [INFO] unlearning timing: t_reset=0.0015s t_retrain=0.2971s t_forget_total=0.2985s updated_params=1647334
2026-04-23 16:17:30,913 | INFO | [INFO] finetune_diag: {"active_tasks": [1, 2, 3, 4, 5, 6], "deleted_task_id": 0, "num_updated_params": 1647334, "do_finetune": true, "retrain_steps": 1, "retrain_steps_source": "k_shot", "retrain_steps_from_cli": false, "allow_zero_retrain": false, "retrain_steps_fallback": null, "buffer_sizes": {"1": 50, "2": 50, "3": 50, "4": 50, "5": 50, "6": 50}}
2026-04-23 16:17:30,914 | INFO | ============================================================
2026-04-23 16:17:30,914 | INFO | [INFO] Training Task 7 ...
2026-04-23 16:17:30,914 | INFO | [INFO] task training start: task=7
2026-04-23 16:17:55,257 | INFO | [INFO] task training end: task=7 elapsed=24.34s
2026-04-23 16:17:56,939 | INFO | ============================================================
2026-04-23 16:17:56,939 | INFO | [INFO] Training Task 8 ...
2026-04-23 16:17:56,939 | INFO | [INFO] task training start: task=8
2026-04-23 16:18:21,631 | INFO | [INFO] task training end: task=8 elapsed=24.69s
2026-04-23 16:18:23,326 | INFO | ============================================================
2026-04-23 16:18:23,326 | INFO | [INFO] Forgetting Task 6 ...
2026-04-23 16:18:24,999 | INFO | [INFO] forgetting start: task=6 remaining_tasks=[1, 2, 3, 4, 5, 7, 8]
2026-04-23 16:18:26,966 | INFO | [INFO] forgetting end: task=6 elapsed=1.97s
2026-04-23 16:18:28,641 | INFO | [INFO] overlap: |S_t|=2234423 |S_share|=1764701 |S_share_crit|=1764701 ratios: share=0.7898 crit=1.0000
2026-04-23 16:18:28,641 | INFO | [INFO] unlearning timing: t_reset=0.0014s t_retrain=0.1804s t_forget_total=0.1818s updated_params=1764701
2026-04-23 16:18:28,641 | INFO | [INFO] finetune_diag: {"active_tasks": [1, 2, 3, 4, 5, 7, 8], "deleted_task_id": 6, "num_updated_params": 1764701, "do_finetune": true, "retrain_steps": 1, "retrain_steps_source": "k_shot", "retrain_steps_from_cli": false, "allow_zero_retrain": false, "retrain_steps_fallback": null, "buffer_sizes": {"1": 50, "2": 50, "3": 50, "4": 50, "5": 50, "7": 50, "8": 50}}
2026-04-23 16:18:28,642 | INFO | ============================================================
2026-04-23 16:18:28,642 | INFO | [INFO] Training Task 9 ...
2026-04-23 16:18:28,642 | INFO | [INFO] task training start: task=9
2026-04-23 16:18:53,188 | INFO | [INFO] task training end: task=9 elapsed=24.55s
2026-04-23 16:18:54,890 | INFO | ============================================================
2026-04-23 16:18:54,891 | INFO | [INFO] Forgetting Task 7 ...
2026-04-23 16:18:56,548 | INFO | [INFO] forgetting start: task=7 remaining_tasks=[1, 2, 3, 4, 5, 8, 9]
2026-04-23 16:18:58,491 | INFO | [INFO] forgetting end: task=7 elapsed=1.94s
2026-04-23 16:19:00,171 | INFO | [INFO] overlap: |S_t|=2234423 |S_share|=1764691 |S_share_crit|=1764691 ratios: share=0.7898 crit=1.0000
2026-04-23 16:19:00,172 | INFO | [INFO] unlearning timing: t_reset=0.0014s t_retrain=0.1759s t_forget_total=0.1773s updated_params=1764691
2026-04-23 16:19:00,172 | INFO | [INFO] finetune_diag: {"active_tasks": [1, 2, 3, 4, 5, 8, 9], "deleted_task_id": 7, "num_updated_params": 1764691, "do_finetune": true, "retrain_steps": 1, "retrain_steps_source": "k_shot", "retrain_steps_from_cli": false, "allow_zero_retrain": false, "retrain_steps_fallback": null, "buffer_sizes": {"1": 50, "2": 50, "3": 50, "4": 50, "5": 50, "8": 50, "9": 50}}
2026-04-23 16:19:00,172 | INFO | [INFO] finished processing requests in 262.95s
2026-04-23 16:19:00,176 | INFO | [INFO] wrote run report to runs/cifar100/T10_F3/pall_original/seed_1/20260423_161436/report.md
2026-04-23 16:19:00,176 | INFO | [INFO] total run time: 263.91s
