2026-04-26 17:35:08,155 | INFO | ============================================================
2026-04-26 17:35:08,155 | INFO | [INFO] -- Experiment Configs --
2026-04-26 17:35:08,155 | INFO |        1. data & task
2026-04-26 17:35:08,155 | INFO |           dataset:      cifar10
2026-04-26 17:35:08,155 | INFO |           n_tasks:      5
2026-04-26 17:35:08,155 | INFO |           # class/task: 2
2026-04-26 17:35:08,156 | INFO |        2. training
2026-04-26 17:35:08,156 | INFO |           lr:           0.0100
2026-04-26 17:35:08,156 | INFO |        3. model
2026-04-26 17:35:08,156 | INFO |           method:       pall_adapter (adapter)
2026-04-26 17:35:08,156 | INFO |           architecture: adapter_resnet18
2026-04-26 17:35:08,156 | INFO |           norm params:  False
2026-04-26 17:35:08,156 | INFO |           device:       mps
2026-04-26 17:35:08,156 | INFO |           host_os:      macOS
2026-04-26 17:35:08,156 | INFO |           dataloader:   num_workers=0 pin_memory=False persistent_workers=False
2026-04-26 17:35:08,156 | INFO |           placement:    batches move in-loop via x.to(mps), y.to(mps)
2026-04-26 17:35:08,156 | INFO |           deterministic:False
2026-04-26 17:35:08,156 | INFO |           run_dir:      runs/cifar10/T5_F1/pall_adapter/seed_0/20260426_173508
2026-04-26 17:35:08,156 | INFO | ============================================================
2026-04-26 17:35:08,999 | INFO | [INFO] finish processing data in 0.84s
2026-04-26 17:35:08,999 | INFO | [INFO] request schedule source: generated file: NA
2026-04-26 17:35:08,999 | INFO | [INFO] processing user requests: [(0, 'T', [0]), (1, 'T', [0, 1]), (2, 'T', [0, 1, 2]), (3, 'T', [0, 1, 2, 3]), (4, 'T', [0, 1, 2, 3, 4]), (3, 'F', [0, 1, 2, 4])]
2026-04-26 17:35:09,029 | INFO | [INFO] model params: total=11246272 trainable=81920 adapter=81920 ratio=0.0073
2026-04-26 17:35:09,029 | INFO | [INFO] model initialized on mps in 0.03s
2026-04-26 17:35:09,029 | INFO | ============================================================
2026-04-26 17:35:09,029 | INFO | [INFO] Training Task 0 ...
2026-04-26 17:35:09,029 | INFO | [INFO] task training start: task=0
2026-04-26 17:35:14,528 | INFO | [INFO] task training end: task=0 elapsed=5.50s
2026-04-26 17:35:17,670 | INFO | ============================================================
2026-04-26 17:35:17,670 | INFO | [INFO] Training Task 1 ...
2026-04-26 17:35:17,670 | INFO | [INFO] task training start: task=1
2026-04-26 17:35:22,943 | INFO | [INFO] task training end: task=1 elapsed=5.27s
