2026-02-11 13:27:01,707 | INFO | ============================================================
2026-02-11 13:27:01,707 | INFO | [INFO] -- Experiment Configs --
2026-02-11 13:27:01,707 | INFO |        1. data & task
2026-02-11 13:27:01,707 | INFO |           dataset:      cifar10
2026-02-11 13:27:01,707 | INFO |           n_tasks:      2
2026-02-11 13:27:01,707 | INFO |           # class/task: 2
2026-02-11 13:27:01,707 | INFO |        2. training
2026-02-11 13:27:01,707 | INFO |           lr:           0.0100
2026-02-11 13:27:01,707 | INFO |        3. model
2026-02-11 13:27:01,707 | INFO |           method:       pall_modified (modified)
2026-02-11 13:27:01,707 | INFO |           architecture: subnet_resnet18
2026-02-11 13:27:01,707 | INFO |           norm params:  False
2026-02-11 13:27:01,707 | INFO |           device:       mps
2026-02-11 13:27:01,707 | INFO |           deterministic:True
2026-02-11 13:27:01,707 | INFO |           run_dir:      runs/cifar10/T2_F1/pall_modified/seed_0/20260211_132701
2026-02-11 13:27:01,707 | INFO | ============================================================
2026-02-11 13:27:02,597 | INFO | [INFO] finish processing data
2026-02-11 13:27:02,597 | INFO | [INFO] processing user requests: [(0, 'T', [0]), (1, 'T', [0, 1]), (1, 'F', [0])]
2026-02-11 13:27:02,693 | INFO | ============================================================
2026-02-11 13:27:02,693 | INFO | [INFO] Training Task 0 ...
2026-02-11 13:28:06,200 | INFO | ============================================================
2026-02-11 13:28:06,200 | INFO | [INFO] Training Task 1 ...
2026-02-11 13:32:28,589 | INFO | ============================================================
2026-02-11 13:32:28,590 | INFO | [INFO] Forgetting Task 1 ...
2026-02-11 13:32:32,541 | INFO | [INFO] overlap: |S_t|=2232888 |S_share|=446083 |S_share_crit|=446083 ratios: share=0.1998 crit=1.0000
2026-02-11 13:32:32,541 | INFO | [INFO] unlearning timing: t_reset=0.0019s t_retrain=0.0000s updated_params=0
2026-02-11 13:32:32,614 | INFO | [INFO] wrote overlap matrix to runs/cifar10/T2_F1/pall_modified/seed_0/20260211_132701/overlap.csv
