2026-04-26 17:30:50,749 | INFO | ============================================================
2026-04-26 17:30:50,749 | INFO | [INFO] -- Experiment Configs --
2026-04-26 17:30:50,749 | INFO |        1. data & task
2026-04-26 17:30:50,749 | INFO |           dataset:      cifar10
2026-04-26 17:30:50,749 | INFO |           n_tasks:      5
2026-04-26 17:30:50,749 | INFO |           # class/task: 2
2026-04-26 17:30:50,749 | INFO |        2. training
2026-04-26 17:30:50,749 | INFO |           lr:           0.0100
2026-04-26 17:30:50,749 | INFO |        3. model
2026-04-26 17:30:50,749 | INFO |           method:       pall_adapter (adapter)
2026-04-26 17:30:50,749 | INFO |           architecture: adapter_resnet18
2026-04-26 17:30:50,749 | INFO |           norm params:  False
2026-04-26 17:30:50,749 | INFO |           device:       mps
2026-04-26 17:30:50,749 | INFO |           host_os:      macOS
2026-04-26 17:30:50,749 | INFO |           dataloader:   num_workers=0 pin_memory=False persistent_workers=False
2026-04-26 17:30:50,749 | INFO |           placement:    batches move in-loop via x.to(mps), y.to(mps)
2026-04-26 17:30:50,749 | INFO |           deterministic:False
2026-04-26 17:30:50,749 | INFO |           run_dir:      runs/cifar10/T5_F1/pall_adapter/seed_0/20260426_173050
2026-04-26 17:30:50,749 | INFO | ============================================================
2026-04-26 17:30:51,599 | INFO | [INFO] finish processing data in 0.85s
2026-04-26 17:30:51,599 | INFO | [INFO] request schedule source: generated file: NA
2026-04-26 17:30:51,600 | INFO | [INFO] processing user requests: [(0, 'T', [0]), (1, 'T', [0, 1]), (2, 'T', [0, 1, 2]), (3, 'T', [0, 1, 2, 3]), (4, 'T', [0, 1, 2, 3, 4]), (3, 'F', [0, 1, 2, 4])]
2026-04-26 17:30:51,636 | INFO | [INFO] model params: total=11246272 trainable=81920 adapter=81920 ratio=0.0073
2026-04-26 17:30:51,636 | INFO | [INFO] model initialized on mps in 0.04s
2026-04-26 17:30:51,637 | INFO | ============================================================
2026-04-26 17:30:51,637 | INFO | [INFO] Training Task 0 ...
2026-04-26 17:30:51,637 | INFO | [INFO] task training start: task=0
2026-04-26 17:30:57,309 | INFO | [INFO] task training end: task=0 elapsed=5.67s
2026-04-26 17:31:00,451 | INFO | ============================================================
2026-04-26 17:31:00,451 | INFO | [INFO] Training Task 1 ...
2026-04-26 17:31:00,452 | INFO | [INFO] task training start: task=1
2026-04-26 17:31:05,709 | INFO | [INFO] task training end: task=1 elapsed=5.26s
2026-04-26 17:31:08,831 | INFO | ============================================================
2026-04-26 17:31:08,831 | INFO | [INFO] Training Task 2 ...
2026-04-26 17:31:08,831 | INFO | [INFO] task training start: task=2
2026-04-26 17:31:14,097 | INFO | [INFO] task training end: task=2 elapsed=5.27s
2026-04-26 17:31:17,232 | INFO | ============================================================
2026-04-26 17:31:17,232 | INFO | [INFO] Training Task 3 ...
2026-04-26 17:31:17,232 | INFO | [INFO] task training start: task=3
2026-04-26 17:31:22,497 | INFO | [INFO] task training end: task=3 elapsed=5.27s
2026-04-26 17:31:25,634 | INFO | ============================================================
2026-04-26 17:31:25,634 | INFO | [INFO] Training Task 4 ...
2026-04-26 17:31:25,634 | INFO | [INFO] task training start: task=4
2026-04-26 17:31:30,897 | INFO | [INFO] task training end: task=4 elapsed=5.26s
2026-04-26 17:31:34,048 | INFO | ============================================================
2026-04-26 17:31:34,049 | INFO | [INFO] Forgetting Task 3 ...
2026-04-26 17:31:37,139 | INFO | [INFO] forgetting start: task=3 remaining_tasks=[0, 1, 2, 4]
2026-04-26 17:31:40,585 | INFO | [INFO] forgetting end: task=3 elapsed=3.45s
2026-04-26 17:31:43,804 | INFO | [INFO] overlap: |S_t|=16384 |S_share|=0 |S_share_crit|=0 ratios: share=0.0000 crit=0.0000
2026-04-26 17:31:43,804 | INFO | [INFO] unlearning timing: t_reset=0.0065s t_retrain=0.2731s t_forget_total=3.4460s updated_params=65536
2026-04-26 17:31:43,804 | INFO | [INFO] finetune_diag: {"active_tasks": [0, 1, 2, 4], "deleted_task_id": 3, "retrain_steps": 1, "buffer_sizes": {"0": 100, "1": 100, "2": 100, "4": 100}}
2026-04-26 17:31:43,805 | INFO | [WARN] Unlearned task 3 accuracy drop is small: 0.5415 -> 0.5000
2026-04-26 17:31:43,805 | INFO | [INFO] finished processing requests in 52.17s
2026-04-26 17:31:43,808 | INFO | [INFO] wrote run report to runs/cifar10/T5_F1/pall_adapter/seed_0/20260426_173050/report.md
2026-04-26 17:31:43,808 | INFO | [INFO] total run time: 53.06s
