2026-02-11 14:04:52,345 | INFO | ============================================================
2026-02-11 14:04:52,345 | INFO | [INFO] -- Experiment Configs --
2026-02-11 14:04:52,345 | INFO |        1. data & task
2026-02-11 14:04:52,345 | INFO |           dataset:      cifar10
2026-02-11 14:04:52,345 | INFO |           n_tasks:      2
2026-02-11 14:04:52,345 | INFO |           # class/task: 2
2026-02-11 14:04:52,345 | INFO |        2. training
2026-02-11 14:04:52,345 | INFO |           lr:           0.0100
2026-02-11 14:04:52,345 | INFO |        3. model
2026-02-11 14:04:52,345 | INFO |           method:       pall_modified (modified)
2026-02-11 14:04:52,345 | INFO |           architecture: subnet_resnet18
2026-02-11 14:04:52,345 | INFO |           norm params:  False
2026-02-11 14:04:52,345 | INFO |           device:       mps
2026-02-11 14:04:52,345 | INFO |           deterministic:True
2026-02-11 14:04:52,345 | INFO |           run_dir:      runs/cifar10/T2_F1/pall_modified/seed_0/20260211_140452
2026-02-11 14:04:52,345 | INFO | ============================================================
2026-02-11 14:04:53,189 | INFO | [INFO] finish processing data
2026-02-11 14:04:53,189 | INFO | [INFO] processing user requests: [(0, 'T', [0]), (1, 'T', [0, 1]), (1, 'F', [0])]
2026-02-11 14:04:53,266 | INFO | ============================================================
2026-02-11 14:04:53,266 | INFO | [INFO] Training Task 0 ...
2026-02-11 14:05:54,680 | INFO | ============================================================
2026-02-11 14:05:54,680 | INFO | [INFO] Training Task 1 ...
2026-02-11 14:10:53,448 | INFO | ============================================================
2026-02-11 14:10:53,449 | INFO | [INFO] Forgetting Task 1 ...
2026-02-11 14:21:05,772 | INFO | [INFO] overlap: |S_t|=2232888 |S_share|=446083 |S_share_crit|=446083 ratios: share=0.1998 crit=1.0000
2026-02-11 14:21:05,774 | INFO | [INFO] unlearning timing: t_reset=0.0020s t_retrain=608.3210s updated_params=446083
2026-02-11 14:21:05,850 | INFO | [INFO] wrote overlap matrix to runs/cifar10/T2_F1/pall_modified/seed_0/20260211_140452/overlap.csv
