2026-04-23 17:45:11,685 | INFO | ============================================================
2026-04-23 17:45:11,685 | INFO | [INFO] -- Experiment Configs --
2026-04-23 17:45:11,685 | INFO |        1. data & task
2026-04-23 17:45:11,685 | INFO |           dataset:      cifar100
2026-04-23 17:45:11,685 | INFO |           n_tasks:      10
2026-04-23 17:45:11,685 | INFO |           # class/task: 5
2026-04-23 17:45:11,685 | INFO |        2. training
2026-04-23 17:45:11,685 | INFO |           lr:           0.0100
2026-04-23 17:45:11,685 | INFO |        3. model
2026-04-23 17:45:11,685 | INFO |           method:       pall_modified (modified)
2026-04-23 17:45:11,685 | INFO |           architecture: subnet_resnet18
2026-04-23 17:45:11,685 | INFO |           norm params:  False
2026-04-23 17:45:11,685 | INFO |           device:       mps
2026-04-23 17:45:11,685 | INFO |           host_os:      macOS
2026-04-23 17:45:11,685 | INFO |           dataloader:   num_workers=0 pin_memory=False persistent_workers=False
2026-04-23 17:45:11,685 | INFO |           placement:    batches move in-loop via x.to(mps), y.to(mps)
2026-04-23 17:45:11,685 | INFO |           deterministic:False
2026-04-23 17:45:11,686 | INFO |           run_dir:      runs/cifar100/T10_F3/pall_modified/seed_0/20260423_174511
2026-04-23 17:45:11,686 | INFO | ============================================================
2026-04-23 17:45:12,578 | INFO | [INFO] finish processing data in 0.89s
2026-04-23 17:45:12,578 | INFO | [INFO] request schedule source: file file: /Users/fateme/Documents/Uni/project/my thesis/code/Overlap-Aware-Selective-Forgetting-/schedules/cifar100_t10_f3_seed0.json
2026-04-23 17:45:12,578 | INFO | [INFO] processing user requests: [(0, 'T', [0]), (1, 'T', [0, 1]), (2, 'T', [0, 1, 2]), (3, 'T', [0, 1, 2, 3]), (4, 'T', [0, 1, 2, 3, 4]), (5, 'T', [0, 1, 2, 3, 4, 5]), (6, 'T', [0, 1, 2, 3, 4, 5, 6]), (0, 'F', [1, 2, 3, 4, 5, 6]), (7, 'T', [1, 2, 3, 4, 5, 6, 7]), (8, 'T', [1, 2, 3, 4, 5, 6, 7, 8]), (6, 'F', [1, 2, 3, 4, 5, 7, 8]), (9, 'T', [1, 2, 3, 4, 5, 7, 8, 9]), (7, 'F', [1, 2, 3, 4, 5, 8, 9])]
2026-04-23 17:45:12,656 | INFO | [INFO] model initialized on mps in 0.08s
2026-04-23 17:45:12,657 | INFO | ============================================================
2026-04-23 17:45:12,657 | INFO | [INFO] Training Task 0 ...
2026-04-23 17:45:12,657 | INFO | [INFO] task training start: task=0
2026-04-23 17:45:18,930 | INFO | [INFO] task training end: task=0 elapsed=6.27s
2026-04-23 17:45:20,612 | INFO | ============================================================
2026-04-23 17:45:20,612 | INFO | [INFO] Training Task 1 ...
2026-04-23 17:45:20,612 | INFO | [INFO] task training start: task=1
2026-04-23 17:45:28,600 | INFO | [INFO] task training end: task=1 elapsed=7.99s
2026-04-23 17:45:30,211 | INFO | ============================================================
2026-04-23 17:45:30,211 | INFO | [INFO] Training Task 2 ...
2026-04-23 17:45:30,211 | INFO | [INFO] task training start: task=2
2026-04-23 17:45:38,279 | INFO | [INFO] task training end: task=2 elapsed=8.07s
2026-04-23 17:45:39,935 | INFO | ============================================================
2026-04-23 17:45:39,936 | INFO | [INFO] Training Task 3 ...
2026-04-23 17:45:39,936 | INFO | [INFO] task training start: task=3
2026-04-23 17:45:48,233 | INFO | [INFO] task training end: task=3 elapsed=8.30s
2026-04-23 17:45:49,873 | INFO | ============================================================
2026-04-23 17:45:49,873 | INFO | [INFO] Training Task 4 ...
2026-04-23 17:45:49,873 | INFO | [INFO] task training start: task=4
2026-04-23 17:45:58,377 | INFO | [INFO] task training end: task=4 elapsed=8.50s
2026-04-23 17:46:00,018 | INFO | ============================================================
2026-04-23 17:46:00,018 | INFO | [INFO] Training Task 5 ...
2026-04-23 17:46:00,018 | INFO | [INFO] task training start: task=5
2026-04-23 17:46:08,582 | INFO | [INFO] task training end: task=5 elapsed=8.56s
2026-04-23 17:46:10,243 | INFO | ============================================================
2026-04-23 17:46:10,243 | INFO | [INFO] Training Task 6 ...
2026-04-23 17:46:10,243 | INFO | [INFO] task training start: task=6
2026-04-23 17:46:18,881 | INFO | [INFO] task training end: task=6 elapsed=8.64s
2026-04-23 17:46:20,545 | INFO | ============================================================
2026-04-23 17:46:20,545 | INFO | [INFO] Forgetting Task 0 ...
2026-04-23 17:46:22,180 | INFO | [INFO] forgetting start: task=0 remaining_tasks=[1, 2, 3, 4, 5, 6]
2026-04-23 17:46:32,988 | INFO | [INFO] forgetting end: task=0 elapsed=10.81s
2026-04-23 17:46:34,729 | INFO | [INFO] overlap: |S_t|=2234423 |S_share|=1647314 |S_share_crit|=329463 ratios: share=0.7372 crit=0.2000
2026-04-23 17:46:34,729 | INFO | [INFO] unlearning timing: t_reset=0.0014s t_retrain=8.8364s t_forget_total=8.8378s updated_params=1647314
2026-04-23 17:46:34,729 | INFO | [INFO] finetune_diag: {"active_tasks": [1, 2, 3, 4, 5, 6], "deleted_task_id": 0, "num_updated_params": 1647314, "do_finetune": true, "retrain_steps": 50, "retrain_steps_source": "retrain_steps", "retrain_steps_from_cli": true, "allow_zero_retrain": false, "retrain_steps_fallback": null, "buffer_sizes": {"1": 50, "2": 50, "3": 50, "4": 50, "5": 50, "6": 50}}
2026-04-23 17:46:34,730 | INFO | ============================================================
2026-04-23 17:46:34,730 | INFO | [INFO] Training Task 7 ...
2026-04-23 17:46:34,730 | INFO | [INFO] task training start: task=7
2026-04-23 17:46:43,523 | INFO | [INFO] task training end: task=7 elapsed=8.79s
2026-04-23 17:46:45,303 | INFO | ============================================================
2026-04-23 17:46:45,303 | INFO | [INFO] Training Task 8 ...
2026-04-23 17:46:45,303 | INFO | [INFO] task training start: task=8
2026-04-23 17:46:54,213 | INFO | [INFO] task training end: task=8 elapsed=8.91s
2026-04-23 17:46:55,981 | INFO | ============================================================
2026-04-23 17:46:55,981 | INFO | [INFO] Forgetting Task 6 ...
2026-04-23 17:46:57,702 | INFO | [INFO] forgetting start: task=6 remaining_tasks=[1, 2, 3, 4, 5, 7, 8]
2026-04-23 17:47:09,397 | INFO | [INFO] forgetting end: task=6 elapsed=11.69s
2026-04-23 17:47:11,206 | INFO | [INFO] overlap: |S_t|=2234424 |S_share|=1763222 |S_share_crit|=352645 ratios: share=0.7891 crit=0.2000
2026-04-23 17:47:11,206 | INFO | [INFO] unlearning timing: t_reset=0.0014s t_retrain=9.5652s t_forget_total=9.5667s updated_params=1763222
2026-04-23 17:47:11,206 | INFO | [INFO] finetune_diag: {"active_tasks": [1, 2, 3, 4, 5, 7, 8], "deleted_task_id": 6, "num_updated_params": 1763222, "do_finetune": true, "retrain_steps": 50, "retrain_steps_source": "retrain_steps", "retrain_steps_from_cli": true, "allow_zero_retrain": false, "retrain_steps_fallback": null, "buffer_sizes": {"1": 50, "2": 50, "3": 50, "4": 50, "5": 50, "7": 50, "8": 50}}
2026-04-23 17:47:11,206 | INFO | ============================================================
2026-04-23 17:47:11,207 | INFO | [INFO] Training Task 9 ...
2026-04-23 17:47:11,207 | INFO | [INFO] task training start: task=9
2026-04-23 17:47:20,250 | INFO | [INFO] task training end: task=9 elapsed=9.04s
2026-04-23 17:47:22,029 | INFO | ============================================================
2026-04-23 17:47:22,029 | INFO | [INFO] Forgetting Task 7 ...
2026-04-23 17:47:23,767 | INFO | [INFO] forgetting start: task=7 remaining_tasks=[1, 2, 3, 4, 5, 8, 9]
2026-04-23 17:47:35,098 | INFO | [INFO] forgetting end: task=7 elapsed=11.33s
2026-04-23 17:47:36,872 | INFO | [INFO] overlap: |S_t|=2234424 |S_share|=1764268 |S_share_crit|=352854 ratios: share=0.7896 crit=0.2000
2026-04-23 17:47:36,872 | INFO | [INFO] unlearning timing: t_reset=0.0014s t_retrain=9.1821s t_forget_total=9.1834s updated_params=1764268
2026-04-23 17:47:36,872 | INFO | [INFO] finetune_diag: {"active_tasks": [1, 2, 3, 4, 5, 8, 9], "deleted_task_id": 7, "num_updated_params": 1764268, "do_finetune": true, "retrain_steps": 50, "retrain_steps_source": "retrain_steps", "retrain_steps_from_cli": true, "allow_zero_retrain": false, "retrain_steps_fallback": null, "buffer_sizes": {"1": 50, "2": 50, "3": 50, "4": 50, "5": 50, "8": 50, "9": 50}}
2026-04-23 17:47:36,873 | INFO | [INFO] finished processing requests in 144.21s
2026-04-23 17:47:38,257 | INFO | [INFO] wrote overlap matrix to runs/cifar100/T10_F3/pall_modified/seed_0/20260423_174511/overlap.csv
2026-04-23 17:47:38,258 | INFO | [INFO] wrote run report to runs/cifar100/T10_F3/pall_modified/seed_0/20260423_174511/report.md
2026-04-23 17:47:38,258 | INFO | [INFO] total run time: 146.57s
