2026-04-23 13:09:36,955 | INFO | ============================================================
2026-04-23 13:09:36,956 | INFO | [INFO] -- Experiment Configs --
2026-04-23 13:09:36,956 | INFO |        1. data & task
2026-04-23 13:09:36,956 | INFO |           dataset:      cifar10
2026-04-23 13:09:36,956 | INFO |           n_tasks:      5
2026-04-23 13:09:36,956 | INFO |           # class/task: 2
2026-04-23 13:09:36,956 | INFO |        2. training
2026-04-23 13:09:36,956 | INFO |           lr:           0.0100
2026-04-23 13:09:36,956 | INFO |        3. model
2026-04-23 13:09:36,956 | INFO |           method:       pall_original (original)
2026-04-23 13:09:36,956 | INFO |           architecture: subnet_resnet18
2026-04-23 13:09:36,956 | INFO |           norm params:  False
2026-04-23 13:09:36,956 | INFO |           device:       mps
2026-04-23 13:09:36,956 | INFO |           host_os:      macOS
2026-04-23 13:09:36,956 | INFO |           dataloader:   num_workers=0 pin_memory=False persistent_workers=False
2026-04-23 13:09:36,956 | INFO |           placement:    batches move in-loop via x.to(mps), y.to(mps)
2026-04-23 13:09:36,956 | INFO |           deterministic:False
2026-04-23 13:09:36,956 | INFO |           run_dir:      runs/cifar10/T5_F3/pall_original/seed_0/20260423_130936
2026-04-23 13:09:36,956 | INFO | ============================================================
2026-04-23 13:09:37,812 | INFO | [INFO] finish processing data in 0.86s
2026-04-23 13:09:37,812 | INFO | [INFO] request schedule source: file file: /Users/fateme/Documents/Uni/project/my thesis/code/Overlap-Aware-Selective-Forgetting-/schedules/test_schedule.json
2026-04-23 13:09:37,812 | INFO | [INFO] processing user requests: [(0, 'T', [0]), (1, 'T', [0, 1]), (2, 'T', [0, 1, 2]), (3, 'T', [0, 1, 2, 3]), (4, 'T', [0, 1, 2, 3, 4]), (3, 'F', [0, 1, 2, 4])]
2026-04-23 13:09:37,880 | INFO | [INFO] model initialized on mps in 0.07s
2026-04-23 13:09:37,880 | INFO | ============================================================
2026-04-23 13:09:37,880 | INFO | [INFO] Training Task 0 ...
2026-04-23 13:09:37,880 | INFO | [INFO] task training start: task=0
2026-04-23 13:10:01,683 | INFO | [INFO] task training end: task=0 elapsed=23.80s
2026-04-23 13:10:04,982 | INFO | ============================================================
2026-04-23 13:10:04,982 | INFO | [INFO] Training Task 1 ...
2026-04-23 13:10:04,982 | INFO | [INFO] task training start: task=1
2026-04-23 13:10:36,644 | INFO | [INFO] task training end: task=1 elapsed=31.66s
2026-04-23 13:10:39,957 | INFO | ============================================================
2026-04-23 13:10:39,957 | INFO | [INFO] Training Task 2 ...
2026-04-23 13:10:39,957 | INFO | [INFO] task training start: task=2
2026-04-23 13:11:12,485 | INFO | [INFO] task training end: task=2 elapsed=32.53s
2026-04-23 13:11:15,809 | INFO | ============================================================
2026-04-23 13:11:15,809 | INFO | [INFO] Training Task 3 ...
2026-04-23 13:11:15,809 | INFO | [INFO] task training start: task=3
2026-04-23 13:11:48,940 | INFO | [INFO] task training end: task=3 elapsed=33.13s
2026-04-23 13:11:52,274 | INFO | ============================================================
2026-04-23 13:11:52,274 | INFO | [INFO] Training Task 4 ...
2026-04-23 13:11:52,274 | INFO | [INFO] task training start: task=4
2026-04-23 13:12:26,187 | INFO | [INFO] task training end: task=4 elapsed=33.91s
2026-04-23 13:12:29,552 | INFO | ============================================================
2026-04-23 13:12:29,552 | INFO | [INFO] Forgetting Task 3 ...
2026-04-23 13:12:32,870 | INFO | [INFO] forgetting start: task=3 remaining_tasks=[0, 1, 2, 4]
2026-04-23 13:12:36,565 | INFO | [INFO] forgetting end: task=3 elapsed=3.69s
2026-04-23 13:12:39,897 | INFO | [INFO] overlap: |S_t|=2232889 |S_share|=1317701 |S_share_crit|=1317701 ratios: share=0.5901 crit=1.0000
2026-04-23 13:12:39,897 | INFO | [INFO] unlearning timing: t_reset=0.0014s t_retrain=0.2628s t_forget_total=0.2642s updated_params=1317701
2026-04-23 13:12:39,897 | INFO | [INFO] finetune_diag: {"active_tasks": [0, 1, 2, 4], "deleted_task_id": 3, "num_updated_params": 1317701, "do_finetune": true, "retrain_steps": 1, "retrain_steps_source": "k_shot", "retrain_steps_from_cli": false, "allow_zero_retrain": false, "retrain_steps_fallback": null, "buffer_sizes": {"0": 100, "1": 100, "2": 100, "4": 100}}
2026-04-23 13:12:39,898 | INFO | [INFO] finished processing requests in 182.01s
2026-04-23 13:12:39,901 | INFO | [INFO] wrote run report to runs/cifar10/T5_F3/pall_original/seed_0/20260423_130936/report.md
2026-04-23 13:12:39,902 | INFO | [INFO] total run time: 182.94s
