2026-02-12 00:13:21,221 | INFO | ============================================================
2026-02-12 00:13:21,221 | INFO | [INFO] -- Experiment Configs --
2026-02-12 00:13:21,221 | INFO |        1. data & task
2026-02-12 00:13:21,221 | INFO |           dataset:      cifar10
2026-02-12 00:13:21,221 | INFO |           n_tasks:      2
2026-02-12 00:13:21,221 | INFO |           # class/task: 2
2026-02-12 00:13:21,221 | INFO |        2. training
2026-02-12 00:13:21,221 | INFO |           lr:           0.0100
2026-02-12 00:13:21,221 | INFO |        3. model
2026-02-12 00:13:21,221 | INFO |           method:       pall_original (original)
2026-02-12 00:13:21,221 | INFO |           architecture: subnet_resnet18
2026-02-12 00:13:21,221 | INFO |           norm params:  False
2026-02-12 00:13:21,221 | INFO |           device:       mps
2026-02-12 00:13:21,221 | INFO |           deterministic:True
2026-02-12 00:13:21,221 | INFO |           run_dir:      runs/cifar10/T2_F1/pall_original/seed_2/20260212_001321
2026-02-12 00:13:21,221 | INFO | ============================================================
2026-02-12 00:13:22,096 | INFO | [INFO] finish processing data
2026-02-12 00:13:22,097 | INFO | [INFO] processing user requests: [(0, 'T', [0]), (0, 'F', []), (1, 'T', [1])]
2026-02-12 00:13:22,170 | INFO | ============================================================
2026-02-12 00:13:22,170 | INFO | [INFO] Training Task 0 ...
2026-02-12 00:14:23,886 | INFO | ============================================================
2026-02-12 00:14:23,886 | INFO | [INFO] Forgetting Task 0 ...
2026-02-12 00:14:27,676 | INFO | [INFO] overlap: |S_t|=2232890 |S_share|=0 |S_share_crit|=0 ratios: share=0.0000 crit=0.0000
2026-02-12 00:14:27,676 | INFO | [INFO] unlearning timing: t_reset=0.0008s t_retrain=0.0000s updated_params=0
2026-02-12 00:14:27,676 | INFO | ============================================================
2026-02-12 00:14:27,677 | INFO | [INFO] Training Task 1 ...
2026-02-12 00:15:28,984 | INFO | [INFO] wrote overlap matrix to runs/cifar10/T2_F1/pall_original/seed_2/20260212_001321/overlap.csv
