2026-04-23 13:41:02,479 | INFO | ============================================================
2026-04-23 13:41:02,479 | INFO | [INFO] -- Experiment Configs --
2026-04-23 13:41:02,479 | INFO |        1. data & task
2026-04-23 13:41:02,479 | INFO |           dataset:      cifar10
2026-04-23 13:41:02,479 | INFO |           n_tasks:      5
2026-04-23 13:41:02,479 | INFO |           # class/task: 2
2026-04-23 13:41:02,479 | INFO |        2. training
2026-04-23 13:41:02,479 | INFO |           lr:           0.0100
2026-04-23 13:41:02,479 | INFO |        3. model
2026-04-23 13:41:02,479 | INFO |           method:       pall_original (original)
2026-04-23 13:41:02,479 | INFO |           architecture: subnet_resnet18
2026-04-23 13:41:02,479 | INFO |           norm params:  False
2026-04-23 13:41:02,479 | INFO |           device:       mps
2026-04-23 13:41:02,479 | INFO |           host_os:      macOS
2026-04-23 13:41:02,479 | INFO |           dataloader:   num_workers=0 pin_memory=False persistent_workers=False
2026-04-23 13:41:02,479 | INFO |           placement:    batches move in-loop via x.to(mps), y.to(mps)
2026-04-23 13:41:02,479 | INFO |           deterministic:False
2026-04-23 13:41:02,479 | INFO |           run_dir:      runs/cifar10/T5_F3/pall_original/seed_1/20260423_134102
2026-04-23 13:41:02,479 | INFO | ============================================================
2026-04-23 13:41:03,344 | INFO | [INFO] finish processing data in 0.86s
2026-04-23 13:41:03,344 | INFO | [INFO] request schedule source: file file: /Users/fateme/Documents/Uni/project/my thesis/code/Overlap-Aware-Selective-Forgetting-/schedules/test_schedule.json
2026-04-23 13:41:03,345 | INFO | [INFO] processing user requests: [(0, 'T', [0]), (1, 'T', [0, 1]), (2, 'T', [0, 1, 2]), (3, 'T', [0, 1, 2, 3]), (4, 'T', [0, 1, 2, 3, 4]), (3, 'F', [0, 1, 2, 4])]
2026-04-23 13:41:03,414 | INFO | [INFO] model initialized on mps in 0.07s
2026-04-23 13:41:03,415 | INFO | ============================================================
2026-04-23 13:41:03,415 | INFO | [INFO] Training Task 0 ...
2026-04-23 13:41:03,415 | INFO | [INFO] task training start: task=0
2026-04-23 13:42:07,062 | INFO | [INFO] task training end: task=0 elapsed=63.65s
2026-04-23 13:42:10,362 | INFO | ============================================================
2026-04-23 13:42:10,362 | INFO | [INFO] Training Task 1 ...
2026-04-23 13:42:10,362 | INFO | [INFO] task training start: task=1
2026-04-23 13:43:37,599 | INFO | [INFO] task training end: task=1 elapsed=87.23s
2026-04-23 13:43:40,870 | INFO | ============================================================
2026-04-23 13:43:40,870 | INFO | [INFO] Training Task 2 ...
2026-04-23 13:43:40,870 | INFO | [INFO] task training start: task=2
2026-04-23 13:45:10,877 | INFO | [INFO] task training end: task=2 elapsed=90.01s
2026-04-23 13:45:14,282 | INFO | ============================================================
2026-04-23 13:45:14,282 | INFO | [INFO] Training Task 3 ...
2026-04-23 13:45:14,282 | INFO | [INFO] task training start: task=3
2026-04-23 13:46:46,276 | INFO | [INFO] task training end: task=3 elapsed=91.99s
2026-04-23 13:46:49,594 | INFO | ============================================================
2026-04-23 13:46:49,594 | INFO | [INFO] Training Task 4 ...
2026-04-23 13:46:49,594 | INFO | [INFO] task training start: task=4
2026-04-23 13:48:24,058 | INFO | [INFO] task training end: task=4 elapsed=94.46s
2026-04-23 13:48:27,478 | INFO | ============================================================
2026-04-23 13:48:27,478 | INFO | [INFO] Forgetting Task 3 ...
2026-04-23 13:48:30,904 | INFO | [INFO] forgetting start: task=3 remaining_tasks=[0, 1, 2, 4]
2026-04-23 13:48:34,701 | INFO | [INFO] forgetting end: task=3 elapsed=3.80s
2026-04-23 13:48:38,033 | INFO | [INFO] overlap: |S_t|=2232887 |S_share|=1317615 |S_share_crit|=1317615 ratios: share=0.5901 crit=1.0000
2026-04-23 13:48:38,034 | INFO | [INFO] unlearning timing: t_reset=0.0019s t_retrain=0.2376s t_forget_total=0.2394s updated_params=1317615
2026-04-23 13:48:38,034 | INFO | [INFO] finetune_diag: {"active_tasks": [0, 1, 2, 4], "deleted_task_id": 3, "num_updated_params": 1317615, "do_finetune": true, "retrain_steps": 1, "retrain_steps_source": "k_shot", "retrain_steps_from_cli": false, "allow_zero_retrain": false, "retrain_steps_fallback": null, "buffer_sizes": {"0": 100, "1": 100, "2": 100, "4": 100}}
2026-04-23 13:48:38,034 | INFO | [INFO] finished processing requests in 454.61s
2026-04-23 13:48:38,036 | INFO | [INFO] wrote run report to runs/cifar10/T5_F3/pall_original/seed_1/20260423_134102/report.md
2026-04-23 13:48:38,036 | INFO | [INFO] total run time: 455.55s
