2026-02-11 02:46:17,687 | INFO | ============================================================
2026-02-11 02:46:17,687 | INFO | [INFO] -- Experiment Configs --
2026-02-11 02:46:17,687 | INFO |        1. data & task
2026-02-11 02:46:17,687 | INFO |           dataset:      cifar10
2026-02-11 02:46:17,687 | INFO |           n_tasks:      2
2026-02-11 02:46:17,687 | INFO |           # class/task: 2
2026-02-11 02:46:17,687 | INFO |        2. training
2026-02-11 02:46:17,687 | INFO |           lr:           0.0100
2026-02-11 02:46:17,687 | INFO |        3. model
2026-02-11 02:46:17,687 | INFO |           method:       pall_modified (modified)
2026-02-11 02:46:17,687 | INFO |           architecture: subnet_resnet18
2026-02-11 02:46:17,687 | INFO |           norm params:  False
2026-02-11 02:46:17,687 | INFO |           device:       mps
2026-02-11 02:46:17,687 | INFO |           deterministic:True
2026-02-11 02:46:17,687 | INFO |           run_dir:      runs/cifar10/T2_F1/pall_modified/seed_0/20260211_024617
2026-02-11 02:46:17,687 | INFO | ============================================================
2026-02-11 02:46:18,541 | INFO | [INFO] finish processing data
2026-02-11 02:46:18,542 | INFO | [INFO] processing user requests: [(0, 'T', [0]), (1, 'T', [0, 1]), (1, 'F', [0])]
2026-02-11 02:46:18,618 | INFO | ============================================================
2026-02-11 02:46:18,618 | INFO | [INFO] Training Task 0 ...
