2026-04-27 11:01:15,107 | INFO | ============================================================
2026-04-27 11:01:15,107 | INFO | [INFO] -- Experiment Configs --
2026-04-27 11:01:15,107 | INFO |        1. data & task
2026-04-27 11:01:15,107 | INFO |           dataset:      cifar10
2026-04-27 11:01:15,107 | INFO |           n_tasks:      5
2026-04-27 11:01:15,107 | INFO |           # class/task: 2
2026-04-27 11:01:15,107 | INFO |        2. training
2026-04-27 11:01:15,107 | INFO |           lr:           0.0100
2026-04-27 11:01:15,107 | INFO |        3. model
2026-04-27 11:01:15,107 | INFO |           method:       pall_adapter (adapter)
2026-04-27 11:01:15,107 | INFO |           architecture: adapter_resnet18
2026-04-27 11:01:15,107 | INFO |           norm params:  False
2026-04-27 11:01:15,107 | INFO |           device:       mps
2026-04-27 11:01:15,107 | INFO |           host_os:      macOS
2026-04-27 11:01:15,108 | INFO |           dataloader:   num_workers=0 pin_memory=False persistent_workers=False
2026-04-27 11:01:15,108 | INFO |           placement:    batches move in-loop via x.to(mps), y.to(mps)
2026-04-27 11:01:15,108 | INFO |           deterministic:False
2026-04-27 11:01:15,108 | INFO |           run_dir:      runs/cifar10/T5_F3/pall_adapter/seed_0/20260427_110115
2026-04-27 11:01:15,108 | INFO | ============================================================
2026-04-27 11:01:15,989 | INFO | [INFO] finish processing data in 0.88s
2026-04-27 11:01:15,989 | INFO | [INFO] request schedule source: file file: /Users/fateme/Documents/Uni/project/my thesis/code/Overlap-Aware-Selective-Forgetting-/schedules/cifar10_t5_f3_fixed_seed0.json
2026-04-27 11:01:15,990 | INFO | [INFO] processing user requests: [(0, 'T', [0]), (1, 'T', [0, 1]), (2, 'T', [0, 1, 2]), (3, 'T', [0, 1, 2, 3]), (4, 'T', [0, 1, 2, 3, 4]), (3, 'F', [0, 1, 2, 4])]
2026-04-27 11:01:16,024 | INFO | [INFO] model params: total=11328192 trainable=168960 adapter=163840 ratio=0.0149
2026-04-27 11:01:16,024 | INFO | [INFO] model initialized on mps in 0.03s
2026-04-27 11:01:16,024 | INFO | ============================================================
2026-04-27 11:01:16,024 | INFO | [INFO] Training Task 0 ...
2026-04-27 11:01:16,024 | INFO | [INFO] task training start: task=0
2026-04-27 11:01:27,707 | INFO | [INFO] task training end: task=0 elapsed=11.68s
2026-04-27 11:01:31,147 | INFO | ============================================================
2026-04-27 11:01:31,147 | INFO | [INFO] Training Task 1 ...
2026-04-27 11:01:31,147 | INFO | [INFO] task training start: task=1
2026-04-27 11:01:42,487 | INFO | [INFO] task training end: task=1 elapsed=11.34s
2026-04-27 11:01:46,272 | INFO | ============================================================
2026-04-27 11:01:46,272 | INFO | [INFO] Training Task 2 ...
2026-04-27 11:01:46,272 | INFO | [INFO] task training start: task=2
2026-04-27 11:01:57,490 | INFO | [INFO] task training end: task=2 elapsed=11.22s
2026-04-27 11:02:00,990 | INFO | ============================================================
2026-04-27 11:02:00,990 | INFO | [INFO] Training Task 3 ...
2026-04-27 11:02:00,990 | INFO | [INFO] task training start: task=3
2026-04-27 11:02:12,484 | INFO | [INFO] task training end: task=3 elapsed=11.49s
2026-04-27 11:02:15,781 | INFO | ============================================================
2026-04-27 11:02:15,781 | INFO | [INFO] Training Task 4 ...
2026-04-27 11:02:15,781 | INFO | [INFO] task training start: task=4
2026-04-27 11:02:26,715 | INFO | [INFO] task training end: task=4 elapsed=10.93s
2026-04-27 11:02:29,960 | INFO | ============================================================
2026-04-27 11:02:29,960 | INFO | [INFO] Forgetting Task 3 ...
2026-04-27 11:02:33,150 | INFO | [INFO] forgetting start: task=3 remaining_tasks=[0, 1, 2, 4]
2026-04-27 11:02:36,560 | INFO | [INFO] forgetting end: task=3 elapsed=3.41s
2026-04-27 11:02:39,803 | INFO | [INFO] overlap: |S_t|=33792 |S_share|=0 |S_share_crit|=0 ratios: share=0.0000 crit=0.0000
2026-04-27 11:02:39,803 | INFO | [INFO] unlearning timing: t_reset=0.0055s t_retrain=0.2101s t_forget_total=3.4092s updated_params=135168
2026-04-27 11:02:39,803 | INFO | [INFO] finetune_diag: {"active_tasks": [0, 1, 2, 4], "deleted_task_id": 3, "retrain_steps": 1, "buffer_sizes": {"0": 100, "1": 100, "2": 100, "4": 100}}
2026-04-27 11:02:39,804 | INFO | [INFO] finished processing requests in 83.78s
2026-04-27 11:02:39,806 | INFO | [INFO] wrote run report to runs/cifar10/T5_F3/pall_adapter/seed_0/20260427_110115/report.md
2026-04-27 11:02:39,807 | INFO | [INFO] total run time: 84.70s
