2026-04-26 17:59:37,658 | INFO | ============================================================
2026-04-26 17:59:37,658 | INFO | [INFO] -- Experiment Configs --
2026-04-26 17:59:37,658 | INFO |        1. data & task
2026-04-26 17:59:37,658 | INFO |           dataset:      cifar10
2026-04-26 17:59:37,658 | INFO |           n_tasks:      5
2026-04-26 17:59:37,658 | INFO |           # class/task: 2
2026-04-26 17:59:37,658 | INFO |        2. training
2026-04-26 17:59:37,658 | INFO |           lr:           0.0100
2026-04-26 17:59:37,658 | INFO |        3. model
2026-04-26 17:59:37,658 | INFO |           method:       pall_adapter (adapter)
2026-04-26 17:59:37,658 | INFO |           architecture: adapter_resnet18
2026-04-26 17:59:37,658 | INFO |           norm params:  False
2026-04-26 17:59:37,658 | INFO |           device:       mps
2026-04-26 17:59:37,658 | INFO |           host_os:      macOS
2026-04-26 17:59:37,658 | INFO |           dataloader:   num_workers=0 pin_memory=False persistent_workers=False
2026-04-26 17:59:37,658 | INFO |           placement:    batches move in-loop via x.to(mps), y.to(mps)
2026-04-26 17:59:37,658 | INFO |           deterministic:False
2026-04-26 17:59:37,658 | INFO |           run_dir:      runs/cifar10/T5_F3/pall_adapter/seed_1/20260426_175937
2026-04-26 17:59:37,658 | INFO | ============================================================
2026-04-26 17:59:38,612 | INFO | [INFO] finish processing data in 0.95s
2026-04-26 17:59:38,612 | INFO | [INFO] request schedule source: file file: /Users/fateme/Documents/Uni/project/my thesis/code/Overlap-Aware-Selective-Forgetting-/schedules/cifar10_t5_f3_fixed_seed0.json
2026-04-26 17:59:38,613 | INFO | [INFO] processing user requests: [(0, 'T', [0]), (1, 'T', [0, 1]), (2, 'T', [0, 1, 2]), (3, 'T', [0, 1, 2, 3]), (4, 'T', [0, 1, 2, 3, 4]), (3, 'F', [0, 1, 2, 4])]
2026-04-26 17:59:38,643 | INFO | [INFO] model params: total=11246272 trainable=87040 adapter=81920 ratio=0.0077
2026-04-26 17:59:38,643 | INFO | [INFO] model initialized on mps in 0.03s
2026-04-26 17:59:38,643 | INFO | ============================================================
2026-04-26 17:59:38,643 | INFO | [INFO] Training Task 0 ...
2026-04-26 17:59:38,643 | INFO | [INFO] task training start: task=0
2026-04-26 17:59:49,809 | INFO | [INFO] task training end: task=0 elapsed=11.17s
2026-04-26 17:59:53,065 | INFO | ============================================================
2026-04-26 17:59:53,065 | INFO | [INFO] Training Task 1 ...
2026-04-26 17:59:53,065 | INFO | [INFO] task training start: task=1
2026-04-26 18:00:03,717 | INFO | [INFO] task training end: task=1 elapsed=10.65s
2026-04-26 18:00:06,909 | INFO | ============================================================
2026-04-26 18:00:06,910 | INFO | [INFO] Training Task 2 ...
2026-04-26 18:00:06,910 | INFO | [INFO] task training start: task=2
2026-04-26 18:00:17,553 | INFO | [INFO] task training end: task=2 elapsed=10.64s
2026-04-26 18:00:20,744 | INFO | ============================================================
2026-04-26 18:00:20,744 | INFO | [INFO] Training Task 3 ...
2026-04-26 18:00:20,744 | INFO | [INFO] task training start: task=3
2026-04-26 18:00:31,582 | INFO | [INFO] task training end: task=3 elapsed=10.84s
2026-04-26 18:00:34,788 | INFO | ============================================================
2026-04-26 18:00:34,788 | INFO | [INFO] Training Task 4 ...
2026-04-26 18:00:34,788 | INFO | [INFO] task training start: task=4
2026-04-26 18:00:45,309 | INFO | [INFO] task training end: task=4 elapsed=10.52s
2026-04-26 18:00:48,450 | INFO | ============================================================
2026-04-26 18:00:48,450 | INFO | [INFO] Forgetting Task 3 ...
2026-04-26 18:00:51,531 | INFO | [INFO] forgetting start: task=3 remaining_tasks=[0, 1, 2, 4]
2026-04-26 18:00:54,685 | INFO | [INFO] forgetting end: task=3 elapsed=3.15s
2026-04-26 18:00:57,818 | INFO | [INFO] overlap: |S_t|=17408 |S_share|=0 |S_share_crit|=0 ratios: share=0.0000 crit=0.0000
2026-04-26 18:00:57,818 | INFO | [INFO] unlearning timing: t_reset=0.0041s t_retrain=0.0665s t_forget_total=3.1537s updated_params=69632
2026-04-26 18:00:57,818 | INFO | [INFO] finetune_diag: {"active_tasks": [0, 1, 2, 4], "deleted_task_id": 3, "retrain_steps": 1, "buffer_sizes": {"0": 100, "1": 100, "2": 100, "4": 100}}
2026-04-26 18:00:57,819 | INFO | [INFO] finished processing requests in 79.17s
2026-04-26 18:00:57,821 | INFO | [INFO] wrote run report to runs/cifar10/T5_F3/pall_adapter/seed_1/20260426_175937/report.md
2026-04-26 18:00:57,821 | INFO | [INFO] total run time: 80.16s
