2026-04-23 12:26:59,778 | INFO | ============================================================
2026-04-23 12:26:59,778 | INFO | [INFO] -- Experiment Configs --
2026-04-23 12:26:59,778 | INFO |        1. data & task
2026-04-23 12:26:59,778 | INFO |           dataset:      cifar10
2026-04-23 12:26:59,778 | INFO |           n_tasks:      5
2026-04-23 12:26:59,778 | INFO |           # class/task: 2
2026-04-23 12:26:59,778 | INFO |        2. training
2026-04-23 12:26:59,778 | INFO |           lr:           0.0100
2026-04-23 12:26:59,778 | INFO |        3. model
2026-04-23 12:26:59,778 | INFO |           method:       pall_original (original)
2026-04-23 12:26:59,778 | INFO |           architecture: subnet_resnet18
2026-04-23 12:26:59,778 | INFO |           norm params:  False
2026-04-23 12:26:59,778 | INFO |           device:       cpu
2026-04-23 12:26:59,778 | INFO |           host_os:      macOS
2026-04-23 12:26:59,778 | INFO |           dataloader:   num_workers=0 pin_memory=False persistent_workers=False
2026-04-23 12:26:59,778 | INFO |           placement:    batches move in-loop via x.to(cpu), y.to(cpu)
2026-04-23 12:26:59,778 | INFO |           deterministic:False
2026-04-23 12:26:59,778 | INFO |           run_dir:      runs/cifar10/T5_F3/pall_original/seed_0/20260423_122659
2026-04-23 12:26:59,778 | INFO | ============================================================
2026-04-23 12:27:00,620 | INFO | [INFO] finish processing data in 0.84s
2026-04-23 12:27:00,620 | INFO | [INFO] request schedule source: file file: /Users/fateme/Documents/Uni/project/my thesis/code/Overlap-Aware-Selective-Forgetting-/schedules/test_schedule.json
2026-04-23 12:27:00,621 | INFO | [INFO] processing user requests: [(0, 'T', [0]), (1, 'T', [0, 1]), (2, 'T', [0, 1, 2]), (3, 'T', [0, 1, 2, 3]), (4, 'T', [0, 1, 2, 3, 4]), (3, 'F', [0, 1, 2, 4])]
2026-04-23 12:27:00,671 | INFO | [INFO] model initialized on cpu in 0.05s
2026-04-23 12:27:00,671 | INFO | ============================================================
2026-04-23 12:27:00,671 | INFO | [INFO] Training Task 0 ...
2026-04-23 12:27:00,671 | INFO | [INFO] task training start: task=0
2026-04-23 12:31:06,868 | INFO | [INFO] task training end: task=0 elapsed=246.19s
2026-04-23 12:32:15,556 | INFO | ============================================================
2026-04-23 12:32:15,556 | INFO | [INFO] Training Task 1 ...
2026-04-23 12:32:15,556 | INFO | [INFO] task training start: task=1
2026-04-23 12:36:21,942 | INFO | [INFO] task training end: task=1 elapsed=246.38s
2026-04-23 12:37:30,998 | INFO | ============================================================
2026-04-23 12:37:30,998 | INFO | [INFO] Training Task 2 ...
2026-04-23 12:37:30,998 | INFO | [INFO] task training start: task=2
2026-04-23 12:41:40,978 | INFO | [INFO] task training end: task=2 elapsed=249.97s
2026-04-23 12:42:49,868 | INFO | ============================================================
2026-04-23 12:42:49,868 | INFO | [INFO] Training Task 3 ...
2026-04-23 12:42:49,868 | INFO | [INFO] task training start: task=3
2026-04-23 12:47:00,181 | INFO | [INFO] task training end: task=3 elapsed=250.31s
2026-04-23 12:48:09,027 | INFO | ============================================================
2026-04-23 12:48:09,027 | INFO | [INFO] Training Task 4 ...
2026-04-23 12:48:09,027 | INFO | [INFO] task training start: task=4
2026-04-23 12:52:18,462 | INFO | [INFO] task training end: task=4 elapsed=249.43s
2026-04-23 12:53:27,709 | INFO | ============================================================
2026-04-23 12:53:27,709 | INFO | [INFO] Forgetting Task 3 ...
2026-04-23 12:54:38,783 | INFO | [INFO] forgetting start: task=3 remaining_tasks=[0, 1, 2, 4]
2026-04-23 12:55:49,786 | INFO | [INFO] forgetting end: task=3 elapsed=71.00s
2026-04-23 12:56:58,236 | INFO | [INFO] overlap: |S_t|=2232887 |S_share|=1318637 |S_share_crit|=1318637 ratios: share=0.5906 crit=1.0000
2026-04-23 12:56:58,236 | INFO | [INFO] unlearning timing: t_reset=0.0152s t_retrain=0.3790s t_forget_total=0.3942s updated_params=1318637
2026-04-23 12:56:58,236 | INFO | [INFO] finetune_diag: {"active_tasks": [0, 1, 2, 4], "deleted_task_id": 3, "num_updated_params": 1318637, "do_finetune": true, "retrain_steps": 1, "retrain_steps_source": "k_shot", "retrain_steps_from_cli": false, "allow_zero_retrain": false, "retrain_steps_fallback": null, "buffer_sizes": {"0": 100, "1": 100, "2": 100, "4": 100}}
2026-04-23 12:56:58,237 | INFO | [INFO] finished processing requests in 1797.52s
2026-04-23 12:56:58,241 | INFO | [INFO] wrote run report to runs/cifar10/T5_F3/pall_original/seed_0/20260423_122659/report.md
2026-04-23 12:56:58,241 | INFO | [INFO] total run time: 1798.42s
