2026-04-23 13:50:57,085 | INFO | ============================================================
2026-04-23 13:50:57,085 | INFO | [INFO] -- Experiment Configs --
2026-04-23 13:50:57,085 | INFO |        1. data & task
2026-04-23 13:50:57,085 | INFO |           dataset:      cifar10
2026-04-23 13:50:57,085 | INFO |           n_tasks:      5
2026-04-23 13:50:57,085 | INFO |           # class/task: 2
2026-04-23 13:50:57,085 | INFO |        2. training
2026-04-23 13:50:57,085 | INFO |           lr:           0.0100
2026-04-23 13:50:57,085 | INFO |        3. model
2026-04-23 13:50:57,085 | INFO |           method:       pall_modified (modified)
2026-04-23 13:50:57,085 | INFO |           architecture: subnet_resnet18
2026-04-23 13:50:57,085 | INFO |           norm params:  False
2026-04-23 13:50:57,085 | INFO |           device:       mps
2026-04-23 13:50:57,085 | INFO |           host_os:      macOS
2026-04-23 13:50:57,085 | INFO |           dataloader:   num_workers=0 pin_memory=False persistent_workers=False
2026-04-23 13:50:57,085 | INFO |           placement:    batches move in-loop via x.to(mps), y.to(mps)
2026-04-23 13:50:57,085 | INFO |           deterministic:False
2026-04-23 13:50:57,085 | INFO |           run_dir:      runs/cifar10/T5_F3/pall_modified/seed_1/20260423_135057
2026-04-23 13:50:57,085 | INFO | ============================================================
2026-04-23 13:50:57,928 | INFO | [INFO] finish processing data in 0.84s
2026-04-23 13:50:57,928 | INFO | [INFO] request schedule source: file file: /Users/fateme/Documents/Uni/project/my thesis/code/Overlap-Aware-Selective-Forgetting-/schedules/test_schedule.json
2026-04-23 13:50:57,929 | INFO | [INFO] processing user requests: [(0, 'T', [0]), (1, 'T', [0, 1]), (2, 'T', [0, 1, 2]), (3, 'T', [0, 1, 2, 3]), (4, 'T', [0, 1, 2, 3, 4]), (3, 'F', [0, 1, 2, 4])]
2026-04-23 13:50:58,000 | INFO | [INFO] model initialized on mps in 0.07s
2026-04-23 13:50:58,000 | INFO | ============================================================
2026-04-23 13:50:58,000 | INFO | [INFO] Training Task 0 ...
2026-04-23 13:50:58,000 | INFO | [INFO] task training start: task=0
2026-04-23 13:52:00,892 | INFO | [INFO] task training end: task=0 elapsed=62.89s
2026-04-23 13:52:04,199 | INFO | ============================================================
2026-04-23 13:52:04,199 | INFO | [INFO] Training Task 1 ...
2026-04-23 13:52:04,200 | INFO | [INFO] task training start: task=1
2026-04-23 13:53:33,099 | INFO | [INFO] task training end: task=1 elapsed=88.90s
2026-04-23 13:53:36,362 | INFO | ============================================================
2026-04-23 13:53:36,363 | INFO | [INFO] Training Task 2 ...
2026-04-23 13:53:36,363 | INFO | [INFO] task training start: task=2
2026-04-23 13:55:06,457 | INFO | [INFO] task training end: task=2 elapsed=90.09s
2026-04-23 13:55:09,803 | INFO | ============================================================
2026-04-23 13:55:09,803 | INFO | [INFO] Training Task 3 ...
2026-04-23 13:55:09,803 | INFO | [INFO] task training start: task=3
2026-04-23 13:56:42,171 | INFO | [INFO] task training end: task=3 elapsed=92.37s
2026-04-23 13:56:45,511 | INFO | ============================================================
2026-04-23 13:56:45,511 | INFO | [INFO] Training Task 4 ...
2026-04-23 13:56:45,511 | INFO | [INFO] task training start: task=4
2026-04-23 13:58:19,530 | INFO | [INFO] task training end: task=4 elapsed=94.02s
2026-04-23 13:58:22,895 | INFO | ============================================================
2026-04-23 13:58:22,895 | INFO | [INFO] Forgetting Task 3 ...
2026-04-23 13:58:26,207 | INFO | [INFO] forgetting start: task=3 remaining_tasks=[0, 1, 2, 4]
2026-04-23 13:58:39,353 | INFO | [INFO] forgetting end: task=3 elapsed=13.14s
2026-04-23 13:58:42,908 | INFO | [INFO] overlap: |S_t|=2232887 |S_share|=1317615 |S_share_crit|=263523 ratios: share=0.5901 crit=0.2000
2026-04-23 13:58:42,908 | INFO | [INFO] unlearning timing: t_reset=0.0014s t_retrain=9.3989s t_forget_total=9.4003s updated_params=1317615
2026-04-23 13:58:42,908 | INFO | [INFO] finetune_diag: {"active_tasks": [0, 1, 2, 4], "deleted_task_id": 3, "num_updated_params": 1317615, "do_finetune": true, "retrain_steps": 50, "retrain_steps_source": "retrain_steps", "retrain_steps_from_cli": true, "allow_zero_retrain": false, "retrain_steps_fallback": null, "buffer_sizes": {"0": 100, "1": 100, "2": 100, "4": 100}}
2026-04-23 13:58:42,908 | INFO | [INFO] finished processing requests in 464.90s
2026-04-23 13:58:43,262 | INFO | [INFO] wrote overlap matrix to runs/cifar10/T5_F3/pall_modified/seed_1/20260423_135057/overlap.csv
2026-04-23 13:58:43,263 | INFO | [INFO] wrote run report to runs/cifar10/T5_F3/pall_modified/seed_1/20260423_135057/report.md
2026-04-23 13:58:43,263 | INFO | [INFO] total run time: 466.17s
