2026-04-22 11:33:45,065 | INFO | ============================================================
2026-04-22 11:33:45,065 | INFO | [INFO] -- Experiment Configs --
2026-04-22 11:33:45,065 | INFO |        1. data & task
2026-04-22 11:33:45,065 | INFO |           dataset:      cifar10
2026-04-22 11:33:45,065 | INFO |           n_tasks:      5
2026-04-22 11:33:45,065 | INFO |           # class/task: 2
2026-04-22 11:33:45,065 | INFO |        2. training
2026-04-22 11:33:45,065 | INFO |           lr:           0.0100
2026-04-22 11:33:45,065 | INFO |        3. model
2026-04-22 11:33:45,065 | INFO |           method:       pall_original (original)
2026-04-22 11:33:45,065 | INFO |           architecture: subnet_resnet18
2026-04-22 11:33:45,065 | INFO |           norm params:  False
2026-04-22 11:33:45,065 | INFO |           device:       mps
2026-04-22 11:33:45,065 | INFO |           deterministic:False
2026-04-22 11:33:45,065 | INFO |           run_dir:      runs/cifar10/T5_F1/pall_original/seed_0/20260422_113345
2026-04-22 11:33:45,065 | INFO | ============================================================
2026-04-22 11:33:45,942 | INFO | [INFO] finish processing data
2026-04-22 11:33:45,942 | INFO | [INFO] request schedule source: file file: /Users/fateme/Documents/Uni/project/my thesis/code/Overlap-Aware-Selective-Forgetting-/schedules/test_schedule.json
2026-04-22 11:33:45,943 | INFO | [INFO] processing user requests: [(0, 'T', [0]), (1, 'T', [0, 1]), (2, 'T', [0, 1, 2]), (3, 'T', [0, 1, 2, 3]), (4, 'T', [0, 1, 2, 3, 4]), (3, 'F', [0, 1, 2, 4])]
2026-04-22 11:33:46,022 | INFO | ============================================================
2026-04-22 11:33:46,022 | INFO | [INFO] Training Task 0 ...
2026-04-22 11:34:36,891 | INFO | ============================================================
2026-04-22 11:34:36,891 | INFO | [INFO] Training Task 1 ...
2026-04-22 11:35:34,021 | INFO | ============================================================
2026-04-22 11:35:34,022 | INFO | [INFO] Training Task 2 ...
2026-04-22 11:36:31,892 | INFO | ============================================================
2026-04-22 11:36:31,892 | INFO | [INFO] Training Task 3 ...
2026-04-22 11:37:30,698 | INFO | ============================================================
2026-04-22 11:37:30,699 | INFO | [INFO] Training Task 4 ...
2026-04-22 11:38:30,293 | INFO | ============================================================
2026-04-22 11:38:30,293 | INFO | [INFO] Forgetting Task 3 ...
2026-04-22 11:38:40,503 | INFO | [INFO] overlap: |S_t|=2232887 |S_share|=1317633 |S_share_crit|=1317633 ratios: share=0.5901 crit=1.0000
2026-04-22 11:38:40,503 | INFO | [INFO] unlearning timing: t_reset=0.0014s t_retrain=0.2348s t_forget_total=0.2362s updated_params=1317633
2026-04-22 11:38:40,503 | INFO | [INFO] finetune_diag: {"active_tasks": [0, 1, 2, 4], "deleted_task_id": 3, "num_updated_params": 1317633, "do_finetune": true, "retrain_steps": 1, "retrain_steps_source": "k_shot", "retrain_steps_from_cli": false, "allow_zero_retrain": false, "retrain_steps_fallback": null, "buffer_sizes": {"0": 100, "1": 100, "2": 100, "4": 100}}
2026-04-22 11:38:40,507 | INFO | [INFO] wrote run report to runs/cifar10/T5_F1/pall_original/seed_0/20260422_113345/report.md
