2026-04-20 16:50:16,627 | INFO | ============================================================
2026-04-20 16:50:16,627 | INFO | [INFO] -- Experiment Configs --
2026-04-20 16:50:16,627 | INFO |        1. data & task
2026-04-20 16:50:16,627 | INFO |           dataset:      cifar10
2026-04-20 16:50:16,627 | INFO |           n_tasks:      5
2026-04-20 16:50:16,627 | INFO |           # class/task: 2
2026-04-20 16:50:16,627 | INFO |        2. training
2026-04-20 16:50:16,627 | INFO |           lr:           0.0100
2026-04-20 16:50:16,627 | INFO |        3. model
2026-04-20 16:50:16,627 | INFO |           method:       pall_original (original)
2026-04-20 16:50:16,627 | INFO |           architecture: subnet_resnet18
2026-04-20 16:50:16,627 | INFO |           norm params:  False
2026-04-20 16:50:16,627 | INFO |           device:       mps
2026-04-20 16:50:16,627 | INFO |           deterministic:False
2026-04-20 16:50:16,627 | INFO |           run_dir:      runs/cifar10/T5_F1/pall_original/seed_1/20260420_165016
2026-04-20 16:50:16,627 | INFO | ============================================================
2026-04-20 16:50:17,491 | INFO | [INFO] finish processing data
2026-04-20 16:50:17,492 | INFO | [INFO] processing user requests: [(0, 'T', [0]), (1, 'T', [0, 1]), (1, 'F', [0]), (2, 'T', [0, 2]), (3, 'T', [0, 2, 3]), (4, 'T', [0, 2, 3, 4])]
2026-04-20 16:50:17,557 | INFO | ============================================================
2026-04-20 16:50:17,557 | INFO | [INFO] Training Task 0 ...
2026-04-20 16:52:10,390 | INFO | ============================================================
2026-04-20 16:52:10,390 | INFO | [INFO] Training Task 1 ...
2026-04-20 16:54:24,999 | INFO | ============================================================
2026-04-20 16:54:24,999 | INFO | [INFO] Forgetting Task 1 ...
2026-04-20 16:54:34,928 | INFO | [INFO] overlap: |S_t|=2232887 |S_share|=446641 |S_share_crit|=446641 ratios: share=0.2000 crit=1.0000
2026-04-20 16:54:34,928 | INFO | [INFO] unlearning timing: t_reset=0.0013s t_retrain=0.2266s t_forget_total=0.2279s updated_params=446641
2026-04-20 16:54:34,928 | INFO | [INFO] finetune_diag: {"active_tasks": [0], "deleted_task_id": 1, "num_updated_params": 446641, "do_finetune": true, "retrain_steps": 1, "retrain_steps_source": "k_shot", "retrain_steps_from_cli": false, "allow_zero_retrain": false, "retrain_steps_fallback": null, "buffer_sizes": {"0": 100}}
2026-04-20 16:54:34,928 | INFO | ============================================================
2026-04-20 16:54:34,929 | INFO | [INFO] Training Task 2 ...
2026-04-20 16:56:49,451 | INFO | ============================================================
2026-04-20 16:56:49,451 | INFO | [INFO] Training Task 3 ...
2026-04-20 16:59:06,803 | INFO | ============================================================
2026-04-20 16:59:06,803 | INFO | [INFO] Training Task 4 ...
2026-04-20 17:01:26,848 | INFO | [INFO] wrote run report to runs/cifar10/T5_F1/pall_original/seed_1/20260420_165016/report.md
