2026-04-26 16:51:45,801 | INFO | ============================================================
2026-04-26 16:51:45,802 | INFO | [INFO] -- Experiment Configs --
2026-04-26 16:51:45,802 | INFO |        1. data & task
2026-04-26 16:51:45,802 | INFO |           dataset:      cifar100
2026-04-26 16:51:45,802 | INFO |           n_tasks:      10
2026-04-26 16:51:45,802 | INFO |           # class/task: 5
2026-04-26 16:51:45,802 | INFO |        2. training
2026-04-26 16:51:45,802 | INFO |           lr:           0.0100
2026-04-26 16:51:45,802 | INFO |        3. model
2026-04-26 16:51:45,802 | INFO |           method:       derpp (None)
2026-04-26 16:51:45,802 | INFO |           architecture: resnet18
2026-04-26 16:51:45,802 | INFO |           norm params:  False
2026-04-26 16:51:45,802 | INFO |           device:       mps
2026-04-26 16:51:45,802 | INFO |           host_os:      macOS
2026-04-26 16:51:45,802 | INFO |           dataloader:   num_workers=0 pin_memory=False persistent_workers=False
2026-04-26 16:51:45,802 | INFO |           placement:    batches move in-loop via x.to(mps), y.to(mps)
2026-04-26 16:51:45,802 | INFO |           deterministic:False
2026-04-26 16:51:45,802 | INFO |           run_dir:      runs/cifar100/T10_F3/derpp/seed_1/20260426_165145
2026-04-26 16:51:45,802 | INFO | ============================================================
2026-04-26 16:51:46,655 | INFO | [INFO] finish processing data in 0.85s
2026-04-26 16:51:46,655 | INFO | [INFO] request schedule source: file file: /Users/fateme/Documents/Uni/project/my thesis/code/Overlap-Aware-Selective-Forgetting-/schedules/cifar100_t10_f3_seed0.json
2026-04-26 16:51:46,656 | INFO | [INFO] processing user requests: [(0, 'T', [0]), (1, 'T', [0, 1]), (2, 'T', [0, 1, 2]), (3, 'T', [0, 1, 2, 3]), (4, 'T', [0, 1, 2, 3, 4]), (5, 'T', [0, 1, 2, 3, 4, 5]), (6, 'T', [0, 1, 2, 3, 4, 5, 6]), (0, 'F', [1, 2, 3, 4, 5, 6]), (7, 'T', [1, 2, 3, 4, 5, 6, 7]), (8, 'T', [1, 2, 3, 4, 5, 6, 7, 8]), (6, 'F', [1, 2, 3, 4, 5, 7, 8]), (9, 'T', [1, 2, 3, 4, 5, 7, 8, 9]), (7, 'F', [1, 2, 3, 4, 5, 8, 9])]
2026-04-26 16:51:46,683 | INFO | [INFO] model initialized on mps in 0.03s
2026-04-26 16:51:46,683 | INFO | ============================================================
2026-04-26 16:51:46,683 | INFO | [INFO] Training Task 0 ...
2026-04-26 16:51:46,683 | INFO | [INFO] task training start: task=0
2026-04-26 16:51:54,944 | INFO | [INFO] task training end: task=0 elapsed=8.26s
2026-04-26 16:51:56,585 | INFO | ============================================================
2026-04-26 16:51:56,585 | INFO | [INFO] Training Task 1 ...
2026-04-26 16:51:56,585 | INFO | [INFO] task training start: task=1
2026-04-26 16:52:19,071 | INFO | [INFO] task training end: task=1 elapsed=22.49s
2026-04-26 16:52:20,653 | INFO | ============================================================
2026-04-26 16:52:20,653 | INFO | [INFO] Training Task 2 ...
2026-04-26 16:52:20,653 | INFO | [INFO] task training start: task=2
2026-04-26 16:52:45,098 | INFO | [INFO] task training end: task=2 elapsed=24.44s
2026-04-26 16:52:46,680 | INFO | ============================================================
2026-04-26 16:52:46,680 | INFO | [INFO] Training Task 3 ...
2026-04-26 16:52:46,680 | INFO | [INFO] task training start: task=3
2026-04-26 16:53:13,561 | INFO | [INFO] task training end: task=3 elapsed=26.88s
2026-04-26 16:53:15,150 | INFO | ============================================================
2026-04-26 16:53:15,150 | INFO | [INFO] Training Task 4 ...
2026-04-26 16:53:15,150 | INFO | [INFO] task training start: task=4
2026-04-26 16:53:45,186 | INFO | [INFO] task training end: task=4 elapsed=30.03s
2026-04-26 16:53:46,790 | INFO | ============================================================
2026-04-26 16:53:46,790 | INFO | [INFO] Training Task 5 ...
2026-04-26 16:53:46,790 | INFO | [INFO] task training start: task=5
2026-04-26 16:54:17,998 | INFO | [INFO] task training end: task=5 elapsed=31.21s
2026-04-26 16:54:19,593 | INFO | ============================================================
2026-04-26 16:54:19,593 | INFO | [INFO] Training Task 6 ...
2026-04-26 16:54:19,593 | INFO | [INFO] task training start: task=6
2026-04-26 16:54:54,173 | INFO | [INFO] task training end: task=6 elapsed=34.58s
2026-04-26 16:54:55,873 | INFO | ============================================================
2026-04-26 16:54:55,873 | INFO | [INFO] Forgetting Task 0 ...
2026-04-26 16:54:57,498 | INFO | [INFO] forgetting start: task=0 remaining_tasks=[1, 2, 3, 4, 5, 6]
2026-04-26 16:55:05,463 | INFO | [INFO] forgetting end: task=0 elapsed=7.97s
2026-04-26 16:55:07,393 | INFO | [INFO] overlap: |S_t|=NA |S_share|=NA |S_share_crit|=NA ratios: share=NA crit=NA
2026-04-26 16:55:07,393 | INFO | [INFO] unlearning timing: t_reset=NAs t_retrain=NAs t_forget_total=7.9654s updated_params=NA
2026-04-26 16:55:07,394 | INFO | ============================================================
2026-04-26 16:55:07,394 | INFO | [INFO] Training Task 7 ...
2026-04-26 16:55:07,394 | INFO | [INFO] task training start: task=7
2026-04-26 16:55:49,405 | INFO | [INFO] task training end: task=7 elapsed=42.01s
2026-04-26 16:55:51,428 | INFO | ============================================================
2026-04-26 16:55:51,428 | INFO | [INFO] Training Task 8 ...
2026-04-26 16:55:51,428 | INFO | [INFO] task training start: task=8
2026-04-26 16:56:30,626 | INFO | [INFO] task training end: task=8 elapsed=39.20s
2026-04-26 16:56:32,451 | INFO | ============================================================
2026-04-26 16:56:32,451 | INFO | [INFO] Forgetting Task 6 ...
2026-04-26 16:56:34,134 | INFO | [INFO] forgetting start: task=6 remaining_tasks=[1, 2, 3, 4, 5, 7, 8]
2026-04-26 16:56:41,855 | INFO | [INFO] forgetting end: task=6 elapsed=7.72s
2026-04-26 16:56:43,703 | INFO | [INFO] overlap: |S_t|=NA |S_share|=NA |S_share_crit|=NA ratios: share=NA crit=NA
2026-04-26 16:56:43,703 | INFO | [INFO] unlearning timing: t_reset=NAs t_retrain=NAs t_forget_total=7.7206s updated_params=NA
2026-04-26 16:56:43,704 | INFO | [WARN] Unlearned task 6 accuracy above chance: 0.3920 (chance 0.2000)
2026-04-26 16:56:43,704 | INFO | ============================================================
2026-04-26 16:56:43,704 | INFO | [INFO] Training Task 9 ...
2026-04-26 16:56:43,704 | INFO | [INFO] task training start: task=9
2026-04-26 16:57:20,679 | INFO | [INFO] task training end: task=9 elapsed=36.97s
2026-04-26 16:57:22,356 | INFO | ============================================================
2026-04-26 16:57:22,356 | INFO | [INFO] Forgetting Task 7 ...
2026-04-26 16:57:23,963 | INFO | [INFO] forgetting start: task=7 remaining_tasks=[1, 2, 3, 4, 5, 8, 9]
2026-04-26 16:57:31,329 | INFO | [INFO] forgetting end: task=7 elapsed=7.37s
2026-04-26 16:57:33,032 | INFO | [INFO] overlap: |S_t|=NA |S_share|=NA |S_share_crit|=NA ratios: share=NA crit=NA
2026-04-26 16:57:33,032 | INFO | [INFO] unlearning timing: t_reset=NAs t_retrain=NAs t_forget_total=7.3656s updated_params=NA
2026-04-26 16:57:33,034 | INFO | [WARN] Unlearned task 7 accuracy above chance: 0.4020 (chance 0.2000)
2026-04-26 16:57:33,034 | INFO | [INFO] finished processing requests in 346.34s
2026-04-26 16:57:33,037 | INFO | [INFO] wrote run report to runs/cifar100/T10_F3/derpp/seed_1/20260426_165145/report.md
2026-04-26 16:57:33,037 | INFO | [INFO] total run time: 347.23s
