2026-04-23 16:07:02,946 | INFO | ============================================================
2026-04-23 16:07:02,946 | INFO | [INFO] -- Experiment Configs --
2026-04-23 16:07:02,946 | INFO |        1. data & task
2026-04-23 16:07:02,946 | INFO |           dataset:      cifar100
2026-04-23 16:07:02,946 | INFO |           n_tasks:      10
2026-04-23 16:07:02,946 | INFO |           # class/task: 5
2026-04-23 16:07:02,946 | INFO |        2. training
2026-04-23 16:07:02,946 | INFO |           lr:           0.0100
2026-04-23 16:07:02,946 | INFO |        3. model
2026-04-23 16:07:02,946 | INFO |           method:       pall_modified (modified)
2026-04-23 16:07:02,946 | INFO |           architecture: subnet_resnet18
2026-04-23 16:07:02,946 | INFO |           norm params:  False
2026-04-23 16:07:02,946 | INFO |           device:       mps
2026-04-23 16:07:02,946 | INFO |           host_os:      macOS
2026-04-23 16:07:02,946 | INFO |           dataloader:   num_workers=0 pin_memory=False persistent_workers=False
2026-04-23 16:07:02,946 | INFO |           placement:    batches move in-loop via x.to(mps), y.to(mps)
2026-04-23 16:07:02,946 | INFO |           deterministic:False
2026-04-23 16:07:02,946 | INFO |           run_dir:      runs/cifar100/T10_F3/pall_modified/seed_0/20260423_160702
2026-04-23 16:07:02,946 | INFO | ============================================================
2026-04-23 16:07:03,879 | INFO | [INFO] finish processing data in 0.93s
2026-04-23 16:07:03,879 | INFO | [INFO] request schedule source: file file: /Users/fateme/Documents/Uni/project/my thesis/code/Overlap-Aware-Selective-Forgetting-/schedules/cifar100_t10_f3_seed0.json
2026-04-23 16:07:03,879 | INFO | [INFO] processing user requests: [(0, 'T', [0]), (1, 'T', [0, 1]), (2, 'T', [0, 1, 2]), (3, 'T', [0, 1, 2, 3]), (4, 'T', [0, 1, 2, 3, 4]), (5, 'T', [0, 1, 2, 3, 4, 5]), (6, 'T', [0, 1, 2, 3, 4, 5, 6]), (0, 'F', [1, 2, 3, 4, 5, 6]), (7, 'T', [1, 2, 3, 4, 5, 6, 7]), (8, 'T', [1, 2, 3, 4, 5, 6, 7, 8]), (6, 'F', [1, 2, 3, 4, 5, 7, 8]), (9, 'T', [1, 2, 3, 4, 5, 7, 8, 9]), (7, 'F', [1, 2, 3, 4, 5, 8, 9])]
2026-04-23 16:07:03,951 | INFO | [INFO] model initialized on mps in 0.07s
2026-04-23 16:07:03,951 | INFO | ============================================================
2026-04-23 16:07:03,951 | INFO | [INFO] Training Task 0 ...
2026-04-23 16:07:03,951 | INFO | [INFO] task training start: task=0
2026-04-23 16:07:20,500 | INFO | [INFO] task training end: task=0 elapsed=16.55s
2026-04-23 16:07:22,244 | INFO | ============================================================
2026-04-23 16:07:22,244 | INFO | [INFO] Training Task 1 ...
2026-04-23 16:07:22,244 | INFO | [INFO] task training start: task=1
2026-04-23 16:07:44,522 | INFO | [INFO] task training end: task=1 elapsed=22.28s
2026-04-23 16:07:46,211 | INFO | ============================================================
2026-04-23 16:07:46,211 | INFO | [INFO] Training Task 2 ...
2026-04-23 16:07:46,211 | INFO | [INFO] task training start: task=2
2026-04-23 16:08:08,927 | INFO | [INFO] task training end: task=2 elapsed=22.72s
2026-04-23 16:08:10,581 | INFO | ============================================================
2026-04-23 16:08:10,581 | INFO | [INFO] Training Task 3 ...
2026-04-23 16:08:10,581 | INFO | [INFO] task training start: task=3
2026-04-23 16:08:33,912 | INFO | [INFO] task training end: task=3 elapsed=23.33s
2026-04-23 16:08:35,571 | INFO | ============================================================
2026-04-23 16:08:35,571 | INFO | [INFO] Training Task 4 ...
2026-04-23 16:08:35,571 | INFO | [INFO] task training start: task=4
2026-04-23 16:08:59,839 | INFO | [INFO] task training end: task=4 elapsed=24.27s
2026-04-23 16:09:01,513 | INFO | ============================================================
2026-04-23 16:09:01,513 | INFO | [INFO] Training Task 5 ...
2026-04-23 16:09:01,513 | INFO | [INFO] task training start: task=5
2026-04-23 16:09:26,221 | INFO | [INFO] task training end: task=5 elapsed=24.71s
2026-04-23 16:09:27,919 | INFO | ============================================================
2026-04-23 16:09:27,920 | INFO | [INFO] Training Task 6 ...
2026-04-23 16:09:27,920 | INFO | [INFO] task training start: task=6
2026-04-23 16:09:52,865 | INFO | [INFO] task training end: task=6 elapsed=24.94s
2026-04-23 16:09:54,554 | INFO | ============================================================
2026-04-23 16:09:54,554 | INFO | [INFO] Forgetting Task 0 ...
2026-04-23 16:09:56,197 | INFO | [INFO] forgetting start: task=0 remaining_tasks=[1, 2, 3, 4, 5, 6]
2026-04-23 16:10:09,430 | INFO | [INFO] forgetting end: task=0 elapsed=13.23s
2026-04-23 16:10:11,194 | INFO | [INFO] overlap: |S_t|=2234423 |S_share|=1647395 |S_share_crit|=329479 ratios: share=0.7373 crit=0.2000
2026-04-23 16:10:11,194 | INFO | [INFO] unlearning timing: t_reset=0.0014s t_retrain=11.1123s t_forget_total=11.1137s updated_params=1647395
2026-04-23 16:10:11,194 | INFO | [INFO] finetune_diag: {"active_tasks": [1, 2, 3, 4, 5, 6], "deleted_task_id": 0, "num_updated_params": 1647395, "do_finetune": true, "retrain_steps": 50, "retrain_steps_source": "retrain_steps", "retrain_steps_from_cli": true, "allow_zero_retrain": false, "retrain_steps_fallback": null, "buffer_sizes": {"1": 50, "2": 50, "3": 50, "4": 50, "5": 50, "6": 50}}
2026-04-23 16:10:11,195 | INFO | ============================================================
2026-04-23 16:10:11,195 | INFO | [INFO] Training Task 7 ...
2026-04-23 16:10:11,195 | INFO | [INFO] task training start: task=7
2026-04-23 16:10:36,008 | INFO | [INFO] task training end: task=7 elapsed=24.81s
2026-04-23 16:10:37,770 | INFO | ============================================================
2026-04-23 16:10:37,770 | INFO | [INFO] Training Task 8 ...
2026-04-23 16:10:37,770 | INFO | [INFO] task training start: task=8
2026-04-23 16:11:02,844 | INFO | [INFO] task training end: task=8 elapsed=25.07s
2026-04-23 16:11:04,673 | INFO | ============================================================
2026-04-23 16:11:04,673 | INFO | [INFO] Forgetting Task 6 ...
2026-04-23 16:11:06,474 | INFO | [INFO] forgetting start: task=6 remaining_tasks=[1, 2, 3, 4, 5, 7, 8]
2026-04-23 16:11:20,050 | INFO | [INFO] forgetting end: task=6 elapsed=13.58s
2026-04-23 16:11:21,838 | INFO | [INFO] overlap: |S_t|=2234424 |S_share|=1763383 |S_share_crit|=352677 ratios: share=0.7892 crit=0.2000
2026-04-23 16:11:21,838 | INFO | [INFO] unlearning timing: t_reset=0.0014s t_retrain=11.3512s t_forget_total=11.3526s updated_params=1763383
2026-04-23 16:11:21,838 | INFO | [INFO] finetune_diag: {"active_tasks": [1, 2, 3, 4, 5, 7, 8], "deleted_task_id": 6, "num_updated_params": 1763383, "do_finetune": true, "retrain_steps": 50, "retrain_steps_source": "retrain_steps", "retrain_steps_from_cli": true, "allow_zero_retrain": false, "retrain_steps_fallback": null, "buffer_sizes": {"1": 50, "2": 50, "3": 50, "4": 50, "5": 50, "7": 50, "8": 50}}
2026-04-23 16:11:21,839 | INFO | ============================================================
2026-04-23 16:11:21,839 | INFO | [INFO] Training Task 9 ...
2026-04-23 16:11:21,839 | INFO | [INFO] task training start: task=9
2026-04-23 16:11:46,848 | INFO | [INFO] task training end: task=9 elapsed=25.01s
2026-04-23 16:11:48,712 | INFO | ============================================================
2026-04-23 16:11:48,712 | INFO | [INFO] Forgetting Task 7 ...
2026-04-23 16:11:50,542 | INFO | [INFO] forgetting start: task=7 remaining_tasks=[1, 2, 3, 4, 5, 8, 9]
2026-04-23 16:12:04,100 | INFO | [INFO] forgetting end: task=7 elapsed=13.56s
2026-04-23 16:12:05,871 | INFO | [INFO] overlap: |S_t|=2234423 |S_share|=1764240 |S_share_crit|=352848 ratios: share=0.7896 crit=0.2000
2026-04-23 16:12:05,871 | INFO | [INFO] unlearning timing: t_reset=0.0015s t_retrain=11.2902s t_forget_total=11.2918s updated_params=1764240
2026-04-23 16:12:05,871 | INFO | [INFO] finetune_diag: {"active_tasks": [1, 2, 3, 4, 5, 8, 9], "deleted_task_id": 7, "num_updated_params": 1764240, "do_finetune": true, "retrain_steps": 50, "retrain_steps_source": "retrain_steps", "retrain_steps_from_cli": true, "allow_zero_retrain": false, "retrain_steps_fallback": null, "buffer_sizes": {"1": 50, "2": 50, "3": 50, "4": 50, "5": 50, "8": 50, "9": 50}}
2026-04-23 16:12:05,872 | INFO | [INFO] finished processing requests in 301.91s
2026-04-23 16:12:07,288 | INFO | [INFO] wrote overlap matrix to runs/cifar100/T10_F3/pall_modified/seed_0/20260423_160702/overlap.csv
2026-04-23 16:12:07,289 | INFO | [INFO] wrote run report to runs/cifar100/T10_F3/pall_modified/seed_0/20260423_160702/report.md
2026-04-23 16:12:07,289 | INFO | [INFO] total run time: 304.34s
