2026-04-26 17:52:01,707 | INFO | ============================================================
2026-04-26 17:52:01,707 | INFO | [INFO] -- Experiment Configs --
2026-04-26 17:52:01,707 | INFO |        1. data & task
2026-04-26 17:52:01,707 | INFO |           dataset:      cifar10
2026-04-26 17:52:01,707 | INFO |           n_tasks:      5
2026-04-26 17:52:01,707 | INFO |           # class/task: 2
2026-04-26 17:52:01,707 | INFO |        2. training
2026-04-26 17:52:01,707 | INFO |           lr:           0.0100
2026-04-26 17:52:01,707 | INFO |        3. model
2026-04-26 17:52:01,707 | INFO |           method:       pall_adapter (adapter)
2026-04-26 17:52:01,707 | INFO |           architecture: adapter_resnet18
2026-04-26 17:52:01,707 | INFO |           norm params:  False
2026-04-26 17:52:01,707 | INFO |           device:       mps
2026-04-26 17:52:01,707 | INFO |           host_os:      macOS
2026-04-26 17:52:01,707 | INFO |           dataloader:   num_workers=0 pin_memory=False persistent_workers=False
2026-04-26 17:52:01,707 | INFO |           placement:    batches move in-loop via x.to(mps), y.to(mps)
2026-04-26 17:52:01,707 | INFO |           deterministic:False
2026-04-26 17:52:01,707 | INFO |           run_dir:      runs/cifar10/T5_F3/pall_adapter/seed_0/20260426_175201
2026-04-26 17:52:01,707 | INFO | ============================================================
2026-04-26 17:52:02,581 | INFO | [INFO] finish processing data in 0.87s
2026-04-26 17:52:02,581 | INFO | [INFO] request schedule source: file file: /Users/fateme/Documents/Uni/project/my thesis/code/Overlap-Aware-Selective-Forgetting-/schedules/cifar10_t5_f3_fixed_seed0.json
2026-04-26 17:52:02,581 | INFO | [INFO] processing user requests: [(0, 'T', [0]), (1, 'T', [0, 1]), (2, 'T', [0, 1, 2]), (3, 'T', [0, 1, 2, 3]), (4, 'T', [0, 1, 2, 3, 4]), (3, 'F', [0, 1, 2, 4])]
2026-04-26 17:52:02,614 | INFO | [INFO] model params: total=11246272 trainable=87040 adapter=81920 ratio=0.0077
2026-04-26 17:52:02,614 | INFO | [INFO] model initialized on mps in 0.03s
2026-04-26 17:52:02,614 | INFO | ============================================================
2026-04-26 17:52:02,614 | INFO | [INFO] Training Task 0 ...
2026-04-26 17:52:02,614 | INFO | [INFO] task training start: task=0
2026-04-26 17:52:08,305 | INFO | [INFO] task training end: task=0 elapsed=5.69s
2026-04-26 17:52:11,516 | INFO | ============================================================
2026-04-26 17:52:11,516 | INFO | [INFO] Training Task 1 ...
2026-04-26 17:52:11,516 | INFO | [INFO] task training start: task=1
2026-04-26 17:52:16,790 | INFO | [INFO] task training end: task=1 elapsed=5.27s
2026-04-26 17:52:19,955 | INFO | ============================================================
2026-04-26 17:52:19,955 | INFO | [INFO] Training Task 2 ...
2026-04-26 17:52:19,955 | INFO | [INFO] task training start: task=2
2026-04-26 17:52:25,219 | INFO | [INFO] task training end: task=2 elapsed=5.26s
2026-04-26 17:52:28,329 | INFO | ============================================================
2026-04-26 17:52:28,329 | INFO | [INFO] Training Task 3 ...
2026-04-26 17:52:28,329 | INFO | [INFO] task training start: task=3
2026-04-26 17:52:33,590 | INFO | [INFO] task training end: task=3 elapsed=5.26s
2026-04-26 17:52:36,721 | INFO | ============================================================
2026-04-26 17:52:36,721 | INFO | [INFO] Training Task 4 ...
2026-04-26 17:52:36,721 | INFO | [INFO] task training start: task=4
2026-04-26 17:52:41,986 | INFO | [INFO] task training end: task=4 elapsed=5.27s
2026-04-26 17:52:45,129 | INFO | ============================================================
2026-04-26 17:52:45,129 | INFO | [INFO] Forgetting Task 3 ...
2026-04-26 17:52:48,206 | INFO | [INFO] forgetting start: task=3 remaining_tasks=[0, 1, 2, 4]
2026-04-26 17:52:51,360 | INFO | [INFO] forgetting end: task=3 elapsed=3.15s
2026-04-26 17:52:54,482 | INFO | [INFO] overlap: |S_t|=17408 |S_share|=0 |S_share_crit|=0 ratios: share=0.0000 crit=0.0000
2026-04-26 17:52:54,482 | INFO | [INFO] unlearning timing: t_reset=0.0056s t_retrain=0.0730s t_forget_total=3.1541s updated_params=69632
2026-04-26 17:52:54,482 | INFO | [INFO] finetune_diag: {"active_tasks": [0, 1, 2, 4], "deleted_task_id": 3, "retrain_steps": 1, "buffer_sizes": {"0": 100, "1": 100, "2": 100, "4": 100}}
2026-04-26 17:52:54,482 | INFO | [INFO] finished processing requests in 51.87s
2026-04-26 17:52:54,486 | INFO | [INFO] wrote run report to runs/cifar10/T5_F3/pall_adapter/seed_0/20260426_175201/report.md
2026-04-26 17:52:54,486 | INFO | [INFO] total run time: 52.78s
