2026-04-23 13:31:44,336 | INFO | ============================================================
2026-04-23 13:31:44,336 | INFO | [INFO] -- Experiment Configs --
2026-04-23 13:31:44,336 | INFO |        1. data & task
2026-04-23 13:31:44,336 | INFO |           dataset:      cifar10
2026-04-23 13:31:44,336 | INFO |           n_tasks:      5
2026-04-23 13:31:44,336 | INFO |           # class/task: 2
2026-04-23 13:31:44,336 | INFO |        2. training
2026-04-23 13:31:44,336 | INFO |           lr:           0.0100
2026-04-23 13:31:44,336 | INFO |        3. model
2026-04-23 13:31:44,336 | INFO |           method:       pall_modified (modified)
2026-04-23 13:31:44,336 | INFO |           architecture: subnet_resnet18
2026-04-23 13:31:44,336 | INFO |           norm params:  False
2026-04-23 13:31:44,336 | INFO |           device:       mps
2026-04-23 13:31:44,336 | INFO |           host_os:      macOS
2026-04-23 13:31:44,336 | INFO |           dataloader:   num_workers=0 pin_memory=False persistent_workers=False
2026-04-23 13:31:44,336 | INFO |           placement:    batches move in-loop via x.to(mps), y.to(mps)
2026-04-23 13:31:44,336 | INFO |           deterministic:False
2026-04-23 13:31:44,336 | INFO |           run_dir:      runs/cifar10/T5_F3/pall_modified/seed_0/20260423_133144
2026-04-23 13:31:44,336 | INFO | ============================================================
2026-04-23 13:31:45,178 | INFO | [INFO] finish processing data in 0.84s
2026-04-23 13:31:45,178 | INFO | [INFO] request schedule source: file file: /Users/fateme/Documents/Uni/project/my thesis/code/Overlap-Aware-Selective-Forgetting-/schedules/test_schedule.json
2026-04-23 13:31:45,179 | INFO | [INFO] processing user requests: [(0, 'T', [0]), (1, 'T', [0, 1]), (2, 'T', [0, 1, 2]), (3, 'T', [0, 1, 2, 3]), (4, 'T', [0, 1, 2, 3, 4]), (3, 'F', [0, 1, 2, 4])]
2026-04-23 13:31:45,246 | INFO | [INFO] model initialized on mps in 0.07s
2026-04-23 13:31:45,246 | INFO | ============================================================
2026-04-23 13:31:45,246 | INFO | [INFO] Training Task 0 ...
2026-04-23 13:31:45,246 | INFO | [INFO] task training start: task=0
2026-04-23 13:32:48,905 | INFO | [INFO] task training end: task=0 elapsed=63.66s
2026-04-23 13:32:52,211 | INFO | ============================================================
2026-04-23 13:32:52,211 | INFO | [INFO] Training Task 1 ...
2026-04-23 13:32:52,211 | INFO | [INFO] task training start: task=1
2026-04-23 13:34:19,766 | INFO | [INFO] task training end: task=1 elapsed=87.55s
2026-04-23 13:34:23,050 | INFO | ============================================================
2026-04-23 13:34:23,051 | INFO | [INFO] Training Task 2 ...
2026-04-23 13:34:23,051 | INFO | [INFO] task training start: task=2
2026-04-23 13:35:53,360 | INFO | [INFO] task training end: task=2 elapsed=90.31s
2026-04-23 13:35:56,691 | INFO | ============================================================
2026-04-23 13:35:56,691 | INFO | [INFO] Training Task 3 ...
2026-04-23 13:35:56,691 | INFO | [INFO] task training start: task=3
2026-04-23 13:37:29,495 | INFO | [INFO] task training end: task=3 elapsed=92.80s
2026-04-23 13:37:32,829 | INFO | ============================================================
2026-04-23 13:37:32,829 | INFO | [INFO] Training Task 4 ...
2026-04-23 13:37:32,829 | INFO | [INFO] task training start: task=4
2026-04-23 13:39:07,154 | INFO | [INFO] task training end: task=4 elapsed=94.32s
2026-04-23 13:39:10,540 | INFO | ============================================================
2026-04-23 13:39:10,540 | INFO | [INFO] Forgetting Task 3 ...
2026-04-23 13:39:13,870 | INFO | [INFO] forgetting start: task=3 remaining_tasks=[0, 1, 2, 4]
2026-04-23 13:39:27,071 | INFO | [INFO] forgetting end: task=3 elapsed=13.20s
2026-04-23 13:39:30,588 | INFO | [INFO] overlap: |S_t|=2232887 |S_share|=1317794 |S_share_crit|=263559 ratios: share=0.5902 crit=0.2000
2026-04-23 13:39:30,588 | INFO | [INFO] unlearning timing: t_reset=0.0014s t_retrain=9.4450s t_forget_total=9.4464s updated_params=1317794
2026-04-23 13:39:30,588 | INFO | [INFO] finetune_diag: {"active_tasks": [0, 1, 2, 4], "deleted_task_id": 3, "num_updated_params": 1317794, "do_finetune": true, "retrain_steps": 50, "retrain_steps_source": "retrain_steps", "retrain_steps_from_cli": true, "allow_zero_retrain": false, "retrain_steps_fallback": null, "buffer_sizes": {"0": 100, "1": 100, "2": 100, "4": 100}}
2026-04-23 13:39:30,588 | INFO | [INFO] finished processing requests in 465.33s
2026-04-23 13:39:30,934 | INFO | [INFO] wrote overlap matrix to runs/cifar10/T5_F3/pall_modified/seed_0/20260423_133144/overlap.csv
2026-04-23 13:39:30,935 | INFO | [INFO] wrote run report to runs/cifar10/T5_F3/pall_modified/seed_0/20260423_133144/report.md
2026-04-23 13:39:30,935 | INFO | [INFO] total run time: 466.59s
