2026-04-20 16:15:16,515 | INFO | ============================================================
2026-04-20 16:15:16,515 | INFO | [INFO] -- Experiment Configs --
2026-04-20 16:15:16,515 | INFO |        1. data & task
2026-04-20 16:15:16,515 | INFO |           dataset:      cifar10
2026-04-20 16:15:16,515 | INFO |           n_tasks:      5
2026-04-20 16:15:16,515 | INFO |           # class/task: 2
2026-04-20 16:15:16,515 | INFO |        2. training
2026-04-20 16:15:16,515 | INFO |           lr:           0.0100
2026-04-20 16:15:16,515 | INFO |        3. model
2026-04-20 16:15:16,515 | INFO |           method:       pall_modified (modified)
2026-04-20 16:15:16,516 | INFO |           architecture: subnet_resnet18
2026-04-20 16:15:16,516 | INFO |           norm params:  False
2026-04-20 16:15:16,516 | INFO |           device:       mps
2026-04-20 16:15:16,516 | INFO |           deterministic:False
2026-04-20 16:15:16,516 | INFO |           run_dir:      runs/cifar10/T5_F1/pall_modified/seed_0/20260420_161516
2026-04-20 16:15:16,516 | INFO | ============================================================
2026-04-20 16:15:17,379 | INFO | [INFO] finish processing data
2026-04-20 16:15:17,379 | INFO | [INFO] processing user requests: [(0, 'T', [0]), (1, 'T', [0, 1]), (2, 'T', [0, 1, 2]), (3, 'T', [0, 1, 2, 3]), (4, 'T', [0, 1, 2, 3, 4]), (3, 'F', [0, 1, 2, 4])]
2026-04-20 16:15:17,445 | INFO | ============================================================
2026-04-20 16:15:17,445 | INFO | [INFO] Training Task 0 ...
2026-04-20 16:17:10,157 | INFO | ============================================================
2026-04-20 16:17:10,158 | INFO | [INFO] Training Task 1 ...
2026-04-20 16:19:24,506 | INFO | ============================================================
2026-04-20 16:19:24,506 | INFO | [INFO] Training Task 2 ...
2026-04-20 16:21:42,533 | INFO | ============================================================
2026-04-20 16:21:42,533 | INFO | [INFO] Training Task 3 ...
2026-04-20 16:24:02,605 | INFO | ============================================================
2026-04-20 16:24:02,606 | INFO | [INFO] Training Task 4 ...
2026-04-20 16:26:24,872 | INFO | ============================================================
2026-04-20 16:26:24,873 | INFO | [INFO] Forgetting Task 3 ...
2026-04-20 16:26:35,776 | INFO | [INFO] overlap: |S_t|=2232887 |S_share|=1317858 |S_share_crit|=263572 ratios: share=0.5902 crit=0.2000
2026-04-20 16:26:35,776 | INFO | [INFO] unlearning timing: t_reset=0.0013s t_retrain=0.3739s t_forget_total=0.3753s updated_params=1317858
2026-04-20 16:26:35,776 | INFO | [INFO] finetune_diag: {"active_tasks": [0, 1, 2, 4], "deleted_task_id": 3, "num_updated_params": 1317858, "do_finetune": true, "retrain_steps": 1, "retrain_steps_source": "retrain_steps", "retrain_steps_from_cli": true, "allow_zero_retrain": false, "retrain_steps_fallback": null, "buffer_sizes": {"0": 100, "1": 100, "2": 100, "4": 100}}
2026-04-20 16:26:36,139 | INFO | [INFO] wrote overlap matrix to runs/cifar10/T5_F1/pall_modified/seed_0/20260420_161516/overlap.csv
2026-04-20 16:26:36,140 | INFO | [INFO] wrote run report to runs/cifar10/T5_F1/pall_modified/seed_0/20260420_161516/report.md
