2026-02-11 23:48:58,095 | INFO | ============================================================
2026-02-11 23:48:58,095 | INFO | [INFO] -- Experiment Configs --
2026-02-11 23:48:58,095 | INFO |        1. data & task
2026-02-11 23:48:58,095 | INFO |           dataset:      cifar10
2026-02-11 23:48:58,095 | INFO |           n_tasks:      2
2026-02-11 23:48:58,095 | INFO |           # class/task: 2
2026-02-11 23:48:58,095 | INFO |        2. training
2026-02-11 23:48:58,095 | INFO |           lr:           0.0100
2026-02-11 23:48:58,095 | INFO |        3. model
2026-02-11 23:48:58,095 | INFO |           method:       pall_original (original)
2026-02-11 23:48:58,095 | INFO |           architecture: subnet_resnet18
2026-02-11 23:48:58,095 | INFO |           norm params:  False
2026-02-11 23:48:58,095 | INFO |           device:       mps
2026-02-11 23:48:58,095 | INFO |           deterministic:True
2026-02-11 23:48:58,095 | INFO |           run_dir:      runs/cifar10/T2_F1/pall_original/seed_0/20260211_234858
2026-02-11 23:48:58,095 | INFO | ============================================================
2026-02-11 23:48:58,992 | INFO | [INFO] finish processing data
2026-02-11 23:48:58,992 | INFO | [INFO] processing user requests: [(0, 'T', [0]), (1, 'T', [0, 1]), (1, 'F', [0])]
2026-02-11 23:48:59,070 | INFO | ============================================================
2026-02-11 23:48:59,070 | INFO | [INFO] Training Task 0 ...
