2026-04-23 13:15:36,660 | INFO | ============================================================
2026-04-23 13:15:36,661 | INFO | [INFO] -- Experiment Configs --
2026-04-23 13:15:36,661 | INFO |        1. data & task
2026-04-23 13:15:36,661 | INFO |           dataset:      cifar10
2026-04-23 13:15:36,661 | INFO |           n_tasks:      5
2026-04-23 13:15:36,661 | INFO |           # class/task: 2
2026-04-23 13:15:36,661 | INFO |        2. training
2026-04-23 13:15:36,661 | INFO |           lr:           0.0100
2026-04-23 13:15:36,661 | INFO |        3. model
2026-04-23 13:15:36,661 | INFO |           method:       pall_modified (modified)
2026-04-23 13:15:36,661 | INFO |           architecture: subnet_resnet18
2026-04-23 13:15:36,661 | INFO |           norm params:  False
2026-04-23 13:15:36,661 | INFO |           device:       mps
2026-04-23 13:15:36,661 | INFO |           host_os:      macOS
2026-04-23 13:15:36,661 | INFO |           dataloader:   num_workers=0 pin_memory=False persistent_workers=False
2026-04-23 13:15:36,661 | INFO |           placement:    batches move in-loop via x.to(mps), y.to(mps)
2026-04-23 13:15:36,661 | INFO |           deterministic:False
2026-04-23 13:15:36,661 | INFO |           run_dir:      runs/cifar10/T5_F3/pall_modified/seed_0/20260423_131536
2026-04-23 13:15:36,661 | INFO | ============================================================
2026-04-23 13:15:37,504 | INFO | [INFO] finish processing data in 0.84s
2026-04-23 13:15:37,504 | INFO | [INFO] request schedule source: file file: /Users/fateme/Documents/Uni/project/my thesis/code/Overlap-Aware-Selective-Forgetting-/schedules/test_schedule.json
2026-04-23 13:15:37,505 | INFO | [INFO] processing user requests: [(0, 'T', [0]), (1, 'T', [0, 1]), (2, 'T', [0, 1, 2]), (3, 'T', [0, 1, 2, 3]), (4, 'T', [0, 1, 2, 3, 4]), (3, 'F', [0, 1, 2, 4])]
2026-04-23 13:15:37,572 | INFO | [INFO] model initialized on mps in 0.07s
2026-04-23 13:15:37,572 | INFO | ============================================================
2026-04-23 13:15:37,572 | INFO | [INFO] Training Task 0 ...
2026-04-23 13:15:37,572 | INFO | [INFO] task training start: task=0
2026-04-23 13:16:01,248 | INFO | [INFO] task training end: task=0 elapsed=23.67s
2026-04-23 13:16:04,522 | INFO | ============================================================
2026-04-23 13:16:04,522 | INFO | [INFO] Training Task 1 ...
2026-04-23 13:16:04,522 | INFO | [INFO] task training start: task=1
2026-04-23 13:16:35,992 | INFO | [INFO] task training end: task=1 elapsed=31.47s
2026-04-23 13:16:39,278 | INFO | ============================================================
2026-04-23 13:16:39,278 | INFO | [INFO] Training Task 2 ...
2026-04-23 13:16:39,278 | INFO | [INFO] task training start: task=2
2026-04-23 13:17:11,560 | INFO | [INFO] task training end: task=2 elapsed=32.28s
2026-04-23 13:17:14,859 | INFO | ============================================================
2026-04-23 13:17:14,859 | INFO | [INFO] Training Task 3 ...
2026-04-23 13:17:14,859 | INFO | [INFO] task training start: task=3
2026-04-23 13:17:47,838 | INFO | [INFO] task training end: task=3 elapsed=32.98s
2026-04-23 13:17:51,175 | INFO | ============================================================
2026-04-23 13:17:51,175 | INFO | [INFO] Training Task 4 ...
2026-04-23 13:17:51,175 | INFO | [INFO] task training start: task=4
2026-04-23 13:18:25,299 | INFO | [INFO] task training end: task=4 elapsed=34.12s
2026-04-23 13:18:28,650 | INFO | ============================================================
2026-04-23 13:18:28,650 | INFO | [INFO] Forgetting Task 3 ...
2026-04-23 13:18:31,968 | INFO | [INFO] forgetting start: task=3 remaining_tasks=[0, 1, 2, 4]
2026-04-23 13:18:45,182 | INFO | [INFO] forgetting end: task=3 elapsed=13.21s
2026-04-23 13:18:48,697 | INFO | [INFO] overlap: |S_t|=2232889 |S_share|=1317701 |S_share_crit|=263541 ratios: share=0.5901 crit=0.2000
2026-04-23 13:18:48,697 | INFO | [INFO] unlearning timing: t_reset=0.0014s t_retrain=9.4733s t_forget_total=9.4747s updated_params=1317701
2026-04-23 13:18:48,697 | INFO | [INFO] finetune_diag: {"active_tasks": [0, 1, 2, 4], "deleted_task_id": 3, "num_updated_params": 1317701, "do_finetune": true, "retrain_steps": 50, "retrain_steps_source": "retrain_steps", "retrain_steps_from_cli": true, "allow_zero_retrain": false, "retrain_steps_fallback": null, "buffer_sizes": {"0": 100, "1": 100, "2": 100, "4": 100}}
2026-04-23 13:18:48,697 | INFO | [INFO] finished processing requests in 191.12s
2026-04-23 13:18:49,018 | INFO | [INFO] wrote overlap matrix to runs/cifar10/T5_F3/pall_modified/seed_0/20260423_131536/overlap.csv
2026-04-23 13:18:49,019 | INFO | [INFO] wrote run report to runs/cifar10/T5_F3/pall_modified/seed_0/20260423_131536/report.md
2026-04-23 13:18:49,019 | INFO | [INFO] total run time: 192.36s
