2026-04-23 16:02:05,117 | INFO | ============================================================
2026-04-23 16:02:05,117 | INFO | [INFO] -- Experiment Configs --
2026-04-23 16:02:05,117 | INFO |        1. data & task
2026-04-23 16:02:05,117 | INFO |           dataset:      cifar100
2026-04-23 16:02:05,117 | INFO |           n_tasks:      10
2026-04-23 16:02:05,117 | INFO |           # class/task: 5
2026-04-23 16:02:05,117 | INFO |        2. training
2026-04-23 16:02:05,117 | INFO |           lr:           0.0100
2026-04-23 16:02:05,117 | INFO |        3. model
2026-04-23 16:02:05,117 | INFO |           method:       pall_original (original)
2026-04-23 16:02:05,117 | INFO |           architecture: subnet_resnet18
2026-04-23 16:02:05,117 | INFO |           norm params:  False
2026-04-23 16:02:05,117 | INFO |           device:       mps
2026-04-23 16:02:05,117 | INFO |           host_os:      macOS
2026-04-23 16:02:05,117 | INFO |           dataloader:   num_workers=0 pin_memory=False persistent_workers=False
2026-04-23 16:02:05,117 | INFO |           placement:    batches move in-loop via x.to(mps), y.to(mps)
2026-04-23 16:02:05,117 | INFO |           deterministic:False
2026-04-23 16:02:05,117 | INFO |           run_dir:      runs/cifar100/T10_F3/pall_original/seed_0/20260423_160205
2026-04-23 16:02:05,117 | INFO | ============================================================
2026-04-23 16:02:05,975 | INFO | [INFO] finish processing data in 0.86s
2026-04-23 16:02:05,975 | INFO | [INFO] request schedule source: file file: /Users/fateme/Documents/Uni/project/my thesis/code/Overlap-Aware-Selective-Forgetting-/schedules/cifar100_t10_f3_seed0.json
2026-04-23 16:02:05,976 | INFO | [INFO] processing user requests: [(0, 'T', [0]), (1, 'T', [0, 1]), (2, 'T', [0, 1, 2]), (3, 'T', [0, 1, 2, 3]), (4, 'T', [0, 1, 2, 3, 4]), (5, 'T', [0, 1, 2, 3, 4, 5]), (6, 'T', [0, 1, 2, 3, 4, 5, 6]), (0, 'F', [1, 2, 3, 4, 5, 6]), (7, 'T', [1, 2, 3, 4, 5, 6, 7]), (8, 'T', [1, 2, 3, 4, 5, 6, 7, 8]), (6, 'F', [1, 2, 3, 4, 5, 7, 8]), (9, 'T', [1, 2, 3, 4, 5, 7, 8, 9]), (7, 'F', [1, 2, 3, 4, 5, 8, 9])]
2026-04-23 16:02:06,045 | INFO | [INFO] model initialized on mps in 0.07s
2026-04-23 16:02:06,045 | INFO | ============================================================
2026-04-23 16:02:06,045 | INFO | [INFO] Training Task 0 ...
2026-04-23 16:02:06,046 | INFO | [INFO] task training start: task=0
2026-04-23 16:02:22,333 | INFO | [INFO] task training end: task=0 elapsed=16.29s
2026-04-23 16:02:24,010 | INFO | ============================================================
2026-04-23 16:02:24,010 | INFO | [INFO] Training Task 1 ...
2026-04-23 16:02:24,010 | INFO | [INFO] task training start: task=1
2026-04-23 16:02:46,135 | INFO | [INFO] task training end: task=1 elapsed=22.12s
2026-04-23 16:02:47,754 | INFO | ============================================================
2026-04-23 16:02:47,754 | INFO | [INFO] Training Task 2 ...
2026-04-23 16:02:47,754 | INFO | [INFO] task training start: task=2
2026-04-23 16:03:10,104 | INFO | [INFO] task training end: task=2 elapsed=22.35s
2026-04-23 16:03:11,732 | INFO | ============================================================
2026-04-23 16:03:11,732 | INFO | [INFO] Training Task 3 ...
2026-04-23 16:03:11,732 | INFO | [INFO] task training start: task=3
2026-04-23 16:03:34,750 | INFO | [INFO] task training end: task=3 elapsed=23.02s
2026-04-23 16:03:36,418 | INFO | ============================================================
2026-04-23 16:03:36,418 | INFO | [INFO] Training Task 4 ...
2026-04-23 16:03:36,418 | INFO | [INFO] task training start: task=4
2026-04-23 16:04:00,205 | INFO | [INFO] task training end: task=4 elapsed=23.79s
2026-04-23 16:04:01,861 | INFO | ============================================================
2026-04-23 16:04:01,862 | INFO | [INFO] Training Task 5 ...
2026-04-23 16:04:01,862 | INFO | [INFO] task training start: task=5
2026-04-23 16:04:25,955 | INFO | [INFO] task training end: task=5 elapsed=24.09s
2026-04-23 16:04:27,621 | INFO | ============================================================
2026-04-23 16:04:27,621 | INFO | [INFO] Training Task 6 ...
2026-04-23 16:04:27,621 | INFO | [INFO] task training start: task=6
2026-04-23 16:04:51,999 | INFO | [INFO] task training end: task=6 elapsed=24.38s
2026-04-23 16:04:53,667 | INFO | ============================================================
2026-04-23 16:04:53,667 | INFO | [INFO] Forgetting Task 0 ...
2026-04-23 16:04:55,307 | INFO | [INFO] forgetting start: task=0 remaining_tasks=[1, 2, 3, 4, 5, 6]
2026-04-23 16:04:57,385 | INFO | [INFO] forgetting end: task=0 elapsed=2.08s
2026-04-23 16:04:59,063 | INFO | [INFO] overlap: |S_t|=2234423 |S_share|=1647395 |S_share_crit|=1647395 ratios: share=0.7373 crit=1.0000
2026-04-23 16:04:59,063 | INFO | [INFO] unlearning timing: t_reset=0.0014s t_retrain=0.2975s t_forget_total=0.2990s updated_params=1647395
2026-04-23 16:04:59,063 | INFO | [INFO] finetune_diag: {"active_tasks": [1, 2, 3, 4, 5, 6], "deleted_task_id": 0, "num_updated_params": 1647395, "do_finetune": true, "retrain_steps": 1, "retrain_steps_source": "k_shot", "retrain_steps_from_cli": false, "allow_zero_retrain": false, "retrain_steps_fallback": null, "buffer_sizes": {"1": 50, "2": 50, "3": 50, "4": 50, "5": 50, "6": 50}}
2026-04-23 16:04:59,063 | INFO | ============================================================
2026-04-23 16:04:59,063 | INFO | [INFO] Training Task 7 ...
2026-04-23 16:04:59,063 | INFO | [INFO] task training start: task=7
2026-04-23 16:05:23,603 | INFO | [INFO] task training end: task=7 elapsed=24.54s
2026-04-23 16:05:25,282 | INFO | ============================================================
2026-04-23 16:05:25,282 | INFO | [INFO] Training Task 8 ...
2026-04-23 16:05:25,282 | INFO | [INFO] task training start: task=8
2026-04-23 16:05:49,839 | INFO | [INFO] task training end: task=8 elapsed=24.56s
2026-04-23 16:05:51,530 | INFO | ============================================================
2026-04-23 16:05:51,530 | INFO | [INFO] Forgetting Task 6 ...
2026-04-23 16:05:53,185 | INFO | [INFO] forgetting start: task=6 remaining_tasks=[1, 2, 3, 4, 5, 7, 8]
2026-04-23 16:05:55,177 | INFO | [INFO] forgetting end: task=6 elapsed=1.99s
2026-04-23 16:05:56,859 | INFO | [INFO] overlap: |S_t|=2234424 |S_share|=1763401 |S_share_crit|=1763401 ratios: share=0.7892 crit=1.0000
2026-04-23 16:05:56,860 | INFO | [INFO] unlearning timing: t_reset=0.0014s t_retrain=0.1796s t_forget_total=0.1810s updated_params=1763401
2026-04-23 16:05:56,860 | INFO | [INFO] finetune_diag: {"active_tasks": [1, 2, 3, 4, 5, 7, 8], "deleted_task_id": 6, "num_updated_params": 1763401, "do_finetune": true, "retrain_steps": 1, "retrain_steps_source": "k_shot", "retrain_steps_from_cli": false, "allow_zero_retrain": false, "retrain_steps_fallback": null, "buffer_sizes": {"1": 50, "2": 50, "3": 50, "4": 50, "5": 50, "7": 50, "8": 50}}
2026-04-23 16:05:56,860 | INFO | ============================================================
2026-04-23 16:05:56,860 | INFO | [INFO] Training Task 9 ...
2026-04-23 16:05:56,860 | INFO | [INFO] task training start: task=9
2026-04-23 16:06:21,424 | INFO | [INFO] task training end: task=9 elapsed=24.56s
2026-04-23 16:06:23,127 | INFO | ============================================================
2026-04-23 16:06:23,128 | INFO | [INFO] Forgetting Task 7 ...
2026-04-23 16:06:24,780 | INFO | [INFO] forgetting start: task=7 remaining_tasks=[1, 2, 3, 4, 5, 8, 9]
2026-04-23 16:06:26,714 | INFO | [INFO] forgetting end: task=7 elapsed=1.93s
2026-04-23 16:06:28,394 | INFO | [INFO] overlap: |S_t|=2234424 |S_share|=1764147 |S_share_crit|=1764147 ratios: share=0.7895 crit=1.0000
2026-04-23 16:06:28,394 | INFO | [INFO] unlearning timing: t_reset=0.0014s t_retrain=0.1757s t_forget_total=0.1771s updated_params=1764147
2026-04-23 16:06:28,394 | INFO | [INFO] finetune_diag: {"active_tasks": [1, 2, 3, 4, 5, 8, 9], "deleted_task_id": 7, "num_updated_params": 1764147, "do_finetune": true, "retrain_steps": 1, "retrain_steps_source": "k_shot", "retrain_steps_from_cli": false, "allow_zero_retrain": false, "retrain_steps_fallback": null, "buffer_sizes": {"1": 50, "2": 50, "3": 50, "4": 50, "5": 50, "8": 50, "9": 50}}
2026-04-23 16:06:28,396 | INFO | [INFO] finished processing requests in 262.34s
2026-04-23 16:06:28,400 | INFO | [INFO] wrote run report to runs/cifar100/T10_F3/pall_original/seed_0/20260423_160205/report.md
2026-04-23 16:06:28,400 | INFO | [INFO] total run time: 263.28s
