2026-04-23 17:37:26,443 | INFO | ============================================================
2026-04-23 17:37:26,443 | INFO | [INFO] -- Experiment Configs --
2026-04-23 17:37:26,443 | INFO |        1. data & task
2026-04-23 17:37:26,443 | INFO |           dataset:      cifar100
2026-04-23 17:37:26,443 | INFO |           n_tasks:      10
2026-04-23 17:37:26,443 | INFO |           # class/task: 5
2026-04-23 17:37:26,443 | INFO |        2. training
2026-04-23 17:37:26,443 | INFO |           lr:           0.0100
2026-04-23 17:37:26,443 | INFO |        3. model
2026-04-23 17:37:26,443 | INFO |           method:       pall_modified (modified)
2026-04-23 17:37:26,443 | INFO |           architecture: subnet_resnet18
2026-04-23 17:37:26,443 | INFO |           norm params:  False
2026-04-23 17:37:26,443 | INFO |           device:       mps
2026-04-23 17:37:26,443 | INFO |           host_os:      macOS
2026-04-23 17:37:26,443 | INFO |           dataloader:   num_workers=0 pin_memory=False persistent_workers=False
2026-04-23 17:37:26,443 | INFO |           placement:    batches move in-loop via x.to(mps), y.to(mps)
2026-04-23 17:37:26,443 | INFO |           deterministic:False
2026-04-23 17:37:26,443 | INFO |           run_dir:      runs/cifar100/T10_F3/pall_modified/seed_0/20260423_173726
2026-04-23 17:37:26,443 | INFO | ============================================================
2026-04-23 17:37:27,300 | INFO | [INFO] finish processing data in 0.86s
2026-04-23 17:37:27,300 | INFO | [INFO] request schedule source: file file: /Users/fateme/Documents/Uni/project/my thesis/code/Overlap-Aware-Selective-Forgetting-/schedules/cifar100_t10_f3_seed0.json
2026-04-23 17:37:27,301 | INFO | [INFO] processing user requests: [(0, 'T', [0]), (1, 'T', [0, 1]), (2, 'T', [0, 1, 2]), (3, 'T', [0, 1, 2, 3]), (4, 'T', [0, 1, 2, 3, 4]), (5, 'T', [0, 1, 2, 3, 4, 5]), (6, 'T', [0, 1, 2, 3, 4, 5, 6]), (0, 'F', [1, 2, 3, 4, 5, 6]), (7, 'T', [1, 2, 3, 4, 5, 6, 7]), (8, 'T', [1, 2, 3, 4, 5, 6, 7, 8]), (6, 'F', [1, 2, 3, 4, 5, 7, 8]), (9, 'T', [1, 2, 3, 4, 5, 7, 8, 9]), (7, 'F', [1, 2, 3, 4, 5, 8, 9])]
2026-04-23 17:37:27,370 | INFO | [INFO] model initialized on mps in 0.07s
2026-04-23 17:37:27,370 | INFO | ============================================================
2026-04-23 17:37:27,370 | INFO | [INFO] Training Task 0 ...
2026-04-23 17:37:27,370 | INFO | [INFO] task training start: task=0
2026-04-23 17:37:33,807 | INFO | [INFO] task training end: task=0 elapsed=6.44s
2026-04-23 17:37:35,494 | INFO | ============================================================
2026-04-23 17:37:35,494 | INFO | [INFO] Training Task 1 ...
2026-04-23 17:37:35,494 | INFO | [INFO] task training start: task=1
2026-04-23 17:37:43,555 | INFO | [INFO] task training end: task=1 elapsed=8.06s
2026-04-23 17:37:45,159 | INFO | ============================================================
2026-04-23 17:37:45,159 | INFO | [INFO] Training Task 2 ...
2026-04-23 17:37:45,159 | INFO | [INFO] task training start: task=2
2026-04-23 17:37:53,176 | INFO | [INFO] task training end: task=2 elapsed=8.02s
2026-04-23 17:37:54,790 | INFO | ============================================================
2026-04-23 17:37:54,790 | INFO | [INFO] Training Task 3 ...
2026-04-23 17:37:54,790 | INFO | [INFO] task training start: task=3
2026-04-23 17:38:03,031 | INFO | [INFO] task training end: task=3 elapsed=8.24s
2026-04-23 17:38:04,655 | INFO | ============================================================
2026-04-23 17:38:04,655 | INFO | [INFO] Training Task 4 ...
2026-04-23 17:38:04,655 | INFO | [INFO] task training start: task=4
2026-04-23 17:38:13,074 | INFO | [INFO] task training end: task=4 elapsed=8.42s
2026-04-23 17:38:14,711 | INFO | ============================================================
2026-04-23 17:38:14,711 | INFO | [INFO] Training Task 5 ...
2026-04-23 17:38:14,711 | INFO | [INFO] task training start: task=5
2026-04-23 17:38:23,229 | INFO | [INFO] task training end: task=5 elapsed=8.52s
2026-04-23 17:38:24,882 | INFO | ============================================================
2026-04-23 17:38:24,882 | INFO | [INFO] Training Task 6 ...
2026-04-23 17:38:24,882 | INFO | [INFO] task training start: task=6
2026-04-23 17:38:33,513 | INFO | [INFO] task training end: task=6 elapsed=8.63s
2026-04-23 17:38:35,177 | INFO | ============================================================
2026-04-23 17:38:35,177 | INFO | [INFO] Forgetting Task 0 ...
2026-04-23 17:38:36,811 | INFO | [INFO] forgetting start: task=0 remaining_tasks=[1, 2, 3, 4, 5, 6]
2026-04-23 17:38:49,943 | INFO | [INFO] forgetting end: task=0 elapsed=13.13s
2026-04-23 17:38:51,744 | INFO | [INFO] overlap: |S_t|=2234423 |S_share|=1647314 |S_share_crit|=164732 ratios: share=0.7372 crit=0.1000
2026-04-23 17:38:51,744 | INFO | [INFO] unlearning timing: t_reset=0.0014s t_retrain=11.1236s t_forget_total=11.1250s updated_params=1647314
2026-04-23 17:38:51,744 | INFO | [INFO] finetune_diag: {"active_tasks": [1, 2, 3, 4, 5, 6], "deleted_task_id": 0, "num_updated_params": 1647314, "do_finetune": true, "retrain_steps": 50, "retrain_steps_source": "retrain_steps", "retrain_steps_from_cli": true, "allow_zero_retrain": false, "retrain_steps_fallback": null, "buffer_sizes": {"1": 50, "2": 50, "3": 50, "4": 50, "5": 50, "6": 50}}
2026-04-23 17:38:51,745 | INFO | ============================================================
2026-04-23 17:38:51,745 | INFO | [INFO] Training Task 7 ...
2026-04-23 17:38:51,745 | INFO | [INFO] task training start: task=7
2026-04-23 17:39:00,624 | INFO | [INFO] task training end: task=7 elapsed=8.88s
2026-04-23 17:39:02,387 | INFO | ============================================================
2026-04-23 17:39:02,388 | INFO | [INFO] Training Task 8 ...
2026-04-23 17:39:02,388 | INFO | [INFO] task training start: task=8
2026-04-23 17:39:11,380 | INFO | [INFO] task training end: task=8 elapsed=8.99s
2026-04-23 17:39:13,160 | INFO | ============================================================
2026-04-23 17:39:13,160 | INFO | [INFO] Forgetting Task 6 ...
2026-04-23 17:39:14,953 | INFO | [INFO] forgetting start: task=6 remaining_tasks=[1, 2, 3, 4, 5, 7, 8]
2026-04-23 17:39:28,505 | INFO | [INFO] forgetting end: task=6 elapsed=13.55s
2026-04-23 17:39:30,275 | INFO | [INFO] overlap: |S_t|=2234424 |S_share|=1763184 |S_share_crit|=176319 ratios: share=0.7891 crit=0.1000
2026-04-23 17:39:30,275 | INFO | [INFO] unlearning timing: t_reset=0.0014s t_retrain=11.3860s t_forget_total=11.3874s updated_params=1763184
2026-04-23 17:39:30,275 | INFO | [INFO] finetune_diag: {"active_tasks": [1, 2, 3, 4, 5, 7, 8], "deleted_task_id": 6, "num_updated_params": 1763184, "do_finetune": true, "retrain_steps": 50, "retrain_steps_source": "retrain_steps", "retrain_steps_from_cli": true, "allow_zero_retrain": false, "retrain_steps_fallback": null, "buffer_sizes": {"1": 50, "2": 50, "3": 50, "4": 50, "5": 50, "7": 50, "8": 50}}
2026-04-23 17:39:30,275 | INFO | ============================================================
2026-04-23 17:39:30,275 | INFO | [INFO] Training Task 9 ...
2026-04-23 17:39:30,275 | INFO | [INFO] task training start: task=9
2026-04-23 17:39:39,100 | INFO | [INFO] task training end: task=9 elapsed=8.82s
2026-04-23 17:39:40,882 | INFO | ============================================================
2026-04-23 17:39:40,882 | INFO | [INFO] Forgetting Task 7 ...
2026-04-23 17:39:42,615 | INFO | [INFO] forgetting start: task=7 remaining_tasks=[1, 2, 3, 4, 5, 8, 9]
2026-04-23 17:39:56,059 | INFO | [INFO] forgetting end: task=7 elapsed=13.44s
2026-04-23 17:39:57,833 | INFO | [INFO] overlap: |S_t|=2234423 |S_share|=1764221 |S_share_crit|=176423 ratios: share=0.7896 crit=0.1000
2026-04-23 17:39:57,833 | INFO | [INFO] unlearning timing: t_reset=0.0014s t_retrain=11.2854s t_forget_total=11.2868s updated_params=1764221
2026-04-23 17:39:57,833 | INFO | [INFO] finetune_diag: {"active_tasks": [1, 2, 3, 4, 5, 8, 9], "deleted_task_id": 7, "num_updated_params": 1764221, "do_finetune": true, "retrain_steps": 50, "retrain_steps_source": "retrain_steps", "retrain_steps_from_cli": true, "allow_zero_retrain": false, "retrain_steps_fallback": null, "buffer_sizes": {"1": 50, "2": 50, "3": 50, "4": 50, "5": 50, "8": 50, "9": 50}}
2026-04-23 17:39:57,833 | INFO | [INFO] finished processing requests in 150.46s
2026-04-23 17:39:59,222 | INFO | [INFO] wrote overlap matrix to runs/cifar100/T10_F3/pall_modified/seed_0/20260423_173726/overlap.csv
2026-04-23 17:39:59,223 | INFO | [INFO] wrote run report to runs/cifar100/T10_F3/pall_modified/seed_0/20260423_173726/report.md
2026-04-23 17:39:59,223 | INFO | [INFO] total run time: 152.78s
