2026-02-11 13:49:05,263 | INFO | ============================================================
2026-02-11 13:49:05,263 | INFO | [INFO] -- Experiment Configs --
2026-02-11 13:49:05,263 | INFO |        1. data & task
2026-02-11 13:49:05,263 | INFO |           dataset:      cifar10
2026-02-11 13:49:05,263 | INFO |           n_tasks:      2
2026-02-11 13:49:05,263 | INFO |           # class/task: 2
2026-02-11 13:49:05,263 | INFO |        2. training
2026-02-11 13:49:05,263 | INFO |           lr:           0.0100
2026-02-11 13:49:05,263 | INFO |        3. model
2026-02-11 13:49:05,263 | INFO |           method:       pall_original (original)
2026-02-11 13:49:05,263 | INFO |           architecture: subnet_resnet18
2026-02-11 13:49:05,263 | INFO |           norm params:  False
2026-02-11 13:49:05,263 | INFO |           device:       mps
2026-02-11 13:49:05,263 | INFO |           deterministic:True
2026-02-11 13:49:05,263 | INFO |           run_dir:      runs/cifar10/T2_F1/pall_original/seed_0/20260211_134905
2026-02-11 13:49:05,263 | INFO | ============================================================
2026-02-11 13:49:06,159 | INFO | [INFO] finish processing data
2026-02-11 13:49:06,159 | INFO | [INFO] processing user requests: [(0, 'T', [0]), (1, 'T', [0, 1]), (1, 'F', [0])]
2026-02-11 13:49:06,253 | INFO | ============================================================
2026-02-11 13:49:06,253 | INFO | [INFO] Training Task 0 ...
2026-02-11 13:50:08,996 | INFO | ============================================================
2026-02-11 13:50:08,997 | INFO | [INFO] Training Task 1 ...
2026-02-11 13:54:30,712 | INFO | ============================================================
2026-02-11 13:54:30,713 | INFO | [INFO] Forgetting Task 1 ...
2026-02-11 14:04:44,193 | INFO | [INFO] overlap: |S_t|=2232888 |S_share|=446083 |S_share_crit|=446083 ratios: share=0.1998 crit=1.0000
2026-02-11 14:04:44,194 | INFO | [INFO] unlearning timing: t_reset=0.0020s t_retrain=609.5765s updated_params=446083
2026-02-11 14:04:44,272 | INFO | [INFO] wrote overlap matrix to runs/cifar10/T2_F1/pall_original/seed_0/20260211_134905/overlap.csv
