2026-04-26 17:39:42,179 | INFO | ============================================================
2026-04-26 17:39:42,179 | INFO | [INFO] -- Experiment Configs --
2026-04-26 17:39:42,179 | INFO |        1. data & task
2026-04-26 17:39:42,179 | INFO |           dataset:      cifar10
2026-04-26 17:39:42,179 | INFO |           n_tasks:      5
2026-04-26 17:39:42,179 | INFO |           # class/task: 2
2026-04-26 17:39:42,179 | INFO |        2. training
2026-04-26 17:39:42,179 | INFO |           lr:           0.0100
2026-04-26 17:39:42,179 | INFO |        3. model
2026-04-26 17:39:42,179 | INFO |           method:       pall_adapter (adapter)
2026-04-26 17:39:42,179 | INFO |           architecture: adapter_resnet18
2026-04-26 17:39:42,179 | INFO |           norm params:  False
2026-04-26 17:39:42,179 | INFO |           device:       mps
2026-04-26 17:39:42,179 | INFO |           host_os:      macOS
2026-04-26 17:39:42,179 | INFO |           dataloader:   num_workers=0 pin_memory=False persistent_workers=False
2026-04-26 17:39:42,179 | INFO |           placement:    batches move in-loop via x.to(mps), y.to(mps)
2026-04-26 17:39:42,179 | INFO |           deterministic:False
2026-04-26 17:39:42,179 | INFO |           run_dir:      runs/cifar10/T5_F1/pall_adapter/seed_0/20260426_173942
2026-04-26 17:39:42,179 | INFO | ============================================================
2026-04-26 17:39:43,022 | INFO | [INFO] finish processing data in 0.84s
2026-04-26 17:39:43,022 | INFO | [INFO] request schedule source: generated file: NA
2026-04-26 17:39:43,023 | INFO | [INFO] processing user requests: [(0, 'T', [0]), (1, 'T', [0, 1]), (2, 'T', [0, 1, 2]), (3, 'T', [0, 1, 2, 3]), (4, 'T', [0, 1, 2, 3, 4]), (3, 'F', [0, 1, 2, 4])]
2026-04-26 17:39:43,053 | INFO | [INFO] model params: total=11246272 trainable=87040 adapter=81920 ratio=0.0077
2026-04-26 17:39:43,053 | INFO | [INFO] model initialized on mps in 0.03s
2026-04-26 17:39:43,053 | INFO | ============================================================
2026-04-26 17:39:43,054 | INFO | [INFO] Training Task 0 ...
2026-04-26 17:39:43,054 | INFO | [INFO] task training start: task=0
2026-04-26 17:39:48,545 | INFO | [INFO] task training end: task=0 elapsed=5.49s
2026-04-26 17:39:51,765 | INFO | ============================================================
2026-04-26 17:39:51,766 | INFO | [INFO] Training Task 1 ...
2026-04-26 17:39:51,766 | INFO | [INFO] task training start: task=1
2026-04-26 17:39:57,130 | INFO | [INFO] task training end: task=1 elapsed=5.36s
2026-04-26 17:40:00,338 | INFO | ============================================================
2026-04-26 17:40:00,338 | INFO | [INFO] Training Task 2 ...
2026-04-26 17:40:00,338 | INFO | [INFO] task training start: task=2
2026-04-26 17:40:05,731 | INFO | [INFO] task training end: task=2 elapsed=5.39s
2026-04-26 17:40:08,906 | INFO | ============================================================
2026-04-26 17:40:08,907 | INFO | [INFO] Training Task 3 ...
2026-04-26 17:40:08,907 | INFO | [INFO] task training start: task=3
2026-04-26 17:40:14,221 | INFO | [INFO] task training end: task=3 elapsed=5.31s
2026-04-26 17:40:17,404 | INFO | ============================================================
2026-04-26 17:40:17,404 | INFO | [INFO] Training Task 4 ...
2026-04-26 17:40:17,404 | INFO | [INFO] task training start: task=4
2026-04-26 17:40:22,701 | INFO | [INFO] task training end: task=4 elapsed=5.30s
2026-04-26 17:40:25,829 | INFO | ============================================================
2026-04-26 17:40:25,829 | INFO | [INFO] Forgetting Task 3 ...
2026-04-26 17:40:28,927 | INFO | [INFO] forgetting start: task=3 remaining_tasks=[0, 1, 2, 4]
2026-04-26 17:40:32,134 | INFO | [INFO] forgetting end: task=3 elapsed=3.21s
2026-04-26 17:40:35,289 | INFO | [INFO] overlap: |S_t|=17408 |S_share|=0 |S_share_crit|=0 ratios: share=0.0000 crit=0.0000
2026-04-26 17:40:35,290 | INFO | [INFO] unlearning timing: t_reset=0.0053s t_retrain=0.0724s t_forget_total=3.2067s updated_params=69632
2026-04-26 17:40:35,290 | INFO | [INFO] finetune_diag: {"active_tasks": [0, 1, 2, 4], "deleted_task_id": 3, "retrain_steps": 1, "buffer_sizes": {"0": 100, "1": 100, "2": 100, "4": 100}}
2026-04-26 17:40:35,290 | INFO | [INFO] finished processing requests in 52.24s
2026-04-26 17:40:35,293 | INFO | [INFO] wrote run report to runs/cifar10/T5_F1/pall_adapter/seed_0/20260426_173942/report.md
2026-04-26 17:40:35,293 | INFO | [INFO] total run time: 53.11s
