2026-04-26 17:35:50,146 | INFO | ============================================================
2026-04-26 17:35:50,146 | INFO | [INFO] -- Experiment Configs --
2026-04-26 17:35:50,146 | INFO |        1. data & task
2026-04-26 17:35:50,146 | INFO |           dataset:      cifar10
2026-04-26 17:35:50,146 | INFO |           n_tasks:      5
2026-04-26 17:35:50,146 | INFO |           # class/task: 2
2026-04-26 17:35:50,146 | INFO |        2. training
2026-04-26 17:35:50,146 | INFO |           lr:           0.0100
2026-04-26 17:35:50,146 | INFO |        3. model
2026-04-26 17:35:50,146 | INFO |           method:       pall_adapter (adapter)
2026-04-26 17:35:50,146 | INFO |           architecture: adapter_resnet18
2026-04-26 17:35:50,146 | INFO |           norm params:  False
2026-04-26 17:35:50,146 | INFO |           device:       mps
2026-04-26 17:35:50,146 | INFO |           host_os:      macOS
2026-04-26 17:35:50,146 | INFO |           dataloader:   num_workers=0 pin_memory=False persistent_workers=False
2026-04-26 17:35:50,146 | INFO |           placement:    batches move in-loop via x.to(mps), y.to(mps)
2026-04-26 17:35:50,146 | INFO |           deterministic:False
2026-04-26 17:35:50,146 | INFO |           run_dir:      runs/cifar10/T5_F1/pall_adapter/seed_0/20260426_173550
2026-04-26 17:35:50,146 | INFO | ============================================================
2026-04-26 17:35:51,009 | INFO | [INFO] finish processing data in 0.86s
2026-04-26 17:35:51,009 | INFO | [INFO] request schedule source: generated file: NA
2026-04-26 17:35:51,009 | INFO | [INFO] processing user requests: [(0, 'T', [0]), (1, 'T', [0, 1]), (2, 'T', [0, 1, 2]), (3, 'T', [0, 1, 2, 3]), (4, 'T', [0, 1, 2, 3, 4]), (3, 'F', [0, 1, 2, 4])]
2026-04-26 17:35:51,039 | INFO | [INFO] model params: total=11246272 trainable=81920 adapter=81920 ratio=0.0073
2026-04-26 17:35:51,039 | INFO | [INFO] model initialized on mps in 0.03s
2026-04-26 17:35:51,040 | INFO | ============================================================
2026-04-26 17:35:51,040 | INFO | [INFO] Training Task 0 ...
2026-04-26 17:35:51,040 | INFO | [INFO] task training start: task=0
2026-04-26 17:35:56,502 | INFO | [INFO] task training end: task=0 elapsed=5.46s
2026-04-26 17:35:59,644 | INFO | ============================================================
2026-04-26 17:35:59,644 | INFO | [INFO] Training Task 1 ...
2026-04-26 17:35:59,644 | INFO | [INFO] task training start: task=1
2026-04-26 17:36:05,048 | INFO | [INFO] task training end: task=1 elapsed=5.40s
2026-04-26 17:36:08,163 | INFO | ============================================================
2026-04-26 17:36:08,163 | INFO | [INFO] Training Task 2 ...
2026-04-26 17:36:08,163 | INFO | [INFO] task training start: task=2
2026-04-26 17:36:13,425 | INFO | [INFO] task training end: task=2 elapsed=5.26s
2026-04-26 17:36:16,546 | INFO | ============================================================
2026-04-26 17:36:16,546 | INFO | [INFO] Training Task 3 ...
2026-04-26 17:36:16,546 | INFO | [INFO] task training start: task=3
2026-04-26 17:36:21,805 | INFO | [INFO] task training end: task=3 elapsed=5.26s
2026-04-26 17:36:24,944 | INFO | ============================================================
2026-04-26 17:36:24,944 | INFO | [INFO] Training Task 4 ...
2026-04-26 17:36:24,944 | INFO | [INFO] task training start: task=4
2026-04-26 17:36:30,205 | INFO | [INFO] task training end: task=4 elapsed=5.26s
2026-04-26 17:36:33,348 | INFO | ============================================================
2026-04-26 17:36:33,349 | INFO | [INFO] Forgetting Task 3 ...
2026-04-26 17:36:36,437 | INFO | [INFO] forgetting start: task=3 remaining_tasks=[0, 1, 2, 4]
2026-04-26 17:36:39,594 | INFO | [INFO] forgetting end: task=3 elapsed=3.16s
2026-04-26 17:36:42,722 | INFO | [INFO] overlap: |S_t|=16384 |S_share|=0 |S_share_crit|=0 ratios: share=0.0000 crit=0.0000
2026-04-26 17:36:42,722 | INFO | [INFO] unlearning timing: t_reset=0.0091s t_retrain=0.0664s t_forget_total=3.1571s updated_params=65536
2026-04-26 17:36:42,722 | INFO | [INFO] finetune_diag: {"active_tasks": [0, 1, 2, 4], "deleted_task_id": 3, "retrain_steps": 1, "buffer_sizes": {"0": 100, "1": 100, "2": 100, "4": 100}}
2026-04-26 17:36:42,723 | INFO | [WARN] Unlearned task 3 accuracy drop is small: 0.5415 -> 0.5000
2026-04-26 17:36:42,723 | INFO | [INFO] finished processing requests in 51.68s
2026-04-26 17:36:42,726 | INFO | [INFO] wrote run report to runs/cifar10/T5_F1/pall_adapter/seed_0/20260426_173550/report.md
2026-04-26 17:36:42,726 | INFO | [INFO] total run time: 52.58s
