2026-02-11 14:28:29,305 | INFO | ============================================================
2026-02-11 14:28:29,305 | INFO | [INFO] -- Experiment Configs --
2026-02-11 14:28:29,305 | INFO |        1. data & task
2026-02-11 14:28:29,305 | INFO |           dataset:      cifar10
2026-02-11 14:28:29,305 | INFO |           n_tasks:      5
2026-02-11 14:28:29,305 | INFO |           # class/task: 2
2026-02-11 14:28:29,305 | INFO |        2. training
2026-02-11 14:28:29,305 | INFO |           lr:           0.0100
2026-02-11 14:28:29,305 | INFO |        3. model
2026-02-11 14:28:29,305 | INFO |           method:       pall_original (original)
2026-02-11 14:28:29,305 | INFO |           architecture: subnet_resnet18
2026-02-11 14:28:29,305 | INFO |           norm params:  False
2026-02-11 14:28:29,305 | INFO |           device:       mps
2026-02-11 14:28:29,305 | INFO |           deterministic:True
2026-02-11 14:28:29,305 | INFO |           run_dir:      runs/cifar10/T5_F2/pall_original/seed_0/20260211_142829
2026-02-11 14:28:29,305 | INFO | ============================================================
2026-02-11 14:28:30,207 | INFO | [INFO] finish processing data
2026-02-11 14:28:30,208 | INFO | [INFO] processing user requests: [(0, 'T', [0]), (1, 'T', [0, 1]), (2, 'T', [0, 1, 2]), (3, 'T', [0, 1, 2, 3]), (3, 'F', [0, 1, 2]), (4, 'T', [0, 1, 2, 4]), (4, 'F', [0, 1, 2])]
2026-02-11 14:28:30,287 | INFO | ============================================================
2026-02-11 14:28:30,287 | INFO | [INFO] Training Task 0 ...
2026-02-11 14:30:42,777 | INFO | ============================================================
2026-02-11 14:30:42,777 | INFO | [INFO] Training Task 1 ...
2026-02-11 14:42:12,417 | INFO | ============================================================
2026-02-11 14:42:12,419 | INFO | [INFO] Training Task 2 ...
2026-02-11 15:14:30,336 | INFO | ============================================================
2026-02-11 15:14:30,337 | INFO | [INFO] Training Task 3 ...
2026-02-11 16:06:37,429 | INFO | ============================================================
2026-02-11 16:06:37,429 | INFO | [INFO] Forgetting Task 3 ...
