2026-02-12 00:21:58,116 | INFO | ============================================================
2026-02-12 00:21:58,116 | INFO | [INFO] -- Experiment Configs --
2026-02-12 00:21:58,117 | INFO |        1. data & task
2026-02-12 00:21:58,117 | INFO |           dataset:      cifar10
2026-02-12 00:21:58,117 | INFO |           n_tasks:      2
2026-02-12 00:21:58,117 | INFO |           # class/task: 2
2026-02-12 00:21:58,117 | INFO |        2. training
2026-02-12 00:21:58,117 | INFO |           lr:           0.0100
2026-02-12 00:21:58,117 | INFO |        3. model
2026-02-12 00:21:58,117 | INFO |           method:       pall_original (original)
2026-02-12 00:21:58,117 | INFO |           architecture: subnet_resnet18
2026-02-12 00:21:58,117 | INFO |           norm params:  False
2026-02-12 00:21:58,117 | INFO |           device:       mps
2026-02-12 00:21:58,117 | INFO |           deterministic:True
2026-02-12 00:21:58,117 | INFO |           run_dir:      runs/cifar10/T2_F1/pall_original/seed_0/20260212_002158
2026-02-12 00:21:58,117 | INFO | ============================================================
2026-02-12 00:21:58,959 | INFO | [INFO] finish processing data
2026-02-12 00:21:58,959 | INFO | [INFO] processing user requests: [(0, 'T', [0]), (1, 'T', [0, 1]), (1, 'F', [0])]
2026-02-12 00:21:59,032 | INFO | ============================================================
2026-02-12 00:21:59,032 | INFO | [INFO] Training Task 0 ...
2026-02-12 00:23:01,144 | INFO | ============================================================
2026-02-12 00:23:01,144 | INFO | [INFO] Training Task 1 ...
2026-02-12 00:27:22,080 | INFO | ============================================================
2026-02-12 00:27:22,081 | INFO | [INFO] Forgetting Task 1 ...
2026-02-12 00:27:25,986 | INFO | [INFO] overlap: |S_t|=2232888 |S_share|=446083 |S_share_crit|=446083 ratios: share=0.1998 crit=1.0000
2026-02-12 00:27:25,986 | INFO | [INFO] unlearning timing: t_reset=0.0020s t_retrain=0.0000s updated_params=446083
2026-02-12 00:27:25,986 | INFO | [INFO] finetune_diag: {"active_tasks": [0], "deleted_task_id": 1, "num_updated_params": 446083, "do_finetune": false, "retrain_steps": 0, "retrain_steps_source": "retrain_steps", "retrain_steps_from_cli": true, "allow_zero_retrain": true, "retrain_steps_fallback": null, "buffer_sizes": {"0": 100}, "skipped_due_to_zero_retrain": true}
2026-02-12 00:27:26,060 | INFO | [INFO] wrote overlap matrix to runs/cifar10/T2_F1/pall_original/seed_0/20260212_002158/overlap.csv
