2026-04-26 17:58:12,088 | INFO | ============================================================
2026-04-26 17:58:12,088 | INFO | [INFO] -- Experiment Configs --
2026-04-26 17:58:12,088 | INFO |        1. data & task
2026-04-26 17:58:12,088 | INFO |           dataset:      cifar10
2026-04-26 17:58:12,088 | INFO |           n_tasks:      5
2026-04-26 17:58:12,088 | INFO |           # class/task: 2
2026-04-26 17:58:12,088 | INFO |        2. training
2026-04-26 17:58:12,088 | INFO |           lr:           0.0100
2026-04-26 17:58:12,088 | INFO |        3. model
2026-04-26 17:58:12,088 | INFO |           method:       pall_adapter (adapter)
2026-04-26 17:58:12,088 | INFO |           architecture: adapter_resnet18
2026-04-26 17:58:12,088 | INFO |           norm params:  False
2026-04-26 17:58:12,088 | INFO |           device:       mps
2026-04-26 17:58:12,088 | INFO |           host_os:      macOS
2026-04-26 17:58:12,088 | INFO |           dataloader:   num_workers=0 pin_memory=False persistent_workers=False
2026-04-26 17:58:12,088 | INFO |           placement:    batches move in-loop via x.to(mps), y.to(mps)
2026-04-26 17:58:12,088 | INFO |           deterministic:False
2026-04-26 17:58:12,088 | INFO |           run_dir:      runs/cifar10/T5_F3/pall_adapter/seed_0/20260426_175812
2026-04-26 17:58:12,088 | INFO | ============================================================
2026-04-26 17:58:12,933 | INFO | [INFO] finish processing data in 0.85s
2026-04-26 17:58:12,933 | INFO | [INFO] request schedule source: file file: /Users/fateme/Documents/Uni/project/my thesis/code/Overlap-Aware-Selective-Forgetting-/schedules/cifar10_t5_f3_fixed_seed0.json
2026-04-26 17:58:12,934 | INFO | [INFO] processing user requests: [(0, 'T', [0]), (1, 'T', [0, 1]), (2, 'T', [0, 1, 2]), (3, 'T', [0, 1, 2, 3]), (4, 'T', [0, 1, 2, 3, 4]), (3, 'F', [0, 1, 2, 4])]
2026-04-26 17:58:12,963 | INFO | [INFO] model params: total=11246272 trainable=87040 adapter=81920 ratio=0.0077
2026-04-26 17:58:12,963 | INFO | [INFO] model initialized on mps in 0.03s
2026-04-26 17:58:12,963 | INFO | ============================================================
2026-04-26 17:58:12,963 | INFO | [INFO] Training Task 0 ...
2026-04-26 17:58:12,963 | INFO | [INFO] task training start: task=0
2026-04-26 17:58:23,675 | INFO | [INFO] task training end: task=0 elapsed=10.71s
2026-04-26 17:58:26,816 | INFO | ============================================================
2026-04-26 17:58:26,816 | INFO | [INFO] Training Task 1 ...
2026-04-26 17:58:26,816 | INFO | [INFO] task training start: task=1
2026-04-26 17:58:37,348 | INFO | [INFO] task training end: task=1 elapsed=10.53s
2026-04-26 17:58:40,478 | INFO | ============================================================
2026-04-26 17:58:40,478 | INFO | [INFO] Training Task 2 ...
2026-04-26 17:58:40,478 | INFO | [INFO] task training start: task=2
2026-04-26 17:58:51,014 | INFO | [INFO] task training end: task=2 elapsed=10.54s
2026-04-26 17:58:54,162 | INFO | ============================================================
2026-04-26 17:58:54,162 | INFO | [INFO] Training Task 3 ...
2026-04-26 17:58:54,162 | INFO | [INFO] task training start: task=3
2026-04-26 17:59:04,696 | INFO | [INFO] task training end: task=3 elapsed=10.53s
2026-04-26 17:59:07,849 | INFO | ============================================================
2026-04-26 17:59:07,849 | INFO | [INFO] Training Task 4 ...
2026-04-26 17:59:07,849 | INFO | [INFO] task training start: task=4
2026-04-26 17:59:18,388 | INFO | [INFO] task training end: task=4 elapsed=10.54s
2026-04-26 17:59:21,549 | INFO | ============================================================
2026-04-26 17:59:21,549 | INFO | [INFO] Forgetting Task 3 ...
2026-04-26 17:59:24,637 | INFO | [INFO] forgetting start: task=3 remaining_tasks=[0, 1, 2, 4]
2026-04-26 17:59:27,910 | INFO | [INFO] forgetting end: task=3 elapsed=3.27s
2026-04-26 17:59:31,307 | INFO | [INFO] overlap: |S_t|=17408 |S_share|=0 |S_share_crit|=0 ratios: share=0.0000 crit=0.0000
2026-04-26 17:59:31,307 | INFO | [INFO] unlearning timing: t_reset=0.0059s t_retrain=0.0686s t_forget_total=3.2721s updated_params=69632
2026-04-26 17:59:31,308 | INFO | [INFO] finetune_diag: {"active_tasks": [0, 1, 2, 4], "deleted_task_id": 3, "retrain_steps": 1, "buffer_sizes": {"0": 100, "1": 100, "2": 100, "4": 100}}
2026-04-26 17:59:31,308 | INFO | [INFO] finished processing requests in 78.34s
2026-04-26 17:59:31,311 | INFO | [INFO] wrote run report to runs/cifar10/T5_F3/pall_adapter/seed_0/20260426_175812/report.md
2026-04-26 17:59:31,311 | INFO | [INFO] total run time: 79.22s
