2026-04-27 11:09:20,964 | INFO | ============================================================
2026-04-27 11:09:20,964 | INFO | [INFO] -- Experiment Configs --
2026-04-27 11:09:20,964 | INFO |        1. data & task
2026-04-27 11:09:20,964 | INFO |           dataset:      cifar10
2026-04-27 11:09:20,964 | INFO |           n_tasks:      5
2026-04-27 11:09:20,964 | INFO |           # class/task: 2
2026-04-27 11:09:20,964 | INFO |        2. training
2026-04-27 11:09:20,964 | INFO |           lr:           0.0100
2026-04-27 11:09:20,964 | INFO |        3. model
2026-04-27 11:09:20,964 | INFO |           method:       pall_adapter (adapter)
2026-04-27 11:09:20,964 | INFO |           architecture: adapter_resnet18
2026-04-27 11:09:20,964 | INFO |           norm params:  False
2026-04-27 11:09:20,964 | INFO |           device:       mps
2026-04-27 11:09:20,964 | INFO |           host_os:      macOS
2026-04-27 11:09:20,964 | INFO |           dataloader:   num_workers=0 pin_memory=False persistent_workers=False
2026-04-27 11:09:20,964 | INFO |           placement:    batches move in-loop via x.to(mps), y.to(mps)
2026-04-27 11:09:20,964 | INFO |           deterministic:False
2026-04-27 11:09:20,964 | INFO |           run_dir:      runs/cifar10/T5_F3/pall_adapter/seed_0/20260427_110920
2026-04-27 11:09:20,964 | INFO | ============================================================
2026-04-27 11:09:21,848 | INFO | [INFO] finish processing data in 0.88s
2026-04-27 11:09:21,848 | INFO | [INFO] request schedule source: file file: /Users/fateme/Documents/Uni/project/my thesis/code/Overlap-Aware-Selective-Forgetting-/schedules/cifar10_t5_f3_fixed_seed0.json
2026-04-27 11:09:21,848 | INFO | [INFO] processing user requests: [(0, 'T', [0]), (1, 'T', [0, 1]), (2, 'T', [0, 1, 2]), (3, 'T', [0, 1, 2, 3]), (4, 'T', [0, 1, 2, 3, 4]), (3, 'F', [0, 1, 2, 4])]
2026-04-27 11:09:21,880 | INFO | [INFO] model params: total=11492032 trainable=332800 adapter=327680 ratio=0.0290
2026-04-27 11:09:21,880 | INFO | [INFO] model initialized on mps in 0.03s
2026-04-27 11:09:21,880 | INFO | ============================================================
2026-04-27 11:09:21,880 | INFO | [INFO] Training Task 0 ...
2026-04-27 11:09:21,880 | INFO | [INFO] task training start: task=0
2026-04-27 11:09:33,870 | INFO | [INFO] task training end: task=0 elapsed=11.99s
2026-04-27 11:09:37,430 | INFO | ============================================================
2026-04-27 11:09:37,430 | INFO | [INFO] Training Task 1 ...
2026-04-27 11:09:37,430 | INFO | [INFO] task training start: task=1
2026-04-27 11:09:49,092 | INFO | [INFO] task training end: task=1 elapsed=11.66s
2026-04-27 11:09:52,529 | INFO | ============================================================
2026-04-27 11:09:52,529 | INFO | [INFO] Training Task 2 ...
2026-04-27 11:09:52,529 | INFO | [INFO] task training start: task=2
2026-04-27 11:10:04,156 | INFO | [INFO] task training end: task=2 elapsed=11.63s
2026-04-27 11:10:07,618 | INFO | ============================================================
2026-04-27 11:10:07,618 | INFO | [INFO] Training Task 3 ...
2026-04-27 11:10:07,618 | INFO | [INFO] task training start: task=3
2026-04-27 11:10:19,261 | INFO | [INFO] task training end: task=3 elapsed=11.64s
2026-04-27 11:10:22,718 | INFO | ============================================================
2026-04-27 11:10:22,718 | INFO | [INFO] Training Task 4 ...
2026-04-27 11:10:22,718 | INFO | [INFO] task training start: task=4
2026-04-27 11:10:34,289 | INFO | [INFO] task training end: task=4 elapsed=11.57s
2026-04-27 11:10:37,599 | INFO | ============================================================
2026-04-27 11:10:37,599 | INFO | [INFO] Forgetting Task 3 ...
2026-04-27 11:10:40,884 | INFO | [INFO] forgetting start: task=3 remaining_tasks=[0, 1, 2, 4]
2026-04-27 11:10:44,379 | INFO | [INFO] forgetting end: task=3 elapsed=3.49s
2026-04-27 11:10:47,753 | INFO | [INFO] overlap: |S_t|=66560 |S_share|=0 |S_share_crit|=0 ratios: share=0.0000 crit=0.0000
2026-04-27 11:10:47,753 | INFO | [INFO] unlearning timing: t_reset=0.0068s t_retrain=0.1142s t_forget_total=3.4943s updated_params=266240
2026-04-27 11:10:47,753 | INFO | [INFO] finetune_diag: {"active_tasks": [0, 1, 2, 4], "deleted_task_id": 3, "retrain_steps": 1, "buffer_sizes": {"0": 100, "1": 100, "2": 100, "4": 100}}
2026-04-27 11:10:47,754 | INFO | [INFO] finished processing requests in 85.87s
2026-04-27 11:10:47,757 | INFO | [INFO] wrote run report to runs/cifar10/T5_F3/pall_adapter/seed_0/20260427_110920/report.md
2026-04-27 11:10:47,757 | INFO | [INFO] total run time: 86.79s
