2026-02-11 02:59:37,323 | INFO | ============================================================
2026-02-11 02:59:37,323 | INFO | [INFO] -- Experiment Configs --
2026-02-11 02:59:37,323 | INFO |        1. data & task
2026-02-11 02:59:37,323 | INFO |           dataset:      cifar10
2026-02-11 02:59:37,323 | INFO |           n_tasks:      2
2026-02-11 02:59:37,323 | INFO |           # class/task: 2
2026-02-11 02:59:37,323 | INFO |        2. training
2026-02-11 02:59:37,323 | INFO |           lr:           0.0100
2026-02-11 02:59:37,323 | INFO |        3. model
2026-02-11 02:59:37,323 | INFO |           method:       pall_original (original)
2026-02-11 02:59:37,323 | INFO |           architecture: subnet_resnet18
2026-02-11 02:59:37,323 | INFO |           norm params:  False
2026-02-11 02:59:37,323 | INFO |           device:       mps
2026-02-11 02:59:37,323 | INFO |           deterministic:True
2026-02-11 02:59:37,323 | INFO |           run_dir:      runs/cifar10/T2_F1/pall_original/seed_0/20260211_025937
2026-02-11 02:59:37,323 | INFO | ============================================================
2026-02-11 02:59:38,176 | INFO | [INFO] finish processing data
2026-02-11 02:59:38,176 | INFO | [INFO] processing user requests: [(0, 'T', [0]), (1, 'T', [0, 1]), (1, 'F', [0])]
2026-02-11 02:59:38,253 | INFO | ============================================================
2026-02-11 02:59:38,253 | INFO | [INFO] Training Task 0 ...
2026-02-11 03:00:39,927 | INFO | ============================================================
2026-02-11 03:00:39,928 | INFO | [INFO] Training Task 1 ...
2026-02-11 03:05:24,418 | INFO | ============================================================
2026-02-11 03:05:24,419 | INFO | [INFO] Forgetting Task 1 ...
2026-02-11 03:05:28,331 | INFO | [INFO] overlap: |S_t|=2232888 |S_share|=446083 |S_share_crit|=446083 ratios: share=0.1998 crit=1.0000
2026-02-11 03:05:28,331 | INFO | [INFO] unlearning timing: t_reset=0.0020s t_retrain=0.0000s updated_params=0
2026-02-11 03:05:28,402 | INFO | [INFO] wrote overlap matrix to runs/cifar10/T2_F1/pall_original/seed_0/20260211_025937/overlap.csv
