2026-04-27 10:59:02,236 | INFO | ============================================================
2026-04-27 10:59:02,236 | INFO | [INFO] -- Experiment Configs --
2026-04-27 10:59:02,236 | INFO |        1. data & task
2026-04-27 10:59:02,236 | INFO |           dataset:      cifar10
2026-04-27 10:59:02,236 | INFO |           n_tasks:      5
2026-04-27 10:59:02,236 | INFO |           # class/task: 2
2026-04-27 10:59:02,236 | INFO |        2. training
2026-04-27 10:59:02,236 | INFO |           lr:           0.0100
2026-04-27 10:59:02,236 | INFO |        3. model
2026-04-27 10:59:02,236 | INFO |           method:       pall_adapter (adapter)
2026-04-27 10:59:02,236 | INFO |           architecture: adapter_resnet18
2026-04-27 10:59:02,236 | INFO |           norm params:  False
2026-04-27 10:59:02,236 | INFO |           device:       mps
2026-04-27 10:59:02,236 | INFO |           host_os:      macOS
2026-04-27 10:59:02,236 | INFO |           dataloader:   num_workers=0 pin_memory=False persistent_workers=False
2026-04-27 10:59:02,236 | INFO |           placement:    batches move in-loop via x.to(mps), y.to(mps)
2026-04-27 10:59:02,236 | INFO |           deterministic:False
2026-04-27 10:59:02,236 | INFO |           run_dir:      runs/cifar10/T5_F3/pall_adapter/seed_0/20260427_105902
2026-04-27 10:59:02,236 | INFO | ============================================================
2026-04-27 10:59:03,092 | INFO | [INFO] finish processing data in 0.86s
2026-04-27 10:59:03,092 | INFO | [INFO] request schedule source: file file: /Users/fateme/Documents/Uni/project/my thesis/code/Overlap-Aware-Selective-Forgetting-/schedules/cifar10_t5_f3_fixed_seed0.json
2026-04-27 10:59:03,092 | INFO | [INFO] processing user requests: [(0, 'T', [0]), (1, 'T', [0, 1]), (2, 'T', [0, 1, 2]), (3, 'T', [0, 1, 2, 3]), (4, 'T', [0, 1, 2, 3, 4]), (3, 'F', [0, 1, 2, 4])]
2026-04-27 10:59:03,129 | INFO | [INFO] model params: total=11246272 trainable=87040 adapter=81920 ratio=0.0077
2026-04-27 10:59:03,129 | INFO | [INFO] model initialized on mps in 0.04s
2026-04-27 10:59:03,130 | INFO | ============================================================
2026-04-27 10:59:03,130 | INFO | [INFO] Training Task 0 ...
2026-04-27 10:59:03,130 | INFO | [INFO] task training start: task=0
2026-04-27 10:59:13,896 | INFO | [INFO] task training end: task=0 elapsed=10.77s
2026-04-27 10:59:17,048 | INFO | ============================================================
2026-04-27 10:59:17,048 | INFO | [INFO] Training Task 1 ...
2026-04-27 10:59:17,048 | INFO | [INFO] task training start: task=1
2026-04-27 10:59:27,590 | INFO | [INFO] task training end: task=1 elapsed=10.54s
2026-04-27 10:59:30,718 | INFO | ============================================================
2026-04-27 10:59:30,718 | INFO | [INFO] Training Task 2 ...
2026-04-27 10:59:30,718 | INFO | [INFO] task training start: task=2
2026-04-27 10:59:41,243 | INFO | [INFO] task training end: task=2 elapsed=10.53s
2026-04-27 10:59:44,401 | INFO | ============================================================
2026-04-27 10:59:44,401 | INFO | [INFO] Training Task 3 ...
2026-04-27 10:59:44,401 | INFO | [INFO] task training start: task=3
2026-04-27 10:59:54,944 | INFO | [INFO] task training end: task=3 elapsed=10.54s
2026-04-27 10:59:58,085 | INFO | ============================================================
2026-04-27 10:59:58,086 | INFO | [INFO] Training Task 4 ...
2026-04-27 10:59:58,086 | INFO | [INFO] task training start: task=4
2026-04-27 11:00:08,668 | INFO | [INFO] task training end: task=4 elapsed=10.58s
2026-04-27 11:00:11,897 | INFO | ============================================================
2026-04-27 11:00:11,897 | INFO | [INFO] Forgetting Task 3 ...
2026-04-27 11:00:15,007 | INFO | [INFO] forgetting start: task=3 remaining_tasks=[0, 1, 2, 4]
2026-04-27 11:00:18,195 | INFO | [INFO] forgetting end: task=3 elapsed=3.19s
2026-04-27 11:00:21,357 | INFO | [INFO] overlap: |S_t|=17408 |S_share|=0 |S_share_crit|=0 ratios: share=0.0000 crit=0.0000
2026-04-27 11:00:21,357 | INFO | [INFO] unlearning timing: t_reset=0.0124s t_retrain=0.0813s t_forget_total=3.1877s updated_params=69632
2026-04-27 11:00:21,357 | INFO | [INFO] finetune_diag: {"active_tasks": [0, 1, 2, 4], "deleted_task_id": 3, "retrain_steps": 1, "buffer_sizes": {"0": 100, "1": 100, "2": 100, "4": 100}}
2026-04-27 11:00:21,358 | INFO | [INFO] finished processing requests in 78.23s
2026-04-27 11:00:21,361 | INFO | [INFO] wrote run report to runs/cifar10/T5_F3/pall_adapter/seed_0/20260427_105902/report.md
2026-04-27 11:00:21,361 | INFO | [INFO] total run time: 79.13s
