2026-04-20 17:03:57,276 | INFO | ============================================================
2026-04-20 17:03:57,276 | INFO | [INFO] -- Experiment Configs --
2026-04-20 17:03:57,276 | INFO |        1. data & task
2026-04-20 17:03:57,276 | INFO |           dataset:      cifar10
2026-04-20 17:03:57,276 | INFO |           n_tasks:      5
2026-04-20 17:03:57,276 | INFO |           # class/task: 2
2026-04-20 17:03:57,276 | INFO |        2. training
2026-04-20 17:03:57,276 | INFO |           lr:           0.0100
2026-04-20 17:03:57,276 | INFO |        3. model
2026-04-20 17:03:57,276 | INFO |           method:       pall_modified (modified)
2026-04-20 17:03:57,276 | INFO |           architecture: subnet_resnet18
2026-04-20 17:03:57,276 | INFO |           norm params:  False
2026-04-20 17:03:57,276 | INFO |           device:       mps
2026-04-20 17:03:57,276 | INFO |           deterministic:False
2026-04-20 17:03:57,276 | INFO |           run_dir:      runs/cifar10/T5_F1/pall_modified/seed_1/20260420_170357
2026-04-20 17:03:57,276 | INFO | ============================================================
2026-04-20 17:03:58,127 | INFO | [INFO] finish processing data
2026-04-20 17:03:58,127 | INFO | [INFO] processing user requests: [(0, 'T', [0]), (1, 'T', [0, 1]), (1, 'F', [0]), (2, 'T', [0, 2]), (3, 'T', [0, 2, 3]), (4, 'T', [0, 2, 3, 4])]
2026-04-20 17:03:58,200 | INFO | ============================================================
2026-04-20 17:03:58,201 | INFO | [INFO] Training Task 0 ...
2026-04-20 17:05:51,391 | INFO | ============================================================
2026-04-20 17:05:51,391 | INFO | [INFO] Training Task 1 ...
2026-04-20 17:08:06,220 | INFO | ============================================================
2026-04-20 17:08:06,220 | INFO | [INFO] Forgetting Task 1 ...
2026-04-20 17:08:16,537 | INFO | [INFO] overlap: |S_t|=2232887 |S_share|=446641 |S_share_crit|=89329 ratios: share=0.2000 crit=0.2000
2026-04-20 17:08:16,537 | INFO | [INFO] unlearning timing: t_reset=0.0014s t_retrain=0.2647s t_forget_total=0.2661s updated_params=446641
2026-04-20 17:08:16,537 | INFO | [INFO] finetune_diag: {"active_tasks": [0], "deleted_task_id": 1, "num_updated_params": 446641, "do_finetune": true, "retrain_steps": 1, "retrain_steps_source": "retrain_steps", "retrain_steps_from_cli": true, "allow_zero_retrain": false, "retrain_steps_fallback": null, "buffer_sizes": {"0": 100}}
2026-04-20 17:08:16,537 | INFO | ============================================================
2026-04-20 17:08:16,537 | INFO | [INFO] Training Task 2 ...
2026-04-20 17:10:32,986 | INFO | ============================================================
2026-04-20 17:10:32,986 | INFO | [INFO] Training Task 3 ...
2026-04-20 17:12:51,562 | INFO | ============================================================
2026-04-20 17:12:51,562 | INFO | [INFO] Training Task 4 ...
2026-04-20 17:15:12,001 | INFO | [INFO] wrote overlap matrix to runs/cifar10/T5_F1/pall_modified/seed_1/20260420_170357/overlap.csv
2026-04-20 17:15:12,001 | INFO | [INFO] wrote run report to runs/cifar10/T5_F1/pall_modified/seed_1/20260420_170357/report.md
