2026-02-11 16:45:06,138 | INFO | ============================================================
2026-02-11 16:45:06,138 | INFO | [INFO] -- Experiment Configs --
2026-02-11 16:45:06,138 | INFO |        1. data & task
2026-02-11 16:45:06,138 | INFO |           dataset:      cifar10
2026-02-11 16:45:06,138 | INFO |           n_tasks:      5
2026-02-11 16:45:06,138 | INFO |           # class/task: 2
2026-02-11 16:45:06,138 | INFO |        2. training
2026-02-11 16:45:06,138 | INFO |           lr:           0.0100
2026-02-11 16:45:06,138 | INFO |        3. model
2026-02-11 16:45:06,138 | INFO |           method:       pall_original (original)
2026-02-11 16:45:06,138 | INFO |           architecture: subnet_resnet18
2026-02-11 16:45:06,138 | INFO |           norm params:  False
2026-02-11 16:45:06,138 | INFO |           device:       mps
2026-02-11 16:45:06,138 | INFO |           deterministic:True
2026-02-11 16:45:06,138 | INFO |           run_dir:      runs/cifar10/T5_F2/pall_original/seed_0/20260211_164506
2026-02-11 16:45:06,138 | INFO | ============================================================
2026-02-11 16:45:06,987 | INFO | [INFO] finish processing data
2026-02-11 16:45:06,987 | INFO | [INFO] processing user requests: [(0, 'T', [0]), (1, 'T', [0, 1]), (2, 'T', [0, 1, 2]), (3, 'T', [0, 1, 2, 3]), (3, 'F', [0, 1, 2]), (4, 'T', [0, 1, 2, 4]), (4, 'F', [0, 1, 2])]
2026-02-11 16:45:07,059 | INFO | ============================================================
2026-02-11 16:45:07,059 | INFO | [INFO] Training Task 0 ...
2026-02-11 16:47:17,360 | INFO | ============================================================
2026-02-11 16:47:17,361 | INFO | [INFO] Training Task 1 ...
2026-02-11 16:57:47,918 | INFO | ============================================================
2026-02-11 16:57:47,919 | INFO | [INFO] Training Task 2 ...
2026-02-11 17:14:58,048 | INFO | ============================================================
2026-02-11 17:14:58,050 | INFO | [INFO] Training Task 3 ...
2026-02-11 17:37:27,199 | INFO | ============================================================
2026-02-11 17:37:27,201 | INFO | [INFO] Forgetting Task 3 ...
2026-02-11 18:16:46,390 | INFO | [INFO] overlap: |S_t|=2232889 |S_share|=1088904 |S_share_crit|=1088904 ratios: share=0.4877 crit=1.0000
2026-02-11 18:16:46,391 | INFO | [INFO] unlearning timing: t_reset=0.0019s t_retrain=2349.2178s updated_params=1088904
2026-02-11 18:16:46,392 | INFO | ============================================================
2026-02-11 18:16:46,392 | INFO | [INFO] Training Task 4 ...
2026-02-11 18:39:29,404 | INFO | ============================================================
2026-02-11 18:39:29,404 | INFO | [INFO] Forgetting Task 4 ...
2026-02-11 19:18:46,609 | INFO | [INFO] overlap: |S_t|=2232891 |S_share|=1089056 |S_share_crit|=1089056 ratios: share=0.4877 crit=1.0000
2026-02-11 19:18:46,610 | INFO | [INFO] unlearning timing: t_reset=0.0019s t_retrain=2347.5488s updated_params=1089056
2026-02-11 19:18:47,044 | INFO | [INFO] wrote overlap matrix to runs/cifar10/T5_F2/pall_original/seed_0/20260211_164506/overlap.csv
