2026-04-23 15:50:15,596 | INFO | ============================================================
2026-04-23 15:50:15,596 | INFO | [INFO] -- Experiment Configs --
2026-04-23 15:50:15,596 | INFO |        1. data & task
2026-04-23 15:50:15,596 | INFO |           dataset:      cifar100
2026-04-23 15:50:15,596 | INFO |           n_tasks:      10
2026-04-23 15:50:15,596 | INFO |           # class/task: 5
2026-04-23 15:50:15,596 | INFO |        2. training
2026-04-23 15:50:15,596 | INFO |           lr:           0.0100
2026-04-23 15:50:15,596 | INFO |        3. model
2026-04-23 15:50:15,596 | INFO |           method:       pall_original (original)
2026-04-23 15:50:15,596 | INFO |           architecture: subnet_resnet18
2026-04-23 15:50:15,596 | INFO |           norm params:  False
2026-04-23 15:50:15,596 | INFO |           device:       mps
2026-04-23 15:50:15,596 | INFO |           host_os:      macOS
2026-04-23 15:50:15,596 | INFO |           dataloader:   num_workers=0 pin_memory=False persistent_workers=False
2026-04-23 15:50:15,596 | INFO |           placement:    batches move in-loop via x.to(mps), y.to(mps)
2026-04-23 15:50:15,596 | INFO |           deterministic:False
2026-04-23 15:50:15,596 | INFO |           run_dir:      runs/cifar100/T10_F3/pall_original/seed_0/20260423_155015
2026-04-23 15:50:15,596 | INFO | ============================================================
2026-04-23 15:50:16,492 | INFO | [INFO] finish processing data in 0.90s
2026-04-23 15:50:16,492 | INFO | [INFO] request schedule source: file file: /Users/fateme/Documents/Uni/project/my thesis/code/Overlap-Aware-Selective-Forgetting-/schedules/cifar100_t10_f3_seed0.json
2026-04-23 15:50:16,493 | INFO | [INFO] processing user requests: [(0, 'T', [0]), (1, 'T', [0, 1]), (2, 'T', [0, 1, 2]), (3, 'T', [0, 1, 2, 3]), (4, 'T', [0, 1, 2, 3, 4]), (5, 'T', [0, 1, 2, 3, 4, 5]), (6, 'T', [0, 1, 2, 3, 4, 5, 6]), (0, 'F', [1, 2, 3, 4, 5, 6]), (7, 'T', [1, 2, 3, 4, 5, 6, 7]), (8, 'T', [1, 2, 3, 4, 5, 6, 7, 8]), (6, 'F', [1, 2, 3, 4, 5, 7, 8]), (9, 'T', [1, 2, 3, 4, 5, 7, 8, 9]), (7, 'F', [1, 2, 3, 4, 5, 8, 9])]
2026-04-23 15:50:16,563 | INFO | [INFO] model initialized on mps in 0.07s
2026-04-23 15:50:16,563 | INFO | ============================================================
2026-04-23 15:50:16,563 | INFO | [INFO] Training Task 0 ...
2026-04-23 15:50:16,563 | INFO | [INFO] task training start: task=0
2026-04-23 15:50:23,168 | INFO | [INFO] task training end: task=0 elapsed=6.60s
2026-04-23 15:50:25,459 | INFO | ============================================================
2026-04-23 15:50:25,459 | INFO | [INFO] Training Task 1 ...
2026-04-23 15:50:25,459 | INFO | [INFO] task training start: task=1
2026-04-23 15:50:33,882 | INFO | [INFO] task training end: task=1 elapsed=8.42s
2026-04-23 15:50:35,575 | INFO | ============================================================
2026-04-23 15:50:35,575 | INFO | [INFO] Training Task 2 ...
2026-04-23 15:50:35,575 | INFO | [INFO] task training start: task=2
2026-04-23 15:50:44,025 | INFO | [INFO] task training end: task=2 elapsed=8.45s
2026-04-23 15:50:45,641 | INFO | ============================================================
2026-04-23 15:50:45,641 | INFO | [INFO] Training Task 3 ...
2026-04-23 15:50:45,641 | INFO | [INFO] task training start: task=3
2026-04-23 15:50:53,877 | INFO | [INFO] task training end: task=3 elapsed=8.24s
2026-04-23 15:50:55,506 | INFO | ============================================================
2026-04-23 15:50:55,506 | INFO | [INFO] Training Task 4 ...
2026-04-23 15:50:55,507 | INFO | [INFO] task training start: task=4
2026-04-23 15:51:03,964 | INFO | [INFO] task training end: task=4 elapsed=8.46s
2026-04-23 15:51:05,600 | INFO | ============================================================
2026-04-23 15:51:05,600 | INFO | [INFO] Training Task 5 ...
2026-04-23 15:51:05,601 | INFO | [INFO] task training start: task=5
2026-04-23 15:51:14,245 | INFO | [INFO] task training end: task=5 elapsed=8.64s
2026-04-23 15:51:15,894 | INFO | ============================================================
2026-04-23 15:51:15,894 | INFO | [INFO] Training Task 6 ...
2026-04-23 15:51:15,894 | INFO | [INFO] task training start: task=6
2026-04-23 15:51:24,544 | INFO | [INFO] task training end: task=6 elapsed=8.65s
2026-04-23 15:51:26,209 | INFO | ============================================================
2026-04-23 15:51:26,209 | INFO | [INFO] Forgetting Task 0 ...
2026-04-23 15:51:27,845 | INFO | [INFO] forgetting start: task=0 remaining_tasks=[1, 2, 3, 4, 5, 6]
2026-04-23 15:51:30,737 | INFO | [INFO] forgetting end: task=0 elapsed=2.89s
2026-04-23 15:51:32,426 | INFO | [INFO] overlap: |S_t|=2234423 |S_share|=1647314 |S_share_crit|=1647314 ratios: share=0.7372 crit=1.0000
2026-04-23 15:51:32,426 | INFO | [INFO] unlearning timing: t_reset=0.0014s t_retrain=1.1029s t_forget_total=1.1043s updated_params=1647314
2026-04-23 15:51:32,426 | INFO | [INFO] finetune_diag: {"active_tasks": [1, 2, 3, 4, 5, 6], "deleted_task_id": 0, "num_updated_params": 1647314, "do_finetune": true, "retrain_steps": 1, "retrain_steps_source": "k_shot", "retrain_steps_from_cli": false, "allow_zero_retrain": false, "retrain_steps_fallback": null, "buffer_sizes": {"1": 50, "2": 50, "3": 50, "4": 50, "5": 50, "6": 50}}
2026-04-23 15:51:32,427 | INFO | ============================================================
2026-04-23 15:51:32,427 | INFO | [INFO] Training Task 7 ...
2026-04-23 15:51:32,427 | INFO | [INFO] task training start: task=7
2026-04-23 15:51:41,226 | INFO | [INFO] task training end: task=7 elapsed=8.80s
2026-04-23 15:51:42,919 | INFO | ============================================================
2026-04-23 15:51:42,919 | INFO | [INFO] Training Task 8 ...
2026-04-23 15:51:42,919 | INFO | [INFO] task training start: task=8
2026-04-23 15:51:51,975 | INFO | [INFO] task training end: task=8 elapsed=9.06s
2026-04-23 15:51:53,675 | INFO | ============================================================
2026-04-23 15:51:53,675 | INFO | [INFO] Forgetting Task 6 ...
2026-04-23 15:51:55,335 | INFO | [INFO] forgetting start: task=6 remaining_tasks=[1, 2, 3, 4, 5, 7, 8]
2026-04-23 15:51:57,322 | INFO | [INFO] forgetting end: task=6 elapsed=1.99s
2026-04-23 15:51:59,005 | INFO | [INFO] overlap: |S_t|=2234424 |S_share|=1763187 |S_share_crit|=1763187 ratios: share=0.7891 crit=1.0000
2026-04-23 15:51:59,005 | INFO | [INFO] unlearning timing: t_reset=0.0014s t_retrain=0.1940s t_forget_total=0.1955s updated_params=1763187
2026-04-23 15:51:59,005 | INFO | [INFO] finetune_diag: {"active_tasks": [1, 2, 3, 4, 5, 7, 8], "deleted_task_id": 6, "num_updated_params": 1763187, "do_finetune": true, "retrain_steps": 1, "retrain_steps_source": "k_shot", "retrain_steps_from_cli": false, "allow_zero_retrain": false, "retrain_steps_fallback": null, "buffer_sizes": {"1": 50, "2": 50, "3": 50, "4": 50, "5": 50, "7": 50, "8": 50}}
2026-04-23 15:51:59,005 | INFO | ============================================================
2026-04-23 15:51:59,005 | INFO | [INFO] Training Task 9 ...
2026-04-23 15:51:59,005 | INFO | [INFO] task training start: task=9
2026-04-23 15:52:08,084 | INFO | [INFO] task training end: task=9 elapsed=9.08s
2026-04-23 15:52:09,771 | INFO | ============================================================
2026-04-23 15:52:09,771 | INFO | [INFO] Forgetting Task 7 ...
2026-04-23 15:52:11,421 | INFO | [INFO] forgetting start: task=7 remaining_tasks=[1, 2, 3, 4, 5, 8, 9]
2026-04-23 15:52:13,344 | INFO | [INFO] forgetting end: task=7 elapsed=1.92s
2026-04-23 15:52:15,031 | INFO | [INFO] overlap: |S_t|=2234423 |S_share|=1764117 |S_share_crit|=1764117 ratios: share=0.7895 crit=1.0000
2026-04-23 15:52:15,032 | INFO | [INFO] unlearning timing: t_reset=0.0014s t_retrain=0.1682s t_forget_total=0.1696s updated_params=1764117
2026-04-23 15:52:15,032 | INFO | [INFO] finetune_diag: {"active_tasks": [1, 2, 3, 4, 5, 8, 9], "deleted_task_id": 7, "num_updated_params": 1764117, "do_finetune": true, "retrain_steps": 1, "retrain_steps_source": "k_shot", "retrain_steps_from_cli": false, "allow_zero_retrain": false, "retrain_steps_fallback": null, "buffer_sizes": {"1": 50, "2": 50, "3": 50, "4": 50, "5": 50, "8": 50, "9": 50}}
2026-04-23 15:52:15,032 | INFO | [INFO] finished processing requests in 118.47s
2026-04-23 15:52:15,037 | INFO | [INFO] wrote run report to runs/cifar100/T10_F3/pall_original/seed_0/20260423_155015/report.md
2026-04-23 15:52:15,037 | INFO | [INFO] total run time: 119.44s
