2026-04-19 16:17:21,911 | INFO | ============================================================
2026-04-19 16:17:21,911 | INFO | [INFO] -- Experiment Configs --
2026-04-19 16:17:21,911 | INFO |        1. data & task
2026-04-19 16:17:21,911 | INFO |           dataset:      cifar10
2026-04-19 16:17:21,911 | INFO |           n_tasks:      5
2026-04-19 16:17:21,911 | INFO |           # class/task: 2
2026-04-19 16:17:21,911 | INFO |        2. training
2026-04-19 16:17:21,911 | INFO |           lr:           0.0100
2026-04-19 16:17:21,911 | INFO |        3. model
2026-04-19 16:17:21,911 | INFO |           method:       pall_original (original)
2026-04-19 16:17:21,911 | INFO |           architecture: subnet_resnet18
2026-04-19 16:17:21,911 | INFO |           norm params:  False
2026-04-19 16:17:21,911 | INFO |           device:       mps
2026-04-19 16:17:21,911 | INFO |           deterministic:False
2026-04-19 16:17:21,911 | INFO |           run_dir:      runs/cifar10/T5_F1/pall_original/seed_0/20260419_161721
2026-04-19 16:17:21,911 | INFO | ============================================================
2026-04-19 16:17:22,759 | INFO | [INFO] finish processing data
2026-04-19 16:17:22,759 | INFO | [INFO] processing user requests: [(0, 'T', [0]), (1, 'T', [0, 1]), (2, 'T', [0, 1, 2]), (3, 'T', [0, 1, 2, 3]), (4, 'T', [0, 1, 2, 3, 4]), (3, 'F', [0, 1, 2, 4])]
2026-04-19 16:17:22,826 | INFO | ============================================================
2026-04-19 16:17:22,826 | INFO | [INFO] Training Task 0 ...
2026-04-19 16:18:12,607 | INFO | ============================================================
2026-04-19 16:18:12,607 | INFO | [INFO] Training Task 1 ...
2026-04-19 16:19:10,192 | INFO | ============================================================
2026-04-19 16:19:10,192 | INFO | [INFO] Training Task 2 ...
2026-04-19 16:20:08,566 | INFO | ============================================================
2026-04-19 16:20:08,567 | INFO | [INFO] Training Task 3 ...
2026-04-19 16:21:07,143 | INFO | ============================================================
2026-04-19 16:21:07,143 | INFO | [INFO] Training Task 4 ...
2026-04-19 16:22:06,717 | INFO | ============================================================
2026-04-19 16:22:06,718 | INFO | [INFO] Forgetting Task 3 ...
2026-04-19 16:22:17,641 | INFO | [INFO] overlap: |S_t|=2232887 |S_share|=1317633 |S_share_crit|=1317633 ratios: share=0.5901 crit=1.0000
2026-04-19 16:22:17,641 | INFO | [INFO] unlearning timing: t_reset=0.0014s t_retrain=0.8898s t_forget_total=0.8911s updated_params=1317633
2026-04-19 16:22:17,641 | INFO | [INFO] finetune_diag: {"active_tasks": [0, 1, 2, 4], "deleted_task_id": 3, "num_updated_params": 1317633, "do_finetune": true, "retrain_steps": 1, "retrain_steps_source": "k_shot", "retrain_steps_from_cli": false, "allow_zero_retrain": false, "retrain_steps_fallback": null, "buffer_sizes": {"0": 100, "1": 100, "2": 100, "4": 100}}
2026-04-19 16:22:17,647 | INFO | [INFO] wrote run report to runs/cifar10/T5_F1/pall_original/seed_0/20260419_161721/report.md
