2026-04-26 16:41:27,564 | INFO | ============================================================
2026-04-26 16:41:27,564 | INFO | [INFO] -- Experiment Configs --
2026-04-26 16:41:27,564 | INFO |        1. data & task
2026-04-26 16:41:27,564 | INFO |           dataset:      cifar100
2026-04-26 16:41:27,564 | INFO |           n_tasks:      10
2026-04-26 16:41:27,564 | INFO |           # class/task: 5
2026-04-26 16:41:27,564 | INFO |        2. training
2026-04-26 16:41:27,564 | INFO |           lr:           0.0100
2026-04-26 16:41:27,564 | INFO |        3. model
2026-04-26 16:41:27,564 | INFO |           method:       derpp (None)
2026-04-26 16:41:27,564 | INFO |           architecture: resnet18
2026-04-26 16:41:27,564 | INFO |           norm params:  False
2026-04-26 16:41:27,564 | INFO |           device:       mps
2026-04-26 16:41:27,564 | INFO |           host_os:      macOS
2026-04-26 16:41:27,564 | INFO |           dataloader:   num_workers=0 pin_memory=False persistent_workers=False
2026-04-26 16:41:27,564 | INFO |           placement:    batches move in-loop via x.to(mps), y.to(mps)
2026-04-26 16:41:27,564 | INFO |           deterministic:False
2026-04-26 16:41:27,564 | INFO |           run_dir:      runs/cifar100/T10_F3/derpp/seed_0/20260426_164127
2026-04-26 16:41:27,564 | INFO | ============================================================
2026-04-26 16:41:28,416 | INFO | [INFO] finish processing data in 0.85s
2026-04-26 16:41:28,416 | INFO | [INFO] request schedule source: file file: /Users/fateme/Documents/Uni/project/my thesis/code/Overlap-Aware-Selective-Forgetting-/schedules/cifar100_t10_f3_seed0.json
2026-04-26 16:41:28,417 | INFO | [INFO] processing user requests: [(0, 'T', [0]), (1, 'T', [0, 1]), (2, 'T', [0, 1, 2]), (3, 'T', [0, 1, 2, 3]), (4, 'T', [0, 1, 2, 3, 4]), (5, 'T', [0, 1, 2, 3, 4, 5]), (6, 'T', [0, 1, 2, 3, 4, 5, 6]), (0, 'F', [1, 2, 3, 4, 5, 6]), (7, 'T', [1, 2, 3, 4, 5, 6, 7]), (8, 'T', [1, 2, 3, 4, 5, 6, 7, 8]), (6, 'F', [1, 2, 3, 4, 5, 7, 8]), (9, 'T', [1, 2, 3, 4, 5, 7, 8, 9]), (7, 'F', [1, 2, 3, 4, 5, 8, 9])]
2026-04-26 16:41:28,444 | INFO | [INFO] model initialized on mps in 0.03s
2026-04-26 16:41:28,444 | INFO | ============================================================
2026-04-26 16:41:28,444 | INFO | [INFO] Training Task 0 ...
2026-04-26 16:41:28,444 | INFO | [INFO] task training start: task=0
2026-04-26 16:41:36,899 | INFO | [INFO] task training end: task=0 elapsed=8.45s
2026-04-26 16:41:38,545 | INFO | ============================================================
2026-04-26 16:41:38,545 | INFO | [INFO] Training Task 1 ...
2026-04-26 16:41:38,545 | INFO | [INFO] task training start: task=1
2026-04-26 16:42:01,152 | INFO | [INFO] task training end: task=1 elapsed=22.61s
2026-04-26 16:42:02,727 | INFO | ============================================================
2026-04-26 16:42:02,727 | INFO | [INFO] Training Task 2 ...
2026-04-26 16:42:02,727 | INFO | [INFO] task training start: task=2
2026-04-26 16:42:27,311 | INFO | [INFO] task training end: task=2 elapsed=24.58s
2026-04-26 16:42:28,897 | INFO | ============================================================
2026-04-26 16:42:28,897 | INFO | [INFO] Training Task 3 ...
2026-04-26 16:42:28,897 | INFO | [INFO] task training start: task=3
2026-04-26 16:42:55,533 | INFO | [INFO] task training end: task=3 elapsed=26.64s
2026-04-26 16:42:57,118 | INFO | ============================================================
2026-04-26 16:42:57,118 | INFO | [INFO] Training Task 4 ...
2026-04-26 16:42:57,118 | INFO | [INFO] task training start: task=4
2026-04-26 16:43:25,841 | INFO | [INFO] task training end: task=4 elapsed=28.72s
2026-04-26 16:43:27,419 | INFO | ============================================================
2026-04-26 16:43:27,420 | INFO | [INFO] Training Task 5 ...
2026-04-26 16:43:27,420 | INFO | [INFO] task training start: task=5
2026-04-26 16:43:58,573 | INFO | [INFO] task training end: task=5 elapsed=31.15s
2026-04-26 16:44:00,194 | INFO | ============================================================
2026-04-26 16:44:00,194 | INFO | [INFO] Training Task 6 ...
2026-04-26 16:44:00,194 | INFO | [INFO] task training start: task=6
2026-04-26 16:44:37,021 | INFO | [INFO] task training end: task=6 elapsed=36.83s
2026-04-26 16:44:38,994 | INFO | ============================================================
2026-04-26 16:44:38,994 | INFO | [INFO] Forgetting Task 0 ...
2026-04-26 16:44:40,865 | INFO | [INFO] forgetting start: task=0 remaining_tasks=[1, 2, 3, 4, 5, 6]
2026-04-26 16:44:49,862 | INFO | [INFO] forgetting end: task=0 elapsed=9.00s
2026-04-26 16:44:52,025 | INFO | [INFO] overlap: |S_t|=NA |S_share|=NA |S_share_crit|=NA ratios: share=NA crit=NA
2026-04-26 16:44:52,025 | INFO | [INFO] unlearning timing: t_reset=NAs t_retrain=NAs t_forget_total=8.9970s updated_params=NA
2026-04-26 16:44:52,026 | INFO | ============================================================
2026-04-26 16:44:52,026 | INFO | [INFO] Training Task 7 ...
2026-04-26 16:44:52,026 | INFO | [INFO] task training start: task=7
2026-04-26 16:45:34,391 | INFO | [INFO] task training end: task=7 elapsed=42.36s
2026-04-26 16:45:36,240 | INFO | ============================================================
2026-04-26 16:45:36,240 | INFO | [INFO] Training Task 8 ...
2026-04-26 16:45:36,240 | INFO | [INFO] task training start: task=8
2026-04-26 16:46:14,176 | INFO | [INFO] task training end: task=8 elapsed=37.93s
2026-04-26 16:46:16,004 | INFO | ============================================================
2026-04-26 16:46:16,004 | INFO | [INFO] Forgetting Task 6 ...
2026-04-26 16:46:17,711 | INFO | [INFO] forgetting start: task=6 remaining_tasks=[1, 2, 3, 4, 5, 7, 8]
2026-04-26 16:46:25,424 | INFO | [INFO] forgetting end: task=6 elapsed=7.71s
2026-04-26 16:46:27,120 | INFO | [INFO] overlap: |S_t|=NA |S_share|=NA |S_share_crit|=NA ratios: share=NA crit=NA
2026-04-26 16:46:27,120 | INFO | [INFO] unlearning timing: t_reset=NAs t_retrain=NAs t_forget_total=7.7120s updated_params=NA
2026-04-26 16:46:27,121 | INFO | [WARN] Unlearned task 6 accuracy above chance: 0.3300 (chance 0.2000)
2026-04-26 16:46:27,121 | INFO | ============================================================
2026-04-26 16:46:27,121 | INFO | [INFO] Training Task 9 ...
2026-04-26 16:46:27,121 | INFO | [INFO] task training start: task=9
2026-04-26 16:47:03,448 | INFO | [INFO] task training end: task=9 elapsed=36.33s
2026-04-26 16:47:05,118 | INFO | ============================================================
2026-04-26 16:47:05,118 | INFO | [INFO] Forgetting Task 7 ...
2026-04-26 16:47:06,699 | INFO | [INFO] forgetting start: task=7 remaining_tasks=[1, 2, 3, 4, 5, 8, 9]
2026-04-26 16:47:13,949 | INFO | [INFO] forgetting end: task=7 elapsed=7.25s
2026-04-26 16:47:15,592 | INFO | [INFO] overlap: |S_t|=NA |S_share|=NA |S_share_crit|=NA ratios: share=NA crit=NA
2026-04-26 16:47:15,592 | INFO | [INFO] unlearning timing: t_reset=NAs t_retrain=NAs t_forget_total=7.2497s updated_params=NA
2026-04-26 16:47:15,594 | INFO | [WARN] Unlearned task 7 accuracy above chance: 0.3580 (chance 0.2000)
2026-04-26 16:47:15,594 | INFO | [INFO] finished processing requests in 347.14s
2026-04-26 16:47:15,597 | INFO | [INFO] wrote run report to runs/cifar100/T10_F3/derpp/seed_0/20260426_164127/report.md
2026-04-26 16:47:15,597 | INFO | [INFO] total run time: 348.03s
