2026-04-26 16:34:50,385 | INFO | ============================================================
2026-04-26 16:34:50,385 | INFO | [INFO] -- Experiment Configs --
2026-04-26 16:34:50,385 | INFO |        1. data & task
2026-04-26 16:34:50,385 | INFO |           dataset:      cifar100
2026-04-26 16:34:50,385 | INFO |           n_tasks:      10
2026-04-26 16:34:50,385 | INFO |           # class/task: 5
2026-04-26 16:34:50,385 | INFO |        2. training
2026-04-26 16:34:50,385 | INFO |           lr:           0.0100
2026-04-26 16:34:50,385 | INFO |        3. model
2026-04-26 16:34:50,385 | INFO |           method:       er (None)
2026-04-26 16:34:50,385 | INFO |           architecture: resnet18
2026-04-26 16:34:50,385 | INFO |           norm params:  False
2026-04-26 16:34:50,385 | INFO |           device:       mps
2026-04-26 16:34:50,385 | INFO |           host_os:      macOS
2026-04-26 16:34:50,385 | INFO |           dataloader:   num_workers=0 pin_memory=False persistent_workers=False
2026-04-26 16:34:50,385 | INFO |           placement:    batches move in-loop via x.to(mps), y.to(mps)
2026-04-26 16:34:50,385 | INFO |           deterministic:False
2026-04-26 16:34:50,385 | INFO |           run_dir:      runs/cifar100/T10_F3/er/seed_1/20260426_163450
2026-04-26 16:34:50,385 | INFO | ============================================================
2026-04-26 16:34:51,242 | INFO | [INFO] finish processing data in 0.86s
2026-04-26 16:34:51,242 | INFO | [INFO] request schedule source: file file: /Users/fateme/Documents/Uni/project/my thesis/code/Overlap-Aware-Selective-Forgetting-/schedules/cifar100_t10_f3_seed0.json
2026-04-26 16:34:51,243 | INFO | [INFO] processing user requests: [(0, 'T', [0]), (1, 'T', [0, 1]), (2, 'T', [0, 1, 2]), (3, 'T', [0, 1, 2, 3]), (4, 'T', [0, 1, 2, 3, 4]), (5, 'T', [0, 1, 2, 3, 4, 5]), (6, 'T', [0, 1, 2, 3, 4, 5, 6]), (0, 'F', [1, 2, 3, 4, 5, 6]), (7, 'T', [1, 2, 3, 4, 5, 6, 7]), (8, 'T', [1, 2, 3, 4, 5, 6, 7, 8]), (6, 'F', [1, 2, 3, 4, 5, 7, 8]), (9, 'T', [1, 2, 3, 4, 5, 7, 8, 9]), (7, 'F', [1, 2, 3, 4, 5, 8, 9])]
2026-04-26 16:34:51,269 | INFO | [INFO] model initialized on mps in 0.03s
2026-04-26 16:34:51,269 | INFO | ============================================================
2026-04-26 16:34:51,269 | INFO | [INFO] Training Task 0 ...
2026-04-26 16:34:51,269 | INFO | [INFO] task training start: task=0
2026-04-26 16:34:59,685 | INFO | [INFO] task training end: task=0 elapsed=8.42s
2026-04-26 16:35:01,316 | INFO | ============================================================
2026-04-26 16:35:01,316 | INFO | [INFO] Training Task 1 ...
2026-04-26 16:35:01,316 | INFO | [INFO] task training start: task=1
2026-04-26 16:35:16,707 | INFO | [INFO] task training end: task=1 elapsed=15.39s
2026-04-26 16:35:18,330 | INFO | ============================================================
2026-04-26 16:35:18,330 | INFO | [INFO] Training Task 2 ...
2026-04-26 16:35:18,330 | INFO | [INFO] task training start: task=2
2026-04-26 16:35:34,575 | INFO | [INFO] task training end: task=2 elapsed=16.24s
2026-04-26 16:35:36,184 | INFO | ============================================================
2026-04-26 16:35:36,184 | INFO | [INFO] Training Task 3 ...
2026-04-26 16:35:36,184 | INFO | [INFO] task training start: task=3
2026-04-26 16:35:53,700 | INFO | [INFO] task training end: task=3 elapsed=17.52s
2026-04-26 16:35:55,292 | INFO | ============================================================
2026-04-26 16:35:55,292 | INFO | [INFO] Training Task 4 ...
2026-04-26 16:35:55,292 | INFO | [INFO] task training start: task=4
2026-04-26 16:36:13,706 | INFO | [INFO] task training end: task=4 elapsed=18.41s
2026-04-26 16:36:15,325 | INFO | ============================================================
2026-04-26 16:36:15,325 | INFO | [INFO] Training Task 5 ...
2026-04-26 16:36:15,325 | INFO | [INFO] task training start: task=5
2026-04-26 16:36:34,811 | INFO | [INFO] task training end: task=5 elapsed=19.49s
2026-04-26 16:36:36,387 | INFO | ============================================================
2026-04-26 16:36:36,387 | INFO | [INFO] Training Task 6 ...
2026-04-26 16:36:36,387 | INFO | [INFO] task training start: task=6
2026-04-26 16:36:57,585 | INFO | [INFO] task training end: task=6 elapsed=21.20s
2026-04-26 16:36:59,165 | INFO | ============================================================
2026-04-26 16:36:59,165 | INFO | [INFO] Forgetting Task 0 ...
2026-04-26 16:37:00,709 | INFO | [INFO] forgetting start: task=0 remaining_tasks=[1, 2, 3, 4, 5, 6]
2026-04-26 16:37:04,982 | INFO | [INFO] forgetting end: task=0 elapsed=4.27s
2026-04-26 16:37:06,595 | INFO | [INFO] overlap: |S_t|=NA |S_share|=NA |S_share_crit|=NA ratios: share=NA crit=NA
2026-04-26 16:37:06,595 | INFO | [INFO] unlearning timing: t_reset=NAs t_retrain=NAs t_forget_total=4.2727s updated_params=NA
2026-04-26 16:37:06,595 | INFO | ============================================================
2026-04-26 16:37:06,595 | INFO | [INFO] Training Task 7 ...
2026-04-26 16:37:06,595 | INFO | [INFO] task training start: task=7
2026-04-26 16:37:27,450 | INFO | [INFO] task training end: task=7 elapsed=20.85s
2026-04-26 16:37:29,028 | INFO | ============================================================
2026-04-26 16:37:29,028 | INFO | [INFO] Training Task 8 ...
2026-04-26 16:37:29,028 | INFO | [INFO] task training start: task=8
2026-04-26 16:37:51,038 | INFO | [INFO] task training end: task=8 elapsed=22.01s
2026-04-26 16:37:52,830 | INFO | ============================================================
2026-04-26 16:37:52,830 | INFO | [INFO] Forgetting Task 6 ...
2026-04-26 16:37:54,563 | INFO | [INFO] forgetting start: task=6 remaining_tasks=[1, 2, 3, 4, 5, 7, 8]
2026-04-26 16:37:59,535 | INFO | [INFO] forgetting end: task=6 elapsed=4.97s
2026-04-26 16:38:01,465 | INFO | [INFO] overlap: |S_t|=NA |S_share|=NA |S_share_crit|=NA ratios: share=NA crit=NA
2026-04-26 16:38:01,466 | INFO | [INFO] unlearning timing: t_reset=NAs t_retrain=NAs t_forget_total=4.9722s updated_params=NA
2026-04-26 16:38:01,467 | INFO | [WARN] Unlearned task 6 accuracy above chance: 0.3060 (chance 0.2000)
2026-04-26 16:38:01,467 | INFO | ============================================================
2026-04-26 16:38:01,467 | INFO | [INFO] Training Task 9 ...
2026-04-26 16:38:01,467 | INFO | [INFO] task training start: task=9
2026-04-26 16:38:28,322 | INFO | [INFO] task training end: task=9 elapsed=26.85s
2026-04-26 16:38:30,355 | INFO | ============================================================
2026-04-26 16:38:30,355 | INFO | [INFO] Forgetting Task 7 ...
2026-04-26 16:38:32,232 | INFO | [INFO] forgetting start: task=7 remaining_tasks=[1, 2, 3, 4, 5, 8, 9]
2026-04-26 16:38:37,669 | INFO | [INFO] forgetting end: task=7 elapsed=5.44s
2026-04-26 16:38:39,703 | INFO | [INFO] overlap: |S_t|=NA |S_share|=NA |S_share_crit|=NA ratios: share=NA crit=NA
2026-04-26 16:38:39,703 | INFO | [INFO] unlearning timing: t_reset=NAs t_retrain=NAs t_forget_total=5.4368s updated_params=NA
2026-04-26 16:38:39,704 | INFO | [WARN] Unlearned task 7 accuracy above chance: 0.3380 (chance 0.2000)
2026-04-26 16:38:39,704 | INFO | [INFO] finished processing requests in 228.43s
2026-04-26 16:38:39,707 | INFO | [INFO] wrote run report to runs/cifar100/T10_F3/er/seed_1/20260426_163450/report.md
2026-04-26 16:38:39,707 | INFO | [INFO] total run time: 229.32s
