2026-04-20 15:59:55,590 | INFO | ============================================================
2026-04-20 15:59:55,590 | INFO | [INFO] -- Experiment Configs --
2026-04-20 15:59:55,590 | INFO |        1. data & task
2026-04-20 15:59:55,590 | INFO |           dataset:      cifar10
2026-04-20 15:59:55,590 | INFO |           n_tasks:      5
2026-04-20 15:59:55,590 | INFO |           # class/task: 2
2026-04-20 15:59:55,590 | INFO |        2. training
2026-04-20 15:59:55,590 | INFO |           lr:           0.0100
2026-04-20 15:59:55,590 | INFO |        3. model
2026-04-20 15:59:55,590 | INFO |           method:       pall_original (original)
2026-04-20 15:59:55,590 | INFO |           architecture: subnet_resnet18
2026-04-20 15:59:55,590 | INFO |           norm params:  False
2026-04-20 15:59:55,590 | INFO |           device:       mps
2026-04-20 15:59:55,590 | INFO |           deterministic:False
2026-04-20 15:59:55,590 | INFO |           run_dir:      runs/cifar10/T5_F1/pall_original/seed_0/20260420_155955
2026-04-20 15:59:55,590 | INFO | ============================================================
2026-04-20 15:59:56,483 | INFO | [INFO] finish processing data
2026-04-20 15:59:56,484 | INFO | [INFO] processing user requests: [(0, 'T', [0]), (1, 'T', [0, 1]), (2, 'T', [0, 1, 2]), (3, 'T', [0, 1, 2, 3]), (4, 'T', [0, 1, 2, 3, 4]), (3, 'F', [0, 1, 2, 4])]
2026-04-20 15:59:56,564 | INFO | ============================================================
2026-04-20 15:59:56,565 | INFO | [INFO] Training Task 0 ...
2026-04-20 16:01:49,207 | INFO | ============================================================
2026-04-20 16:01:49,208 | INFO | [INFO] Training Task 1 ...
2026-04-20 16:04:04,283 | INFO | ============================================================
2026-04-20 16:04:04,284 | INFO | [INFO] Training Task 2 ...
2026-04-20 16:06:25,014 | INFO | ============================================================
2026-04-20 16:06:25,015 | INFO | [INFO] Training Task 3 ...
2026-04-20 16:08:45,036 | INFO | ============================================================
2026-04-20 16:08:45,036 | INFO | [INFO] Training Task 4 ...
2026-04-20 16:11:07,904 | INFO | ============================================================
2026-04-20 16:11:07,905 | INFO | [INFO] Forgetting Task 3 ...
2026-04-20 16:11:18,137 | INFO | [INFO] overlap: |S_t|=2232887 |S_share|=1317858 |S_share_crit|=1317858 ratios: share=0.5902 crit=1.0000
2026-04-20 16:11:18,137 | INFO | [INFO] unlearning timing: t_reset=0.0014s t_retrain=0.2381s t_forget_total=0.2395s updated_params=1317858
2026-04-20 16:11:18,137 | INFO | [INFO] finetune_diag: {"active_tasks": [0, 1, 2, 4], "deleted_task_id": 3, "num_updated_params": 1317858, "do_finetune": true, "retrain_steps": 1, "retrain_steps_source": "k_shot", "retrain_steps_from_cli": false, "allow_zero_retrain": false, "retrain_steps_fallback": null, "buffer_sizes": {"0": 100, "1": 100, "2": 100, "4": 100}}
2026-04-20 16:11:18,141 | INFO | [INFO] wrote run report to runs/cifar10/T5_F1/pall_original/seed_0/20260420_155955/report.md
