2026-04-26 15:53:08,263 | INFO | ============================================================
2026-04-26 15:53:08,263 | INFO | [INFO] -- Experiment Configs --
2026-04-26 15:53:08,263 | INFO |        1. data & task
2026-04-26 15:53:08,263 | INFO |           dataset:      cifar100
2026-04-26 15:53:08,263 | INFO |           n_tasks:      10
2026-04-26 15:53:08,263 | INFO |           # class/task: 5
2026-04-26 15:53:08,263 | INFO |        2. training
2026-04-26 15:53:08,263 | INFO |           lr:           0.0100
2026-04-26 15:53:08,263 | INFO |        3. model
2026-04-26 15:53:08,263 | INFO |           method:       pall_modified (modified)
2026-04-26 15:53:08,263 | INFO |           architecture: subnet_resnet18
2026-04-26 15:53:08,263 | INFO |           norm params:  False
2026-04-26 15:53:08,263 | INFO |           device:       mps
2026-04-26 15:53:08,263 | INFO |           host_os:      macOS
2026-04-26 15:53:08,263 | INFO |           dataloader:   num_workers=0 pin_memory=False persistent_workers=False
2026-04-26 15:53:08,263 | INFO |           placement:    batches move in-loop via x.to(mps), y.to(mps)
2026-04-26 15:53:08,263 | INFO |           deterministic:False
2026-04-26 15:53:08,263 | INFO |           run_dir:      runs/cifar100/T10_F3/pall_modified/seed_0/20260426_155308
2026-04-26 15:53:08,263 | INFO | ============================================================
2026-04-26 15:53:09,129 | INFO | [INFO] finish processing data in 0.87s
2026-04-26 15:53:09,129 | INFO | [INFO] request schedule source: file file: /Users/fateme/Documents/Uni/project/my thesis/code/Overlap-Aware-Selective-Forgetting-/schedules/cifar100_t10_f3_seed0.json
2026-04-26 15:53:09,130 | INFO | [INFO] processing user requests: [(0, 'T', [0]), (1, 'T', [0, 1]), (2, 'T', [0, 1, 2]), (3, 'T', [0, 1, 2, 3]), (4, 'T', [0, 1, 2, 3, 4]), (5, 'T', [0, 1, 2, 3, 4, 5]), (6, 'T', [0, 1, 2, 3, 4, 5, 6]), (0, 'F', [1, 2, 3, 4, 5, 6]), (7, 'T', [1, 2, 3, 4, 5, 6, 7]), (8, 'T', [1, 2, 3, 4, 5, 6, 7, 8]), (6, 'F', [1, 2, 3, 4, 5, 7, 8]), (9, 'T', [1, 2, 3, 4, 5, 7, 8, 9]), (7, 'F', [1, 2, 3, 4, 5, 8, 9])]
2026-04-26 15:53:09,208 | INFO | [INFO] model initialized on mps in 0.08s
2026-04-26 15:53:09,208 | INFO | ============================================================
2026-04-26 15:53:09,208 | INFO | [INFO] Training Task 0 ...
2026-04-26 15:53:09,208 | INFO | [INFO] task training start: task=0
2026-04-26 15:53:26,360 | INFO | [INFO] task training end: task=0 elapsed=17.15s
2026-04-26 15:53:28,127 | INFO | ============================================================
2026-04-26 15:53:28,127 | INFO | [INFO] Training Task 1 ...
2026-04-26 15:53:28,127 | INFO | [INFO] task training start: task=1
2026-04-26 15:53:50,570 | INFO | [INFO] task training end: task=1 elapsed=22.44s
2026-04-26 15:53:52,208 | INFO | ============================================================
2026-04-26 15:53:52,208 | INFO | [INFO] Training Task 2 ...
2026-04-26 15:53:52,208 | INFO | [INFO] task training start: task=2
2026-04-26 15:54:15,668 | INFO | [INFO] task training end: task=2 elapsed=23.46s
2026-04-26 15:54:17,317 | INFO | ============================================================
2026-04-26 15:54:17,317 | INFO | [INFO] Training Task 3 ...
2026-04-26 15:54:17,317 | INFO | [INFO] task training start: task=3
2026-04-26 15:54:40,931 | INFO | [INFO] task training end: task=3 elapsed=23.61s
2026-04-26 15:54:42,638 | INFO | ============================================================
2026-04-26 15:54:42,638 | INFO | [INFO] Training Task 4 ...
2026-04-26 15:54:42,638 | INFO | [INFO] task training start: task=4
2026-04-26 15:55:07,342 | INFO | [INFO] task training end: task=4 elapsed=24.70s
2026-04-26 15:55:08,992 | INFO | ============================================================
2026-04-26 15:55:08,992 | INFO | [INFO] Training Task 5 ...
2026-04-26 15:55:08,993 | INFO | [INFO] task training start: task=5
2026-04-26 15:55:33,404 | INFO | [INFO] task training end: task=5 elapsed=24.41s
2026-04-26 15:55:35,119 | INFO | ============================================================
2026-04-26 15:55:35,119 | INFO | [INFO] Training Task 6 ...
2026-04-26 15:55:35,119 | INFO | [INFO] task training start: task=6
2026-04-26 15:56:00,738 | INFO | [INFO] task training end: task=6 elapsed=25.62s
2026-04-26 15:56:02,546 | INFO | ============================================================
2026-04-26 15:56:02,546 | INFO | [INFO] Forgetting Task 0 ...
2026-04-26 15:56:04,276 | INFO | [INFO] forgetting start: task=0 remaining_tasks=[1, 2, 3, 4, 5, 6]
2026-04-26 15:56:17,791 | INFO | [INFO] forgetting end: task=0 elapsed=13.51s
2026-04-26 15:56:19,602 | INFO | [INFO] overlap: |S_t|=2234423 |S_share|=1647395 |S_share_crit|=329479 ratios: share=0.7373 crit=0.2000
2026-04-26 15:56:19,602 | INFO | [INFO] unlearning timing: t_reset=0.0014s t_retrain=11.3612s t_forget_total=11.3626s updated_params=1647395
2026-04-26 15:56:19,602 | INFO | [INFO] finetune_diag: {"active_tasks": [1, 2, 3, 4, 5, 6], "deleted_task_id": 0, "num_updated_params": 1647395, "do_finetune": true, "retrain_steps": 50, "retrain_steps_source": "retrain_steps", "retrain_steps_from_cli": true, "allow_zero_retrain": false, "retrain_steps_fallback": null, "buffer_sizes": {"1": 50, "2": 50, "3": 50, "4": 50, "5": 50, "6": 50}}
2026-04-26 15:56:19,603 | INFO | ============================================================
2026-04-26 15:56:19,603 | INFO | [INFO] Training Task 7 ...
2026-04-26 15:56:19,603 | INFO | [INFO] task training start: task=7
2026-04-26 15:56:44,213 | INFO | [INFO] task training end: task=7 elapsed=24.61s
2026-04-26 15:56:45,970 | INFO | ============================================================
2026-04-26 15:56:45,970 | INFO | [INFO] Training Task 8 ...
2026-04-26 15:56:45,970 | INFO | [INFO] task training start: task=8
2026-04-26 15:57:12,163 | INFO | [INFO] task training end: task=8 elapsed=26.19s
2026-04-26 15:57:14,036 | INFO | ============================================================
2026-04-26 15:57:14,036 | INFO | [INFO] Forgetting Task 6 ...
2026-04-26 15:57:15,898 | INFO | [INFO] forgetting start: task=6 remaining_tasks=[1, 2, 3, 4, 5, 7, 8]
2026-04-26 15:57:30,129 | INFO | [INFO] forgetting end: task=6 elapsed=14.23s
2026-04-26 15:57:31,964 | INFO | [INFO] overlap: |S_t|=2234424 |S_share|=1763383 |S_share_crit|=352677 ratios: share=0.7892 crit=0.2000
2026-04-26 15:57:31,964 | INFO | [INFO] unlearning timing: t_reset=0.0018s t_retrain=11.9169s t_forget_total=11.9188s updated_params=1763383
2026-04-26 15:57:31,964 | INFO | [INFO] finetune_diag: {"active_tasks": [1, 2, 3, 4, 5, 7, 8], "deleted_task_id": 6, "num_updated_params": 1763383, "do_finetune": true, "retrain_steps": 50, "retrain_steps_source": "retrain_steps", "retrain_steps_from_cli": true, "allow_zero_retrain": false, "retrain_steps_fallback": null, "buffer_sizes": {"1": 50, "2": 50, "3": 50, "4": 50, "5": 50, "7": 50, "8": 50}}
2026-04-26 15:57:31,965 | INFO | ============================================================
2026-04-26 15:57:31,965 | INFO | [INFO] Training Task 9 ...
2026-04-26 15:57:31,965 | INFO | [INFO] task training start: task=9
2026-04-26 15:57:57,542 | INFO | [INFO] task training end: task=9 elapsed=25.58s
2026-04-26 15:57:59,342 | INFO | ============================================================
2026-04-26 15:57:59,342 | INFO | [INFO] Forgetting Task 7 ...
2026-04-26 15:58:01,089 | INFO | [INFO] forgetting start: task=7 remaining_tasks=[1, 2, 3, 4, 5, 8, 9]
2026-04-26 15:58:14,960 | INFO | [INFO] forgetting end: task=7 elapsed=13.87s
2026-04-26 15:58:16,844 | INFO | [INFO] overlap: |S_t|=2234423 |S_share|=1764240 |S_share_crit|=352848 ratios: share=0.7896 crit=0.2000
2026-04-26 15:58:16,844 | INFO | [INFO] unlearning timing: t_reset=0.0014s t_retrain=11.6456s t_forget_total=11.6470s updated_params=1764240
2026-04-26 15:58:16,844 | INFO | [INFO] finetune_diag: {"active_tasks": [1, 2, 3, 4, 5, 8, 9], "deleted_task_id": 7, "num_updated_params": 1764240, "do_finetune": true, "retrain_steps": 50, "retrain_steps_source": "retrain_steps", "retrain_steps_from_cli": true, "allow_zero_retrain": false, "retrain_steps_fallback": null, "buffer_sizes": {"1": 50, "2": 50, "3": 50, "4": 50, "5": 50, "8": 50, "9": 50}}
2026-04-26 15:58:16,845 | INFO | [INFO] finished processing requests in 307.63s
2026-04-26 15:58:18,224 | INFO | [INFO] wrote overlap matrix to runs/cifar100/T10_F3/pall_modified/seed_0/20260426_155308/overlap.csv
2026-04-26 15:58:18,225 | INFO | [INFO] wrote run report to runs/cifar100/T10_F3/pall_modified/seed_0/20260426_155308/report.md
2026-04-26 15:58:18,225 | INFO | [INFO] total run time: 309.96s
