2026-04-23 15:56:15,723 | INFO | ============================================================
2026-04-23 15:56:15,723 | INFO | [INFO] -- Experiment Configs --
2026-04-23 15:56:15,723 | INFO |        1. data & task
2026-04-23 15:56:15,723 | INFO |           dataset:      cifar100
2026-04-23 15:56:15,723 | INFO |           n_tasks:      10
2026-04-23 15:56:15,723 | INFO |           # class/task: 5
2026-04-23 15:56:15,723 | INFO |        2. training
2026-04-23 15:56:15,723 | INFO |           lr:           0.0100
2026-04-23 15:56:15,723 | INFO |        3. model
2026-04-23 15:56:15,723 | INFO |           method:       pall_modified (modified)
2026-04-23 15:56:15,723 | INFO |           architecture: subnet_resnet18
2026-04-23 15:56:15,723 | INFO |           norm params:  False
2026-04-23 15:56:15,723 | INFO |           device:       mps
2026-04-23 15:56:15,723 | INFO |           host_os:      macOS
2026-04-23 15:56:15,723 | INFO |           dataloader:   num_workers=0 pin_memory=False persistent_workers=False
2026-04-23 15:56:15,723 | INFO |           placement:    batches move in-loop via x.to(mps), y.to(mps)
2026-04-23 15:56:15,723 | INFO |           deterministic:False
2026-04-23 15:56:15,723 | INFO |           run_dir:      runs/cifar100/T10_F3/pall_modified/seed_0/20260423_155615
2026-04-23 15:56:15,723 | INFO | ============================================================
2026-04-23 15:56:16,583 | INFO | [INFO] finish processing data in 0.86s
2026-04-23 15:56:16,583 | INFO | [INFO] request schedule source: file file: /Users/fateme/Documents/Uni/project/my thesis/code/Overlap-Aware-Selective-Forgetting-/schedules/cifar100_t10_f3_seed0.json
2026-04-23 15:56:16,584 | INFO | [INFO] processing user requests: [(0, 'T', [0]), (1, 'T', [0, 1]), (2, 'T', [0, 1, 2]), (3, 'T', [0, 1, 2, 3]), (4, 'T', [0, 1, 2, 3, 4]), (5, 'T', [0, 1, 2, 3, 4, 5]), (6, 'T', [0, 1, 2, 3, 4, 5, 6]), (0, 'F', [1, 2, 3, 4, 5, 6]), (7, 'T', [1, 2, 3, 4, 5, 6, 7]), (8, 'T', [1, 2, 3, 4, 5, 6, 7, 8]), (6, 'F', [1, 2, 3, 4, 5, 7, 8]), (9, 'T', [1, 2, 3, 4, 5, 7, 8, 9]), (7, 'F', [1, 2, 3, 4, 5, 8, 9])]
2026-04-23 15:56:16,650 | INFO | [INFO] model initialized on mps in 0.07s
2026-04-23 15:56:16,651 | INFO | ============================================================
2026-04-23 15:56:16,651 | INFO | [INFO] Training Task 0 ...
2026-04-23 15:56:16,651 | INFO | [INFO] task training start: task=0
2026-04-23 15:56:23,044 | INFO | [INFO] task training end: task=0 elapsed=6.39s
2026-04-23 15:56:24,799 | INFO | ============================================================
2026-04-23 15:56:24,799 | INFO | [INFO] Training Task 1 ...
2026-04-23 15:56:24,799 | INFO | [INFO] task training start: task=1
2026-04-23 15:56:32,805 | INFO | [INFO] task training end: task=1 elapsed=8.01s
2026-04-23 15:56:34,413 | INFO | ============================================================
2026-04-23 15:56:34,413 | INFO | [INFO] Training Task 2 ...
2026-04-23 15:56:34,413 | INFO | [INFO] task training start: task=2
2026-04-23 15:56:42,553 | INFO | [INFO] task training end: task=2 elapsed=8.14s
2026-04-23 15:56:44,172 | INFO | ============================================================
2026-04-23 15:56:44,172 | INFO | [INFO] Training Task 3 ...
2026-04-23 15:56:44,172 | INFO | [INFO] task training start: task=3
2026-04-23 15:56:52,475 | INFO | [INFO] task training end: task=3 elapsed=8.30s
2026-04-23 15:56:54,100 | INFO | ============================================================
2026-04-23 15:56:54,100 | INFO | [INFO] Training Task 4 ...
2026-04-23 15:56:54,100 | INFO | [INFO] task training start: task=4
2026-04-23 15:57:02,562 | INFO | [INFO] task training end: task=4 elapsed=8.46s
2026-04-23 15:57:04,201 | INFO | ============================================================
2026-04-23 15:57:04,201 | INFO | [INFO] Training Task 5 ...
2026-04-23 15:57:04,201 | INFO | [INFO] task training start: task=5
2026-04-23 15:57:12,776 | INFO | [INFO] task training end: task=5 elapsed=8.57s
2026-04-23 15:57:14,478 | INFO | ============================================================
2026-04-23 15:57:14,479 | INFO | [INFO] Training Task 6 ...
2026-04-23 15:57:14,479 | INFO | [INFO] task training start: task=6
2026-04-23 15:57:23,271 | INFO | [INFO] task training end: task=6 elapsed=8.79s
2026-04-23 15:57:24,986 | INFO | ============================================================
2026-04-23 15:57:24,986 | INFO | [INFO] Forgetting Task 0 ...
2026-04-23 15:57:26,640 | INFO | [INFO] forgetting start: task=0 remaining_tasks=[1, 2, 3, 4, 5, 6]
2026-04-23 15:57:39,931 | INFO | [INFO] forgetting end: task=0 elapsed=13.29s
2026-04-23 15:57:41,746 | INFO | [INFO] overlap: |S_t|=2234423 |S_share|=1647314 |S_share_crit|=329463 ratios: share=0.7372 crit=0.2000
2026-04-23 15:57:41,746 | INFO | [INFO] unlearning timing: t_reset=0.0014s t_retrain=11.2099s t_forget_total=11.2113s updated_params=1647314
2026-04-23 15:57:41,746 | INFO | [INFO] finetune_diag: {"active_tasks": [1, 2, 3, 4, 5, 6], "deleted_task_id": 0, "num_updated_params": 1647314, "do_finetune": true, "retrain_steps": 50, "retrain_steps_source": "retrain_steps", "retrain_steps_from_cli": true, "allow_zero_retrain": false, "retrain_steps_fallback": null, "buffer_sizes": {"1": 50, "2": 50, "3": 50, "4": 50, "5": 50, "6": 50}}
2026-04-23 15:57:41,746 | INFO | ============================================================
2026-04-23 15:57:41,747 | INFO | [INFO] Training Task 7 ...
2026-04-23 15:57:41,747 | INFO | [INFO] task training start: task=7
2026-04-23 15:57:50,688 | INFO | [INFO] task training end: task=7 elapsed=8.94s
2026-04-23 15:57:52,488 | INFO | ============================================================
2026-04-23 15:57:52,488 | INFO | [INFO] Training Task 8 ...
2026-04-23 15:57:52,488 | INFO | [INFO] task training start: task=8
2026-04-23 15:58:01,453 | INFO | [INFO] task training end: task=8 elapsed=8.96s
2026-04-23 15:58:03,290 | INFO | ============================================================
2026-04-23 15:58:03,290 | INFO | [INFO] Forgetting Task 6 ...
2026-04-23 15:58:05,043 | INFO | [INFO] forgetting start: task=6 remaining_tasks=[1, 2, 3, 4, 5, 7, 8]
2026-04-23 15:58:18,523 | INFO | [INFO] forgetting end: task=6 elapsed=13.48s
2026-04-23 15:58:20,301 | INFO | [INFO] overlap: |S_t|=2234424 |S_share|=1763247 |S_share_crit|=352650 ratios: share=0.7891 crit=0.2000
2026-04-23 15:58:20,301 | INFO | [INFO] unlearning timing: t_reset=0.0014s t_retrain=11.3216s t_forget_total=11.3229s updated_params=1763247
2026-04-23 15:58:20,301 | INFO | [INFO] finetune_diag: {"active_tasks": [1, 2, 3, 4, 5, 7, 8], "deleted_task_id": 6, "num_updated_params": 1763247, "do_finetune": true, "retrain_steps": 50, "retrain_steps_source": "retrain_steps", "retrain_steps_from_cli": true, "allow_zero_retrain": false, "retrain_steps_fallback": null, "buffer_sizes": {"1": 50, "2": 50, "3": 50, "4": 50, "5": 50, "7": 50, "8": 50}}
2026-04-23 15:58:20,302 | INFO | ============================================================
2026-04-23 15:58:20,302 | INFO | [INFO] Training Task 9 ...
2026-04-23 15:58:20,302 | INFO | [INFO] task training start: task=9
2026-04-23 15:58:29,411 | INFO | [INFO] task training end: task=9 elapsed=9.11s
2026-04-23 15:58:31,277 | INFO | ============================================================
2026-04-23 15:58:31,277 | INFO | [INFO] Forgetting Task 7 ...
2026-04-23 15:58:33,014 | INFO | [INFO] forgetting start: task=7 remaining_tasks=[1, 2, 3, 4, 5, 8, 9]
2026-04-23 15:58:46,437 | INFO | [INFO] forgetting end: task=7 elapsed=13.42s
2026-04-23 15:58:48,218 | INFO | [INFO] overlap: |S_t|=2234423 |S_share|=1764124 |S_share_crit|=352825 ratios: share=0.7895 crit=0.2000
2026-04-23 15:58:48,219 | INFO | [INFO] unlearning timing: t_reset=0.0013s t_retrain=11.2772s t_forget_total=11.2786s updated_params=1764124
2026-04-23 15:58:48,219 | INFO | [INFO] finetune_diag: {"active_tasks": [1, 2, 3, 4, 5, 8, 9], "deleted_task_id": 7, "num_updated_params": 1764124, "do_finetune": true, "retrain_steps": 50, "retrain_steps_source": "retrain_steps", "retrain_steps_from_cli": true, "allow_zero_retrain": false, "retrain_steps_fallback": null, "buffer_sizes": {"1": 50, "2": 50, "3": 50, "4": 50, "5": 50, "8": 50, "9": 50}}
2026-04-23 15:58:48,219 | INFO | [INFO] finished processing requests in 151.56s
2026-04-23 15:58:49,588 | INFO | [INFO] wrote overlap matrix to runs/cifar100/T10_F3/pall_modified/seed_0/20260423_155615/overlap.csv
2026-04-23 15:58:49,589 | INFO | [INFO] wrote run report to runs/cifar100/T10_F3/pall_modified/seed_0/20260423_155615/report.md
2026-04-23 15:58:49,589 | INFO | [INFO] total run time: 153.86s
