2026-02-11 19:42:27,571 | INFO | ============================================================
2026-02-11 19:42:27,571 | INFO | [INFO] -- Experiment Configs --
2026-02-11 19:42:27,571 | INFO |        1. data & task
2026-02-11 19:42:27,571 | INFO |           dataset:      cifar10
2026-02-11 19:42:27,571 | INFO |           n_tasks:      5
2026-02-11 19:42:27,571 | INFO |           # class/task: 2
2026-02-11 19:42:27,571 | INFO |        2. training
2026-02-11 19:42:27,571 | INFO |           lr:           0.0100
2026-02-11 19:42:27,571 | INFO |        3. model
2026-02-11 19:42:27,571 | INFO |           method:       pall_modified (modified)
2026-02-11 19:42:27,571 | INFO |           architecture: subnet_resnet18
2026-02-11 19:42:27,571 | INFO |           norm params:  False
2026-02-11 19:42:27,571 | INFO |           device:       mps
2026-02-11 19:42:27,571 | INFO |           deterministic:True
2026-02-11 19:42:27,571 | INFO |           run_dir:      runs/cifar10/T5_F2/pall_modified/seed_0/20260211_194227
2026-02-11 19:42:27,571 | INFO | ============================================================
2026-02-11 19:42:28,431 | INFO | [INFO] finish processing data
2026-02-11 19:42:28,431 | INFO | [INFO] processing user requests: [(0, 'T', [0]), (1, 'T', [0, 1]), (2, 'T', [0, 1, 2]), (3, 'T', [0, 1, 2, 3]), (3, 'F', [0, 1, 2]), (4, 'T', [0, 1, 2, 4]), (4, 'F', [0, 1, 2])]
2026-02-11 19:42:28,504 | INFO | ============================================================
2026-02-11 19:42:28,504 | INFO | [INFO] Training Task 0 ...
2026-02-11 19:44:39,452 | INFO | ============================================================
2026-02-11 19:44:39,452 | INFO | [INFO] Training Task 1 ...
2026-02-11 19:55:11,044 | INFO | ============================================================
2026-02-11 19:55:11,045 | INFO | [INFO] Training Task 2 ...
2026-02-11 20:12:18,420 | INFO | ============================================================
2026-02-11 20:12:18,421 | INFO | [INFO] Training Task 3 ...
2026-02-11 20:34:42,360 | INFO | ============================================================
2026-02-11 20:34:42,360 | INFO | [INFO] Forgetting Task 3 ...
2026-02-11 21:14:11,004 | INFO | [INFO] overlap: |S_t|=2232889 |S_share|=1088904 |S_share_crit|=1088904 ratios: share=0.4877 crit=1.0000
2026-02-11 21:14:11,006 | INFO | [INFO] unlearning timing: t_reset=0.0019s t_retrain=2358.6084s updated_params=1088904
2026-02-11 21:14:11,007 | INFO | ============================================================
2026-02-11 21:14:11,007 | INFO | [INFO] Training Task 4 ...
2026-02-11 21:36:51,375 | INFO | ============================================================
2026-02-11 21:36:51,377 | INFO | [INFO] Forgetting Task 4 ...
2026-02-11 22:16:17,212 | INFO | [INFO] overlap: |S_t|=2232887 |S_share|=1089095 |S_share_crit|=1089095 ratios: share=0.4878 crit=1.0000
2026-02-11 22:16:17,214 | INFO | [INFO] unlearning timing: t_reset=0.0021s t_retrain=2354.1858s updated_params=1089095
2026-02-11 22:16:17,645 | INFO | [INFO] wrote overlap matrix to runs/cifar10/T5_F2/pall_modified/seed_0/20260211_194227/overlap.csv
