2026-04-23 16:23:15,936 | INFO | ============================================================
2026-04-23 16:23:15,936 | INFO | [INFO] -- Experiment Configs --
2026-04-23 16:23:15,937 | INFO |        1. data & task
2026-04-23 16:23:15,937 | INFO |           dataset:      cifar100
2026-04-23 16:23:15,937 | INFO |           n_tasks:      10
2026-04-23 16:23:15,937 | INFO |           # class/task: 5
2026-04-23 16:23:15,937 | INFO |        2. training
2026-04-23 16:23:15,937 | INFO |           lr:           0.0100
2026-04-23 16:23:15,937 | INFO |        3. model
2026-04-23 16:23:15,937 | INFO |           method:       pall_modified (modified)
2026-04-23 16:23:15,937 | INFO |           architecture: subnet_resnet18
2026-04-23 16:23:15,937 | INFO |           norm params:  False
2026-04-23 16:23:15,937 | INFO |           device:       mps
2026-04-23 16:23:15,937 | INFO |           host_os:      macOS
2026-04-23 16:23:15,937 | INFO |           dataloader:   num_workers=0 pin_memory=False persistent_workers=False
2026-04-23 16:23:15,937 | INFO |           placement:    batches move in-loop via x.to(mps), y.to(mps)
2026-04-23 16:23:15,937 | INFO |           deterministic:False
2026-04-23 16:23:15,937 | INFO |           run_dir:      runs/cifar100/T10_F3/pall_modified/seed_1/20260423_162315
2026-04-23 16:23:15,937 | INFO | ============================================================
2026-04-23 16:23:16,801 | INFO | [INFO] finish processing data in 0.86s
2026-04-23 16:23:16,801 | INFO | [INFO] request schedule source: file file: /Users/fateme/Documents/Uni/project/my thesis/code/Overlap-Aware-Selective-Forgetting-/schedules/cifar100_t10_f3_seed0.json
2026-04-23 16:23:16,801 | INFO | [INFO] processing user requests: [(0, 'T', [0]), (1, 'T', [0, 1]), (2, 'T', [0, 1, 2]), (3, 'T', [0, 1, 2, 3]), (4, 'T', [0, 1, 2, 3, 4]), (5, 'T', [0, 1, 2, 3, 4, 5]), (6, 'T', [0, 1, 2, 3, 4, 5, 6]), (0, 'F', [1, 2, 3, 4, 5, 6]), (7, 'T', [1, 2, 3, 4, 5, 6, 7]), (8, 'T', [1, 2, 3, 4, 5, 6, 7, 8]), (6, 'F', [1, 2, 3, 4, 5, 7, 8]), (9, 'T', [1, 2, 3, 4, 5, 7, 8, 9]), (7, 'F', [1, 2, 3, 4, 5, 8, 9])]
2026-04-23 16:23:16,871 | INFO | [INFO] model initialized on mps in 0.07s
2026-04-23 16:23:16,871 | INFO | ============================================================
2026-04-23 16:23:16,871 | INFO | [INFO] Training Task 0 ...
2026-04-23 16:23:16,871 | INFO | [INFO] task training start: task=0
2026-04-23 16:23:33,578 | INFO | [INFO] task training end: task=0 elapsed=16.71s
2026-04-23 16:23:35,413 | INFO | ============================================================
2026-04-23 16:23:35,413 | INFO | [INFO] Training Task 1 ...
2026-04-23 16:23:35,413 | INFO | [INFO] task training start: task=1
2026-04-23 16:23:57,382 | INFO | [INFO] task training end: task=1 elapsed=21.97s
2026-04-23 16:23:59,094 | INFO | ============================================================
2026-04-23 16:23:59,094 | INFO | [INFO] Training Task 2 ...
2026-04-23 16:23:59,094 | INFO | [INFO] task training start: task=2
2026-04-23 16:24:21,853 | INFO | [INFO] task training end: task=2 elapsed=22.76s
2026-04-23 16:24:23,494 | INFO | ============================================================
2026-04-23 16:24:23,494 | INFO | [INFO] Training Task 3 ...
2026-04-23 16:24:23,494 | INFO | [INFO] task training start: task=3
2026-04-23 16:24:46,567 | INFO | [INFO] task training end: task=3 elapsed=23.07s
2026-04-23 16:24:48,228 | INFO | ============================================================
2026-04-23 16:24:48,228 | INFO | [INFO] Training Task 4 ...
2026-04-23 16:24:48,228 | INFO | [INFO] task training start: task=4
2026-04-23 16:25:12,253 | INFO | [INFO] task training end: task=4 elapsed=24.02s
2026-04-23 16:25:13,906 | INFO | ============================================================
2026-04-23 16:25:13,906 | INFO | [INFO] Training Task 5 ...
2026-04-23 16:25:13,906 | INFO | [INFO] task training start: task=5
2026-04-23 16:25:37,894 | INFO | [INFO] task training end: task=5 elapsed=23.99s
2026-04-23 16:25:39,563 | INFO | ============================================================
2026-04-23 16:25:39,563 | INFO | [INFO] Training Task 6 ...
2026-04-23 16:25:39,563 | INFO | [INFO] task training start: task=6
2026-04-23 16:26:04,084 | INFO | [INFO] task training end: task=6 elapsed=24.52s
2026-04-23 16:26:05,759 | INFO | ============================================================
2026-04-23 16:26:05,759 | INFO | [INFO] Forgetting Task 0 ...
2026-04-23 16:26:07,437 | INFO | [INFO] forgetting start: task=0 remaining_tasks=[1, 2, 3, 4, 5, 6]
2026-04-23 16:26:20,459 | INFO | [INFO] forgetting end: task=0 elapsed=13.02s
2026-04-23 16:26:22,227 | INFO | [INFO] overlap: |S_t|=2234423 |S_share|=1647334 |S_share_crit|=329467 ratios: share=0.7373 crit=0.2000
2026-04-23 16:26:22,227 | INFO | [INFO] unlearning timing: t_reset=0.0014s t_retrain=11.0219s t_forget_total=11.0233s updated_params=1647334
2026-04-23 16:26:22,227 | INFO | [INFO] finetune_diag: {"active_tasks": [1, 2, 3, 4, 5, 6], "deleted_task_id": 0, "num_updated_params": 1647334, "do_finetune": true, "retrain_steps": 50, "retrain_steps_source": "retrain_steps", "retrain_steps_from_cli": true, "allow_zero_retrain": false, "retrain_steps_fallback": null, "buffer_sizes": {"1": 50, "2": 50, "3": 50, "4": 50, "5": 50, "6": 50}}
2026-04-23 16:26:22,228 | INFO | ============================================================
2026-04-23 16:26:22,228 | INFO | [INFO] Training Task 7 ...
2026-04-23 16:26:22,228 | INFO | [INFO] task training start: task=7
2026-04-23 16:26:46,789 | INFO | [INFO] task training end: task=7 elapsed=24.56s
2026-04-23 16:26:48,543 | INFO | ============================================================
2026-04-23 16:26:48,543 | INFO | [INFO] Training Task 8 ...
2026-04-23 16:26:48,543 | INFO | [INFO] task training start: task=8
2026-04-23 16:27:13,192 | INFO | [INFO] task training end: task=8 elapsed=24.65s
2026-04-23 16:27:14,959 | INFO | ============================================================
2026-04-23 16:27:14,959 | INFO | [INFO] Forgetting Task 6 ...
2026-04-23 16:27:16,682 | INFO | [INFO] forgetting start: task=6 remaining_tasks=[1, 2, 3, 4, 5, 7, 8]
2026-04-23 16:27:30,111 | INFO | [INFO] forgetting end: task=6 elapsed=13.43s
2026-04-23 16:27:31,877 | INFO | [INFO] overlap: |S_t|=2234423 |S_share|=1764626 |S_share_crit|=352926 ratios: share=0.7897 crit=0.2000
2026-04-23 16:27:31,877 | INFO | [INFO] unlearning timing: t_reset=0.0014s t_retrain=11.2743s t_forget_total=11.2757s updated_params=1764626
2026-04-23 16:27:31,877 | INFO | [INFO] finetune_diag: {"active_tasks": [1, 2, 3, 4, 5, 7, 8], "deleted_task_id": 6, "num_updated_params": 1764626, "do_finetune": true, "retrain_steps": 50, "retrain_steps_source": "retrain_steps", "retrain_steps_from_cli": true, "allow_zero_retrain": false, "retrain_steps_fallback": null, "buffer_sizes": {"1": 50, "2": 50, "3": 50, "4": 50, "5": 50, "7": 50, "8": 50}}
2026-04-23 16:27:31,878 | INFO | ============================================================
2026-04-23 16:27:31,878 | INFO | [INFO] Training Task 9 ...
2026-04-23 16:27:31,878 | INFO | [INFO] task training start: task=9
2026-04-23 16:27:56,525 | INFO | [INFO] task training end: task=9 elapsed=24.65s
2026-04-23 16:27:58,300 | INFO | ============================================================
2026-04-23 16:27:58,300 | INFO | [INFO] Forgetting Task 7 ...
2026-04-23 16:28:00,027 | INFO | [INFO] forgetting start: task=7 remaining_tasks=[1, 2, 3, 4, 5, 8, 9]
2026-04-23 16:28:13,540 | INFO | [INFO] forgetting end: task=7 elapsed=13.51s
2026-04-23 16:28:15,324 | INFO | [INFO] overlap: |S_t|=2234423 |S_share|=1764520 |S_share_crit|=352905 ratios: share=0.7897 crit=0.2000
2026-04-23 16:28:15,324 | INFO | [INFO] unlearning timing: t_reset=0.0014s t_retrain=11.3408s t_forget_total=11.3421s updated_params=1764520
2026-04-23 16:28:15,324 | INFO | [INFO] finetune_diag: {"active_tasks": [1, 2, 3, 4, 5, 8, 9], "deleted_task_id": 7, "num_updated_params": 1764520, "do_finetune": true, "retrain_steps": 50, "retrain_steps_source": "retrain_steps", "retrain_steps_from_cli": true, "allow_zero_retrain": false, "retrain_steps_fallback": null, "buffer_sizes": {"1": 50, "2": 50, "3": 50, "4": 50, "5": 50, "8": 50, "9": 50}}
2026-04-23 16:28:15,325 | INFO | [INFO] finished processing requests in 298.45s
2026-04-23 16:28:16,723 | INFO | [INFO] wrote overlap matrix to runs/cifar100/T10_F3/pall_modified/seed_1/20260423_162315/overlap.csv
2026-04-23 16:28:16,724 | INFO | [INFO] wrote run report to runs/cifar100/T10_F3/pall_modified/seed_1/20260423_162315/report.md
2026-04-23 16:28:16,724 | INFO | [INFO] total run time: 300.78s
