2026-02-11 02:54:18,100 | INFO | ============================================================
2026-02-11 02:54:18,100 | INFO | [INFO] -- Experiment Configs --
2026-02-11 02:54:18,100 | INFO |        1. data & task
2026-02-11 02:54:18,100 | INFO |           dataset:      cifar10
2026-02-11 02:54:18,100 | INFO |           n_tasks:      2
2026-02-11 02:54:18,100 | INFO |           # class/task: 2
2026-02-11 02:54:18,100 | INFO |        2. training
2026-02-11 02:54:18,100 | INFO |           lr:           0.0100
2026-02-11 02:54:18,100 | INFO |        3. model
2026-02-11 02:54:18,100 | INFO |           method:       pall_original (original)
2026-02-11 02:54:18,100 | INFO |           architecture: subnet_resnet18
2026-02-11 02:54:18,100 | INFO |           norm params:  False
2026-02-11 02:54:18,100 | INFO |           device:       mps
2026-02-11 02:54:18,100 | INFO |           deterministic:True
2026-02-11 02:54:18,100 | INFO |           run_dir:      runs/cifar10/T2_F1/pall_original/seed_0/20260211_025418
2026-02-11 02:54:18,100 | INFO | ============================================================
2026-02-11 02:54:18,953 | INFO | [INFO] finish processing data
2026-02-11 02:54:18,953 | INFO | [INFO] processing user requests: [(0, 'T', [0]), (1, 'T', [0, 1]), (1, 'F', [0])]
2026-02-11 02:54:19,026 | INFO | ============================================================
2026-02-11 02:54:19,027 | INFO | [INFO] Training Task 0 ...
2026-02-11 02:54:58,257 | INFO | ============================================================
2026-02-11 02:54:58,258 | INFO | [INFO] Training Task 1 ...
2026-02-11 02:58:09,424 | INFO | ============================================================
2026-02-11 02:58:09,425 | INFO | [INFO] Forgetting Task 1 ...
2026-02-11 02:58:13,385 | INFO | [INFO] overlap: |S_t|=2232887 |S_share|=446101 |S_share_crit|=446101 ratios: share=0.1998 crit=1.0000
2026-02-11 02:58:13,385 | INFO | [INFO] unlearning timing: t_reset=0.0019s t_retrain=0.0000s updated_params=0
2026-02-11 02:58:13,457 | INFO | [INFO] wrote overlap matrix to runs/cifar10/T2_F1/pall_original/seed_0/20260211_025418/overlap.csv
