2026-04-23 13:22:11,996 | INFO | ============================================================
2026-04-23 13:22:11,996 | INFO | [INFO] -- Experiment Configs --
2026-04-23 13:22:11,996 | INFO |        1. data & task
2026-04-23 13:22:11,996 | INFO |           dataset:      cifar10
2026-04-23 13:22:11,996 | INFO |           n_tasks:      5
2026-04-23 13:22:11,996 | INFO |           # class/task: 2
2026-04-23 13:22:11,996 | INFO |        2. training
2026-04-23 13:22:11,996 | INFO |           lr:           0.0100
2026-04-23 13:22:11,996 | INFO |        3. model
2026-04-23 13:22:11,996 | INFO |           method:       pall_original (original)
2026-04-23 13:22:11,996 | INFO |           architecture: subnet_resnet18
2026-04-23 13:22:11,996 | INFO |           norm params:  False
2026-04-23 13:22:11,996 | INFO |           device:       mps
2026-04-23 13:22:11,996 | INFO |           host_os:      macOS
2026-04-23 13:22:11,996 | INFO |           dataloader:   num_workers=0 pin_memory=False persistent_workers=False
2026-04-23 13:22:11,996 | INFO |           placement:    batches move in-loop via x.to(mps), y.to(mps)
2026-04-23 13:22:11,996 | INFO |           deterministic:False
2026-04-23 13:22:11,996 | INFO |           run_dir:      runs/cifar10/T5_F3/pall_original/seed_0/20260423_132211
2026-04-23 13:22:11,996 | INFO | ============================================================
2026-04-23 13:22:12,835 | INFO | [INFO] finish processing data in 0.84s
2026-04-23 13:22:12,836 | INFO | [INFO] request schedule source: file file: /Users/fateme/Documents/Uni/project/my thesis/code/Overlap-Aware-Selective-Forgetting-/schedules/test_schedule.json
2026-04-23 13:22:12,836 | INFO | [INFO] processing user requests: [(0, 'T', [0]), (1, 'T', [0, 1]), (2, 'T', [0, 1, 2]), (3, 'T', [0, 1, 2, 3]), (4, 'T', [0, 1, 2, 3, 4]), (3, 'F', [0, 1, 2, 4])]
2026-04-23 13:22:12,903 | INFO | [INFO] model initialized on mps in 0.07s
2026-04-23 13:22:12,903 | INFO | ============================================================
2026-04-23 13:22:12,903 | INFO | [INFO] Training Task 0 ...
2026-04-23 13:22:12,903 | INFO | [INFO] task training start: task=0
2026-04-23 13:23:15,725 | INFO | [INFO] task training end: task=0 elapsed=62.82s
2026-04-23 13:23:19,017 | INFO | ============================================================
2026-04-23 13:23:19,017 | INFO | [INFO] Training Task 1 ...
2026-04-23 13:23:19,017 | INFO | [INFO] task training start: task=1
2026-04-23 13:24:46,703 | INFO | [INFO] task training end: task=1 elapsed=87.68s
2026-04-23 13:24:49,995 | INFO | ============================================================
2026-04-23 13:24:49,995 | INFO | [INFO] Training Task 2 ...
2026-04-23 13:24:49,995 | INFO | [INFO] task training start: task=2
2026-04-23 13:26:19,303 | INFO | [INFO] task training end: task=2 elapsed=89.31s
2026-04-23 13:26:22,607 | INFO | ============================================================
2026-04-23 13:26:22,607 | INFO | [INFO] Training Task 3 ...
2026-04-23 13:26:22,607 | INFO | [INFO] task training start: task=3
2026-04-23 13:27:55,012 | INFO | [INFO] task training end: task=3 elapsed=92.40s
2026-04-23 13:27:58,347 | INFO | ============================================================
2026-04-23 13:27:58,347 | INFO | [INFO] Training Task 4 ...
2026-04-23 13:27:58,347 | INFO | [INFO] task training start: task=4
2026-04-23 13:29:32,996 | INFO | [INFO] task training end: task=4 elapsed=94.65s
2026-04-23 13:29:36,357 | INFO | ============================================================
2026-04-23 13:29:36,357 | INFO | [INFO] Forgetting Task 3 ...
2026-04-23 13:29:39,684 | INFO | [INFO] forgetting start: task=3 remaining_tasks=[0, 1, 2, 4]
2026-04-23 13:29:43,428 | INFO | [INFO] forgetting end: task=3 elapsed=3.74s
2026-04-23 13:29:46,754 | INFO | [INFO] overlap: |S_t|=2232887 |S_share|=1317794 |S_share_crit|=1317794 ratios: share=0.5902 crit=1.0000
2026-04-23 13:29:46,754 | INFO | [INFO] unlearning timing: t_reset=0.0014s t_retrain=0.2591s t_forget_total=0.2605s updated_params=1317794
2026-04-23 13:29:46,754 | INFO | [INFO] finetune_diag: {"active_tasks": [0, 1, 2, 4], "deleted_task_id": 3, "num_updated_params": 1317794, "do_finetune": true, "retrain_steps": 1, "retrain_steps_source": "k_shot", "retrain_steps_from_cli": false, "allow_zero_retrain": false, "retrain_steps_fallback": null, "buffer_sizes": {"0": 100, "1": 100, "2": 100, "4": 100}}
2026-04-23 13:29:46,755 | INFO | [INFO] finished processing requests in 453.84s
2026-04-23 13:29:46,757 | INFO | [INFO] wrote run report to runs/cifar10/T5_F3/pall_original/seed_0/20260423_132211/report.md
2026-04-23 13:29:46,757 | INFO | [INFO] total run time: 454.75s
