2026-02-12 00:27:34,033 | INFO | ============================================================
2026-02-12 00:27:34,034 | INFO | [INFO] -- Experiment Configs --
2026-02-12 00:27:34,034 | INFO |        1. data & task
2026-02-12 00:27:34,034 | INFO |           dataset:      cifar10
2026-02-12 00:27:34,034 | INFO |           n_tasks:      2
2026-02-12 00:27:34,034 | INFO |           # class/task: 2
2026-02-12 00:27:34,034 | INFO |        2. training
2026-02-12 00:27:34,034 | INFO |           lr:           0.0100
2026-02-12 00:27:34,034 | INFO |        3. model
2026-02-12 00:27:34,034 | INFO |           method:       pall_original (original)
2026-02-12 00:27:34,034 | INFO |           architecture: subnet_resnet18
2026-02-12 00:27:34,034 | INFO |           norm params:  False
2026-02-12 00:27:34,034 | INFO |           device:       mps
2026-02-12 00:27:34,034 | INFO |           deterministic:True
2026-02-12 00:27:34,034 | INFO |           run_dir:      runs/cifar10/T2_F1/pall_original/seed_0/20260212_002734
2026-02-12 00:27:34,034 | INFO | ============================================================
2026-02-12 00:27:34,877 | INFO | [INFO] finish processing data
2026-02-12 00:27:34,877 | INFO | [INFO] processing user requests: [(0, 'T', [0]), (1, 'T', [0, 1]), (1, 'F', [0])]
2026-02-12 00:27:34,952 | INFO | ============================================================
2026-02-12 00:27:34,952 | INFO | [INFO] Training Task 0 ...
2026-02-12 00:28:36,580 | INFO | ============================================================
2026-02-12 00:28:36,580 | INFO | [INFO] Training Task 1 ...
2026-02-12 00:32:57,331 | INFO | ============================================================
2026-02-12 00:32:57,332 | INFO | [INFO] Forgetting Task 1 ...
2026-02-12 00:43:08,328 | INFO | [INFO] overlap: |S_t|=2232888 |S_share|=446083 |S_share_crit|=446083 ratios: share=0.1998 crit=1.0000
2026-02-12 00:43:08,330 | INFO | [INFO] unlearning timing: t_reset=0.0020s t_retrain=607.0938s updated_params=446083
2026-02-12 00:43:08,330 | INFO | [INFO] finetune_diag: {"active_tasks": [0], "deleted_task_id": 1, "num_updated_params": 446083, "do_finetune": true, "retrain_steps": 50, "retrain_steps_source": "retrain_steps", "retrain_steps_from_cli": true, "allow_zero_retrain": false, "retrain_steps_fallback": null, "buffer_sizes": {"0": 100}}
2026-02-12 00:43:08,410 | INFO | [INFO] wrote overlap matrix to runs/cifar10/T2_F1/pall_original/seed_0/20260212_002734/overlap.csv
