2026-02-11 23:27:42,180 | INFO | ============================================================
2026-02-11 23:27:42,180 | INFO | [INFO] -- Experiment Configs --
2026-02-11 23:27:42,180 | INFO |        1. data & task
2026-02-11 23:27:42,180 | INFO |           dataset:      cifar10
2026-02-11 23:27:42,180 | INFO |           n_tasks:      2
2026-02-11 23:27:42,180 | INFO |           # class/task: 2
2026-02-11 23:27:42,180 | INFO |        2. training
2026-02-11 23:27:42,180 | INFO |           lr:           0.0100
2026-02-11 23:27:42,180 | INFO |        3. model
2026-02-11 23:27:42,180 | INFO |           method:       pall_original (original)
2026-02-11 23:27:42,180 | INFO |           architecture: subnet_resnet18
2026-02-11 23:27:42,180 | INFO |           norm params:  False
2026-02-11 23:27:42,180 | INFO |           device:       mps
2026-02-11 23:27:42,180 | INFO |           deterministic:True
2026-02-11 23:27:42,181 | INFO |           run_dir:      runs/cifar10/T2_F1/pall_original/seed_0/20260211_232742
2026-02-11 23:27:42,181 | INFO | ============================================================
2026-02-11 23:27:43,061 | INFO | [INFO] finish processing data
2026-02-11 23:27:43,061 | INFO | [INFO] processing user requests: [(0, 'T', [0]), (1, 'T', [0, 1]), (1, 'F', [0])]
2026-02-11 23:27:43,152 | INFO | ============================================================
2026-02-11 23:27:43,153 | INFO | [INFO] Training Task 0 ...
2026-02-11 23:28:45,067 | INFO | ============================================================
2026-02-11 23:28:45,067 | INFO | [INFO] Training Task 1 ...
2026-02-11 23:33:05,395 | INFO | ============================================================
2026-02-11 23:33:05,395 | INFO | [INFO] Forgetting Task 1 ...
2026-02-11 23:43:16,352 | INFO | [INFO] overlap: |S_t|=2232888 |S_share|=446083 |S_share_crit|=446083 ratios: share=0.1998 crit=1.0000
2026-02-11 23:43:16,352 | INFO | [INFO] unlearning timing: t_reset=0.0019s t_retrain=606.9607s updated_params=446083
2026-02-11 23:43:16,352 | INFO | [INFO] finetune_diag: {"active_tasks": [0], "deleted_task_id": 1, "num_updated_params": 446083, "do_finetune": true, "retrain_steps": 50, "retrain_steps_source": "retrain_steps", "retrain_steps_from_cli": true, "buffer_sizes": {"0": 100}}
2026-02-11 23:43:16,434 | INFO | [INFO] wrote overlap matrix to runs/cifar10/T2_F1/pall_original/seed_0/20260211_232742/overlap.csv
